{"name": "test_comment_button", "status": "passed", "steps": [{"name": "Open product page", "status": "passed", "steps": [{"name": "Open main page", "status": "passed", "steps": [{"name": "Open page", "status": "passed", "start": 1723993530888, "stop": 1723993543325}], "start": 1723993530888, "stop": 1723993543325}, {"name": "Go to laptops page", "status": "passed", "steps": [{"name": "Click element on element", "status": "passed", "steps": [{"name": "Get element", "status": "passed", "start": 1723993543325, "stop": 1723993543627}], "start": 1723993543325, "stop": 1723993544880}], "start": 1723993543325, "stop": 1723993544880}, {"name": "Close privacy window", "status": "passed", "steps": [{"name": "Click element on element", "status": "passed", "steps": [{"name": "Get element", "status": "passed", "start": 1723993544880, "stop": 1723993545099}], "start": 1723993544880, "stop": 1723993545451}], "start": 1723993544880, "stop": 1723993545451}, {"name": "Get name of first product", "status": "passed", "steps": [{"name": "Get text of element", "status": "passed", "steps": [{"name": "Get element", "status": "passed", "start": 1723993545451, "stop": 1723993545521}], "start": 1723993545451, "stop": 1723993545538}], "start": 1723993545451, "stop": 1723993545538}, {"name": "Open first product", "status": "passed", "steps": [{"name": "Click element on element", "status": "passed", "steps": [{"name": "Get element", "status": "passed", "start": 1723993545538, "stop": 1723993545601}], "start": 1723993545538, "stop": 1723993547292}], "start": 1723993545538, "stop": 1723993547292}], "start": 1723993530888, "stop": 1723993547292}, {"name": "Close privacy window", "status": "passed", "steps": [{"name": "Click element on element", "status": "broken", "statusDetails": {"message": "selenium.common.exceptions.TimeoutException: Message: \nStacktrace:\nRemoteError@chrome://remote/content/shared/RemoteError.sys.mjs:8:8\nWebDriverError@chrome://remote/content/shared/webdriver/Errors.sys.mjs:193:5\nNoSuchElementError@chrome://remote/content/shared/webdriver/Errors.sys.mjs:511:5\ndom.find/</<@chrome://remote/content/shared/DOM.sys.mjs:136:16\n\n", "trace": "  File \"D:\\PycharmProjects\\Alza_diplom\\pages\\base_page.py\", line 27, in click\n    element = self.get_element(locator)\n              ^^^^^^^^^^^^^^^^^^^^^^^^^\n  File \"D:\\PycharmProjects\\Alza_diplom\\pages\\base_page.py\", line 22, in get_element\n    element = WebDriverWait(self.driver, 10).until(EC.element_to_be_clickable(locator))\n              ^^^^^^^^^^^^^^^^^^^^^^^^^^^^^^^^^^^^^^^^^^^^^^^^^^^^^^^^^^^^^^^^^^^^^^^^^\n  File \"D:\\PycharmProjects\\Alza_diplom\\.venv\\Lib\\site-packages\\selenium\\webdriver\\support\\wait.py\", line 105, in until\n    raise TimeoutException(message, screen, stacktrace)\n"}, "steps": [{"name": "Get element", "status": "broken", "statusDetails": {"message": "selenium.common.exceptions.TimeoutException: Message: \nStacktrace:\nRemoteError@chrome://remote/content/shared/RemoteError.sys.mjs:8:8\nWebDriverError@chrome://remote/content/shared/webdriver/Errors.sys.mjs:193:5\nNoSuchElementError@chrome://remote/content/shared/webdriver/Errors.sys.mjs:511:5\ndom.find/</<@chrome://remote/content/shared/DOM.sys.mjs:136:16\n\n", "trace": "  File \"D:\\PycharmProjects\\Alza_diplom\\pages\\base_page.py\", line 22, in get_element\n    element = WebDriverWait(self.driver, 10).until(EC.element_to_be_clickable(locator))\n              ^^^^^^^^^^^^^^^^^^^^^^^^^^^^^^^^^^^^^^^^^^^^^^^^^^^^^^^^^^^^^^^^^^^^^^^^^\n  File \"D:\\PycharmProjects\\Alza_diplom\\.venv\\Lib\\site-packages\\selenium\\webdriver\\support\\wait.py\", line 105, in until\n    raise TimeoutException(message, screen, stacktrace)\n"}, "start": 1723993547292, "stop": 1723993557619}], "start": 1723993547292, "stop": 1723993557644}], "start": 1723993547292, "stop": 1723993557645}, {"name": "Click comment button", "status": "passed", "steps": [{"name": "Click element on element", "status": "passed", "steps": [{"name": "Get element", "status": "passed", "start": 1723993557645, "stop": 1723993557673}], "start": 1723993557645, "stop": 1723993558766}], "start": 1723993557645, "stop": 1723993558766}, {"name": "Assert login is opened", "status": "passed", "steps": [{"name": "Get element", "status": "passed", "start": 1723993558766, "stop": 1723993558795}, {"name": "Get element", "status": "passed", "start": 1723993558795, "stop": 1723993558811}, {"name": "Get element", "status": "passed", "start": 1723993558811, "stop": 1723993558827}], "start": 1723993558766, "stop": 1723993558827}], "start": 1723993530888, "stop": 1723993558827, "uuid": "8991093f-87ea-4cdb-b402-9f36a1b99312", "historyId": "0379864cf475c4e7574635d7301a12d0", "testCaseId": "0379864cf475c4e7574635d7301a12d0", "fullName": "tests.test_product#test_comment_button", "labels": [{"name": "feature", "value": "Product page"}, {"name": "parentSuite", "value": "tests"}, {"name": "suite", "value": "test_product"}, {"name": "host", "value": "arret"}, {"name": "thread", "value": "8656-MainThread"}, {"name": "framework", "value": "pytest"}, {"name": "language", "value": "cpython3"}, {"name": "package", "value": "tests.test_product"}]}