{"name": "test_comment_button", "status": "passed", "steps": [{"name": "Open product page", "status": "passed", "steps": [{"name": "Open main page", "status": "passed", "steps": [{"name": "Open page", "status": "passed", "start": 1723821820341, "stop": 1723821825068}], "start": 1723821820341, "stop": 1723821825068}, {"name": "Go to laptops page", "status": "passed", "steps": [{"name": "Click element on element", "status": "passed", "steps": [{"name": "Get element", "status": "passed", "start": 1723821825068, "stop": 1723821825352}], "start": 1723821825068, "stop": 1723821828123}], "start": 1723821825068, "stop": 1723821828123}, {"name": "Close privacy window", "status": "passed", "steps": [{"name": "Click element on element", "status": "passed", "steps": [{"name": "Get element", "status": "passed", "start": 1723821828124, "stop": 1723821828417}], "start": 1723821828124, "stop": 1723821828822}], "start": 1723821828123, "stop": 1723821828822}, {"name": "Get name of first product", "status": "passed", "steps": [{"name": "Get text of element", "status": "passed", "steps": [{"name": "Get element", "status": "passed", "start": 1723821828822, "stop": 1723821829598}], "start": 1723821828822, "stop": 1723821829609}], "start": 1723821828822, "stop": 1723821829609}, {"name": "Open first product", "status": "passed", "steps": [{"name": "Click element on element", "status": "passed", "steps": [{"name": "Get element", "status": "passed", "start": 1723821829609, "stop": 1723821829631}], "start": 1723821829609, "stop": 1723821836170}], "start": 1723821829609, "stop": 1723821836170}], "start": 1723821820341, "stop": 1723821836171}, {"name": "Close privacy window", "status": "passed", "steps": [{"name": "Click element on element", "status": "broken", "statusDetails": {"message": "selenium.common.exceptions.TimeoutException: Message: \nStacktrace:\nRemoteError@chrome://remote/content/shared/RemoteError.sys.mjs:8:8\nWebDriverError@chrome://remote/content/shared/webdriver/Errors.sys.mjs:193:5\nNoSuchElementError@chrome://remote/content/shared/webdriver/Errors.sys.mjs:511:5\ndom.find/</<@chrome://remote/content/shared/DOM.sys.mjs:136:16\n\n", "trace": "  File \"D:\\PycharmProjects\\Alza_diplom\\pages\\base_page.py\", line 27, in click\n    element = self.get_element(locator)\n              ^^^^^^^^^^^^^^^^^^^^^^^^^\n  File \"D:\\PycharmProjects\\Alza_diplom\\pages\\base_page.py\", line 22, in get_element\n    element = WebDriverWait(self.driver, 10).until(EC.element_to_be_clickable(locator))\n              ^^^^^^^^^^^^^^^^^^^^^^^^^^^^^^^^^^^^^^^^^^^^^^^^^^^^^^^^^^^^^^^^^^^^^^^^^\n  File \"D:\\PycharmProjects\\Alza_diplom\\.venv\\Lib\\site-packages\\selenium\\webdriver\\support\\wait.py\", line 105, in until\n    raise TimeoutException(message, screen, stacktrace)\n"}, "steps": [{"name": "Get element", "status": "broken", "statusDetails": {"message": "selenium.common.exceptions.TimeoutException: Message: \nStacktrace:\nRemoteError@chrome://remote/content/shared/RemoteError.sys.mjs:8:8\nWebDriverError@chrome://remote/content/shared/webdriver/Errors.sys.mjs:193:5\nNoSuchElementError@chrome://remote/content/shared/webdriver/Errors.sys.mjs:511:5\ndom.find/</<@chrome://remote/content/shared/DOM.sys.mjs:136:16\n\n", "trace": "  File \"D:\\PycharmProjects\\Alza_diplom\\pages\\base_page.py\", line 22, in get_element\n    element = WebDriverWait(self.driver, 10).until(EC.element_to_be_clickable(locator))\n              ^^^^^^^^^^^^^^^^^^^^^^^^^^^^^^^^^^^^^^^^^^^^^^^^^^^^^^^^^^^^^^^^^^^^^^^^^\n  File \"D:\\PycharmProjects\\Alza_diplom\\.venv\\Lib\\site-packages\\selenium\\webdriver\\support\\wait.py\", line 105, in until\n    raise TimeoutException(message, screen, stacktrace)\n"}, "start": 1723821836171, "stop": 1723821846374}], "start": 1723821836171, "stop": 1723821846375}], "start": 1723821836171, "stop": 1723821846376}, {"name": "Click comment button", "status": "passed", "steps": [{"name": "Click element on element", "status": "passed", "steps": [{"name": "Get element", "status": "passed", "start": 1723821846376, "stop": 1723821846394}], "start": 1723821846376, "stop": 1723821847897}], "start": 1723821846376, "stop": 1723821847897}, {"name": "Assert login is opened", "status": "passed", "steps": [{"name": "Get element", "status": "passed", "start": 1723821847898, "stop": 1723821847931}, {"name": "Get element", "status": "passed", "start": 1723821847931, "stop": 1723821847948}, {"name": "Get element", "status": "passed", "start": 1723821847948, "stop": 1723821847965}], "start": 1723821847898, "stop": 1723821847965}], "start": 1723821820340, "stop": 1723821847965, "uuid": "08059416-89d4-4925-9b45-4f60e899e334", "historyId": "0379864cf475c4e7574635d7301a12d0", "testCaseId": "0379864cf475c4e7574635d7301a12d0", "fullName": "tests.test_product#test_comment_button", "labels": [{"name": "feature", "value": "Product page"}, {"name": "parentSuite", "value": "tests"}, {"name": "suite", "value": "test_product"}, {"name": "host", "value": "arret"}, {"name": "thread", "value": "8520-MainThread"}, {"name": "framework", "value": "pytest"}, {"name": "language", "value": "cpython3"}, {"name": "package", "value": "tests.test_product"}]}