{"name": "test_delivery_search", "status": "passed", "steps": [{"name": "Open product page", "status": "passed", "steps": [{"name": "Open main page", "status": "passed", "steps": [{"name": "Open page", "status": "passed", "start": 1723821917429, "stop": 1723821923080}], "start": 1723821917429, "stop": 1723821923080}, {"name": "Go to laptops page", "status": "passed", "steps": [{"name": "Click element on element", "status": "passed", "steps": [{"name": "Get element", "status": "passed", "start": 1723821923081, "stop": 1723821923239}], "start": 1723821923081, "stop": 1723821925045}], "start": 1723821923080, "stop": 1723821925045}, {"name": "Close privacy window", "status": "passed", "steps": [{"name": "Click element on element", "status": "passed", "steps": [{"name": "Get element", "status": "passed", "start": 1723821925045, "stop": 1723821925246}], "start": 1723821925045, "stop": 1723821925631}], "start": 1723821925045, "stop": 1723821925631}, {"name": "Get name of first product", "status": "passed", "steps": [{"name": "Get text of element", "status": "passed", "steps": [{"name": "Get element", "status": "passed", "start": 1723821925631, "stop": 1723821925839}], "start": 1723821925631, "stop": 1723821925856}], "start": 1723821925631, "stop": 1723821925856}, {"name": "Open first product", "status": "passed", "steps": [{"name": "Click element on element", "status": "passed", "steps": [{"name": "Get element", "status": "passed", "start": 1723821925857, "stop": 1723821925906}], "start": 1723821925857, "stop": 1723821927296}], "start": 1723821925857, "stop": 1723821927296}], "start": 1723821917429, "stop": 1723821927296}, {"name": "Click to delivery title", "status": "passed", "steps": [{"name": "Close privacy window", "status": "passed", "steps": [{"name": "Click element on element", "status": "broken", "statusDetails": {"message": "selenium.common.exceptions.TimeoutException: Message: \nStacktrace:\nRemoteError@chrome://remote/content/shared/RemoteError.sys.mjs:8:8\nWebDriverError@chrome://remote/content/shared/webdriver/Errors.sys.mjs:193:5\nNoSuchElementError@chrome://remote/content/shared/webdriver/Errors.sys.mjs:511:5\ndom.find/</<@chrome://remote/content/shared/DOM.sys.mjs:136:16\n\n", "trace": "  File \"D:\\PycharmProjects\\Alza_diplom\\pages\\base_page.py\", line 27, in click\n    element = self.get_element(locator)\n              ^^^^^^^^^^^^^^^^^^^^^^^^^\n  File \"D:\\PycharmProjects\\Alza_diplom\\pages\\base_page.py\", line 22, in get_element\n    element = WebDriverWait(self.driver, 10).until(EC.element_to_be_clickable(locator))\n              ^^^^^^^^^^^^^^^^^^^^^^^^^^^^^^^^^^^^^^^^^^^^^^^^^^^^^^^^^^^^^^^^^^^^^^^^^\n  File \"D:\\PycharmProjects\\Alza_diplom\\.venv\\Lib\\site-packages\\selenium\\webdriver\\support\\wait.py\", line 105, in until\n    raise TimeoutException(message, screen, stacktrace)\n"}, "steps": [{"name": "Get element", "status": "broken", "statusDetails": {"message": "selenium.common.exceptions.TimeoutException: Message: \nStacktrace:\nRemoteError@chrome://remote/content/shared/RemoteError.sys.mjs:8:8\nWebDriverError@chrome://remote/content/shared/webdriver/Errors.sys.mjs:193:5\nNoSuchElementError@chrome://remote/content/shared/webdriver/Errors.sys.mjs:511:5\ndom.find/</<@chrome://remote/content/shared/DOM.sys.mjs:136:16\n\n", "trace": "  File \"D:\\PycharmProjects\\Alza_diplom\\pages\\base_page.py\", line 22, in get_element\n    element = WebDriverWait(self.driver, 10).until(EC.element_to_be_clickable(locator))\n              ^^^^^^^^^^^^^^^^^^^^^^^^^^^^^^^^^^^^^^^^^^^^^^^^^^^^^^^^^^^^^^^^^^^^^^^^^\n  File \"D:\\PycharmProjects\\Alza_diplom\\.venv\\Lib\\site-packages\\selenium\\webdriver\\support\\wait.py\", line 105, in until\n    raise TimeoutException(message, screen, stacktrace)\n"}, "start": 1723821927297, "stop": 1723821937659}], "start": 1723821927297, "stop": 1723821937659}], "start": 1723821927297, "stop": 1723821937660}, {"name": "Click element on element", "status": "passed", "steps": [{"name": "Get element", "status": "passed", "start": 1723821937660, "stop": 1723821937680}], "start": 1723821937660, "stop": 1723821937946}], "start": 1723821927297, "stop": 1723821937946}, {"name": "Search address for delivery", "status": "passed", "steps": [{"name": "Fill element with text", "status": "passed", "steps": [{"name": "Get element", "status": "passed", "start": 1723821937946, "stop": 1723821938467}], "start": 1723821937946, "stop": 1723821938506}], "start": 1723821937946, "stop": 1723821938506}, {"name": "Choose address for delivery", "status": "passed", "steps": [{"name": "Fill element with text", "status": "passed", "steps": [{"name": "Get element", "status": "passed", "start": 1723821940506, "stop": 1723821940526}], "start": 1723821940506, "stop": 1723821940530}, {"name": "Fill element with text", "status": "passed", "steps": [{"name": "Get element", "status": "passed", "start": 1723821940530, "stop": 1723821940547}], "start": 1723821940530, "stop": 1723821940630}], "start": 1723821940506, "stop": 1723821940630}, {"name": "Assert that delivery search works", "status": "passed", "steps": [{"name": "Get element", "status": "passed", "start": 1723821942631, "stop": 1723821942646}], "start": 1723821942631, "stop": 1723821942646}], "start": 1723821917429, "stop": 1723821942646, "uuid": "f7efc771-76e0-40e3-9612-ecd94690f9f5", "historyId": "0e2b4bc5ae98d63e9cf25e896fa20752", "testCaseId": "0e2b4bc5ae98d63e9cf25e896fa20752", "fullName": "tests.test_product#test_delivery_search", "labels": [{"name": "feature", "value": "Product page"}, {"name": "parentSuite", "value": "tests"}, {"name": "suite", "value": "test_product"}, {"name": "host", "value": "arret"}, {"name": "thread", "value": "8520-MainThread"}, {"name": "framework", "value": "pytest"}, {"name": "language", "value": "cpython3"}, {"name": "package", "value": "tests.test_product"}]}