{"name": "test_disabled_plus_button", "status": "broken", "statusDetails": {"message": "selenium.common.exceptions.TimeoutException: Message: \nStacktrace:\n\tGetHandleVerifier [0x002B8923+23283]\n\t(No symbol) [0x0027E934]\n\t(No symbol) [0x001B0733]\n\t(No symbol) [0x001F326F]\n\t(No symbol) [0x001F34AB]\n\t(No symbol) [0x0022EE42]\n\t(No symbol) [0x00214464]\n\t(No symbol) [0x0022CB8D]\n\t(No symbol) [0x002141B6]\n\t(No symbol) [0x001E8017]\n\t(No symbol) [0x001E890D]\n\tGetHandleVerifier [0x003AA5F3+1013699]\n\tGetHandleVerifier [0x003B3E4C+1052700]\n\tGetHandleVerifier [0x003AD4B4+1025668]\n\tGetHandleVerifier [0x002DEA2B+179195]\n\t(No symbol) [0x00286833]\n\t(No symbol) [0x00283198]\n\t(No symbol) [0x00283337]\n\t(No symbol) [0x0027B4BE]\n\tBaseThreadInitThunk [0x76D47BA9+25]\n\tRtlInitializeExceptionChain [0x77BEC10B+107]\n\tRtlClearBits [0x77BEC08F+191]\n\t(No symbol) [0x00000000]", "trace": "driver = <selenium.webdriver.chrome.webdriver.WebDriver (session=\"78143da23fbef4e2527cba65f24c3d26\")>\n\n    @allure.feature('Basket')\n    def test_disabled_plus_button(driver):\n        main_page = MainPage(driver)\n        main_page.buy_first_product()\n        header_element = HeaderElement(driver)\n        header_element.open_basket()\n    \n        basket_page = BasketPage(driver)\n>       limit = basket_page.get_limit_of_product()\n\ntests\\test_basket.py:65: \n_ _ _ _ _ _ _ _ _ _ _ _ _ _ _ _ _ _ _ _ _ _ _ _ _ _ _ _ _ _ _ _ _ _ _ _ \npages\\basket_page.py:29: in get_limit_of_product\n    self.click(self.PLUS_BUTTON)\npages\\base_page.py:27: in click\n    element = self.get_element(locator)\npages\\base_page.py:22: in get_element\n    element = WebDriverWait(self.driver, 10).until(EC.element_to_be_clickable(locator))\n_ _ _ _ _ _ _ _ _ _ _ _ _ _ _ _ _ _ _ _ _ _ _ _ _ _ _ _ _ _ _ _ _ _ _ _ \n\nself = <selenium.webdriver.support.wait.WebDriverWait (session=\"78143da23fbef4e2527cba65f24c3d26\")>\nmethod = <function element_to_be_clickable.<locals>._predicate at 0x0000018DB7207060>\nmessage = ''\n\n    def until(self, method: Callable[[D], Union[Literal[False], T]], message: str = \"\") -> T:\n        \"\"\"Calls the method provided with the driver as an argument until the \\\n        return value does not evaluate to ``False``.\n    \n        :param method: callable(WebDriver)\n        :param message: optional message for :exc:`TimeoutException`\n        :returns: the result of the last call to `method`\n        :raises: :exc:`selenium.common.exceptions.TimeoutException` if timeout occurs\n        \"\"\"\n        screen = None\n        stacktrace = None\n    \n        end_time = time.monotonic() + self._timeout\n        while True:\n            try:\n                value = method(self._driver)\n                if value:\n                    return value\n            except self._ignored_exceptions as exc:\n                screen = getattr(exc, \"screen\", None)\n                stacktrace = getattr(exc, \"stacktrace\", None)\n            time.sleep(self._poll)\n            if time.monotonic() > end_time:\n                break\n>       raise TimeoutException(message, screen, stacktrace)\nE       selenium.common.exceptions.TimeoutException: Message: \nE       Stacktrace:\nE       \tGetHandleVerifier [0x002B8923+23283]\nE       \t(No symbol) [0x0027E934]\nE       \t(No symbol) [0x001B0733]\nE       \t(No symbol) [0x001F326F]\nE       \t(No symbol) [0x001F34AB]\nE       \t(No symbol) [0x0022EE42]\nE       \t(No symbol) [0x00214464]\nE       \t(No symbol) [0x0022CB8D]\nE       \t(No symbol) [0x002141B6]\nE       \t(No symbol) [0x001E8017]\nE       \t(No symbol) [0x001E890D]\nE       \tGetHandleVerifier [0x003AA5F3+1013699]\nE       \tGetHandleVerifier [0x003B3E4C+1052700]\nE       \tGetHandleVerifier [0x003AD4B4+1025668]\nE       \tGetHandleVerifier [0x002DEA2B+179195]\nE       \t(No symbol) [0x00286833]\nE       \t(No symbol) [0x00283198]\nE       \t(No symbol) [0x00283337]\nE       \t(No symbol) [0x0027B4BE]\nE       \tBaseThreadInitThunk [0x76D47BA9+25]\nE       \tRtlInitializeExceptionChain [0x77BEC10B+107]\nE       \tRtlClearBits [0x77BEC08F+191]\nE       \t(No symbol) [0x00000000]\n\n.venv\\Lib\\site-packages\\selenium\\webdriver\\support\\wait.py:105: TimeoutException"}, "steps": [{"name": "Buy first product", "status": "passed", "steps": [{"name": "Open main page", "status": "passed", "steps": [{"name": "Open page", "status": "passed", "start": 1723817629455, "stop": 1723817633147}], "start": 1723817629455, "stop": 1723817633147}, {"name": "Take item to basket", "status": "passed", "steps": [{"name": "Go to laptops page", "status": "passed", "steps": [{"name": "Click element on element", "status": "passed", "steps": [{"name": "Get element", "status": "passed", "start": 1723817633148, "stop": 1723817633210}], "start": 1723817633148, "stop": 1723817634633}], "start": 1723817633148, "stop": 1723817634633}, {"name": "Close privacy window", "status": "passed", "steps": [{"name": "Click element on element", "status": "passed", "steps": [{"name": "Get element", "status": "passed", "start": 1723817634633, "stop": 1723817634818}], "start": 1723817634633, "stop": 1723817635144}], "start": 1723817634633, "stop": 1723817635144}, {"name": "Click element on element", "status": "passed", "steps": [{"name": "Get element", "status": "passed", "start": 1723817635144, "stop": 1723817635206}], "start": 1723817635144, "stop": 1723817635292}], "start": 1723817633148, "stop": 1723817637293}], "start": 1723817629455, "stop": 1723817637293}, {"name": "Click element on element", "status": "passed", "steps": [{"name": "Get element", "status": "passed", "start": 1723817637293, "stop": 1723817637329}], "start": 1723817637293, "stop": 1723817639244}, {"name": "Getting max limit of product", "status": "broken", "statusDetails": {"message": "selenium.common.exceptions.TimeoutException: Message: \nStacktrace:\n\tGetHandleVerifier [0x002B8923+23283]\n\t(No symbol) [0x0027E934]\n\t(No symbol) [0x001B0733]\n\t(No symbol) [0x001F326F]\n\t(No symbol) [0x001F34AB]\n\t(No symbol) [0x0022EE42]\n\t(No symbol) [0x00214464]\n\t(No symbol) [0x0022CB8D]\n\t(No symbol) [0x002141B6]\n\t(No symbol) [0x001E8017]\n\t(No symbol) [0x001E890D]\n\tGetHandleVerifier [0x003AA5F3+1013699]\n\tGetHandleVerifier [0x003B3E4C+1052700]\n\tGetHandleVerifier [0x003AD4B4+1025668]\n\tGetHandleVerifier [0x002DEA2B+179195]\n\t(No symbol) [0x00286833]\n\t(No symbol) [0x00283198]\n\t(No symbol) [0x00283337]\n\t(No symbol) [0x0027B4BE]\n\tBaseThreadInitThunk [0x76D47BA9+25]\n\tRtlInitializeExceptionChain [0x77BEC10B+107]\n\tRtlClearBits [0x77BEC08F+191]\n\t(No symbol) [0x00000000]\n\n", "trace": "  File \"D:\\PycharmProjects\\Alza_diplom\\pages\\basket_page.py\", line 29, in get_limit_of_product\n    self.click(self.PLUS_BUTTON)\n  File \"D:\\PycharmProjects\\Alza_diplom\\pages\\base_page.py\", line 27, in click\n    element = self.get_element(locator)\n              ^^^^^^^^^^^^^^^^^^^^^^^^^\n  File \"D:\\PycharmProjects\\Alza_diplom\\pages\\base_page.py\", line 22, in get_element\n    element = WebDriverWait(self.driver, 10).until(EC.element_to_be_clickable(locator))\n              ^^^^^^^^^^^^^^^^^^^^^^^^^^^^^^^^^^^^^^^^^^^^^^^^^^^^^^^^^^^^^^^^^^^^^^^^^\n  File \"D:\\PycharmProjects\\Alza_diplom\\.venv\\Lib\\site-packages\\selenium\\webdriver\\support\\wait.py\", line 105, in until\n    raise TimeoutException(message, screen, stacktrace)\n"}, "steps": [{"name": "Click element on element", "status": "broken", "statusDetails": {"message": "selenium.common.exceptions.TimeoutException: Message: \nStacktrace:\n\tGetHandleVerifier [0x002B8923+23283]\n\t(No symbol) [0x0027E934]\n\t(No symbol) [0x001B0733]\n\t(No symbol) [0x001F326F]\n\t(No symbol) [0x001F34AB]\n\t(No symbol) [0x0022EE42]\n\t(No symbol) [0x00214464]\n\t(No symbol) [0x0022CB8D]\n\t(No symbol) [0x002141B6]\n\t(No symbol) [0x001E8017]\n\t(No symbol) [0x001E890D]\n\tGetHandleVerifier [0x003AA5F3+1013699]\n\tGetHandleVerifier [0x003B3E4C+1052700]\n\tGetHandleVerifier [0x003AD4B4+1025668]\n\tGetHandleVerifier [0x002DEA2B+179195]\n\t(No symbol) [0x00286833]\n\t(No symbol) [0x00283198]\n\t(No symbol) [0x00283337]\n\t(No symbol) [0x0027B4BE]\n\tBaseThreadInitThunk [0x76D47BA9+25]\n\tRtlInitializeExceptionChain [0x77BEC10B+107]\n\tRtlClearBits [0x77BEC08F+191]\n\t(No symbol) [0x00000000]\n\n", "trace": "  File \"D:\\PycharmProjects\\Alza_diplom\\pages\\base_page.py\", line 27, in click\n    element = self.get_element(locator)\n              ^^^^^^^^^^^^^^^^^^^^^^^^^\n  File \"D:\\PycharmProjects\\Alza_diplom\\pages\\base_page.py\", line 22, in get_element\n    element = WebDriverWait(self.driver, 10).until(EC.element_to_be_clickable(locator))\n              ^^^^^^^^^^^^^^^^^^^^^^^^^^^^^^^^^^^^^^^^^^^^^^^^^^^^^^^^^^^^^^^^^^^^^^^^^\n  File \"D:\\PycharmProjects\\Alza_diplom\\.venv\\Lib\\site-packages\\selenium\\webdriver\\support\\wait.py\", line 105, in until\n    raise TimeoutException(message, screen, stacktrace)\n"}, "steps": [{"name": "Get element", "status": "broken", "statusDetails": {"message": "selenium.common.exceptions.TimeoutException: Message: \nStacktrace:\n\tGetHandleVerifier [0x002B8923+23283]\n\t(No symbol) [0x0027E934]\n\t(No symbol) [0x001B0733]\n\t(No symbol) [0x001F326F]\n\t(No symbol) [0x001F34AB]\n\t(No symbol) [0x0022EE42]\n\t(No symbol) [0x00214464]\n\t(No symbol) [0x0022CB8D]\n\t(No symbol) [0x002141B6]\n\t(No symbol) [0x001E8017]\n\t(No symbol) [0x001E890D]\n\tGetHandleVerifier [0x003AA5F3+1013699]\n\tGetHandleVerifier [0x003B3E4C+1052700]\n\tGetHandleVerifier [0x003AD4B4+1025668]\n\tGetHandleVerifier [0x002DEA2B+179195]\n\t(No symbol) [0x00286833]\n\t(No symbol) [0x00283198]\n\t(No symbol) [0x00283337]\n\t(No symbol) [0x0027B4BE]\n\tBaseThreadInitThunk [0x76D47BA9+25]\n\tRtlInitializeExceptionChain [0x77BEC10B+107]\n\tRtlClearBits [0x77BEC08F+191]\n\t(No symbol) [0x00000000]\n\n", "trace": "  File \"D:\\PycharmProjects\\Alza_diplom\\pages\\base_page.py\", line 22, in get_element\n    element = WebDriverWait(self.driver, 10).until(EC.element_to_be_clickable(locator))\n              ^^^^^^^^^^^^^^^^^^^^^^^^^^^^^^^^^^^^^^^^^^^^^^^^^^^^^^^^^^^^^^^^^^^^^^^^^\n  File \"D:\\PycharmProjects\\Alza_diplom\\.venv\\Lib\\site-packages\\selenium\\webdriver\\support\\wait.py\", line 105, in until\n    raise TimeoutException(message, screen, stacktrace)\n"}, "start": 1723817639244, "stop": 1723817649498}], "start": 1723817639244, "stop": 1723817649522}], "start": 1723817639244, "stop": 1723817649523}], "attachments": [{"name": "log", "source": "38265ddf-83e6-4972-a7d8-b2041ed26dfc-attachment.txt", "type": "text/plain"}], "start": 1723817629455, "stop": 1723817649532, "uuid": "f1547e25-ee4c-46b9-84c8-a4bb755e9a35", "historyId": "3b87e4d7aad5973e6551356c5308f7bc", "testCaseId": "3b87e4d7aad5973e6551356c5308f7bc", "fullName": "tests.test_basket#test_disabled_plus_button", "labels": [{"name": "feature", "value": "Basket"}, {"name": "parentSuite", "value": "tests"}, {"name": "suite", "value": "test_basket"}, {"name": "host", "value": "arret"}, {"name": "thread", "value": "8872-MainThread"}, {"name": "framework", "value": "pytest"}, {"name": "language", "value": "cpython3"}, {"name": "package", "value": "tests.test_basket"}]}