{"name": "test_buy_button", "status": "passed", "steps": [{"name": "Open product page", "status": "passed", "steps": [{"name": "Open main page", "status": "passed", "steps": [{"name": "Open page", "status": "passed", "start": 1723741918518, "stop": 1723741923038}], "start": 1723741918518, "stop": 1723741923038}, {"name": "Go to laptops page", "status": "passed", "steps": [{"name": "Click element on element", "status": "passed", "steps": [{"name": "Get element", "status": "passed", "start": 1723741923038, "stop": 1723741923099}], "start": 1723741923038, "stop": 1723741924872}], "start": 1723741923038, "stop": 1723741924872}, {"name": "Close privacy window", "status": "passed", "steps": [{"name": "Click element on element", "status": "passed", "steps": [{"name": "Get element", "status": "passed", "start": 1723741924873, "stop": 1723741925097}], "start": 1723741924872, "stop": 1723741925150}], "start": 1723741924872, "stop": 1723741925150}, {"name": "Get name of first product", "status": "passed", "steps": [{"name": "Get text of element", "status": "passed", "steps": [{"name": "Get element", "status": "passed", "start": 1723741925150, "stop": 1723741925469}], "start": 1723741925150, "stop": 1723741925492}], "start": 1723741925150, "stop": 1723741925492}, {"name": "Open first product", "status": "passed", "steps": [{"name": "Click element on element", "status": "passed", "steps": [{"name": "Get element", "status": "passed", "start": 1723741925492, "stop": 1723741925523}], "start": 1723741925492, "stop": 1723741927022}], "start": 1723741925492, "stop": 1723741927022}], "start": 1723741918518, "stop": 1723741927022}, {"name": "Buy products", "status": "passed", "steps": [{"name": "Close privacy window", "status": "passed", "steps": [{"name": "Click element on element", "status": "broken", "statusDetails": {"message": "selenium.common.exceptions.TimeoutException: Message: \nStacktrace:\n\tGetHandleVerifier [0x00C98923+23283]\n\t(No symbol) [0x00C5E934]\n\t(No symbol) [0x00B90733]\n\t(No symbol) [0x00BD326F]\n\t(No symbol) [0x00BD34AB]\n\t(No symbol) [0x00C0EE42]\n\t(No symbol) [0x00BF4464]\n\t(No symbol) [0x00C0CB8D]\n\t(No symbol) [0x00BF41B6]\n\t(No symbol) [0x00BC8017]\n\t(No symbol) [0x00BC890D]\n\tGetHandleVerifier [0x00D8A5F3+1013699]\n\tGetHandleVerifier [0x00D93E4C+1052700]\n\tGetHandleVerifier [0x00D8D4B4+1025668]\n\tGetHandleVerifier [0x00CBEA2B+179195]\n\t(No symbol) [0x00C66833]\n\t(No symbol) [0x00C63198]\n\t(No symbol) [0x00C63337]\n\t(No symbol) [0x00C5B4BE]\n\tBaseThreadInitThunk [0x76D47BA9+25]\n\tRtlInitializeExceptionChain [0x77BEC10B+107]\n\tRtlClearBits [0x77BEC08F+191]\n\n", "trace": "  File \"D:\\PycharmProjects\\Alza_diplom\\pages\\base_page.py\", line 27, in click\n    element = self.get_element(locator)\n              ^^^^^^^^^^^^^^^^^^^^^^^^^\n  File \"D:\\PycharmProjects\\Alza_diplom\\pages\\base_page.py\", line 22, in get_element\n    element = WebDriverWait(self.driver, 10).until(EC.element_to_be_clickable(locator))\n              ^^^^^^^^^^^^^^^^^^^^^^^^^^^^^^^^^^^^^^^^^^^^^^^^^^^^^^^^^^^^^^^^^^^^^^^^^\n  File \"D:\\PycharmProjects\\Alza_diplom\\.venv\\Lib\\site-packages\\selenium\\webdriver\\support\\wait.py\", line 105, in until\n    raise TimeoutException(message, screen, stacktrace)\n"}, "steps": [{"name": "Get element", "status": "broken", "statusDetails": {"message": "selenium.common.exceptions.TimeoutException: Message: \nStacktrace:\n\tGetHandleVerifier [0x00C98923+23283]\n\t(No symbol) [0x00C5E934]\n\t(No symbol) [0x00B90733]\n\t(No symbol) [0x00BD326F]\n\t(No symbol) [0x00BD34AB]\n\t(No symbol) [0x00C0EE42]\n\t(No symbol) [0x00BF4464]\n\t(No symbol) [0x00C0CB8D]\n\t(No symbol) [0x00BF41B6]\n\t(No symbol) [0x00BC8017]\n\t(No symbol) [0x00BC890D]\n\tGetHandleVerifier [0x00D8A5F3+1013699]\n\tGetHandleVerifier [0x00D93E4C+1052700]\n\tGetHandleVerifier [0x00D8D4B4+1025668]\n\tGetHandleVerifier [0x00CBEA2B+179195]\n\t(No symbol) [0x00C66833]\n\t(No symbol) [0x00C63198]\n\t(No symbol) [0x00C63337]\n\t(No symbol) [0x00C5B4BE]\n\tBaseThreadInitThunk [0x76D47BA9+25]\n\tRtlInitializeExceptionChain [0x77BEC10B+107]\n\tRtlClearBits [0x77BEC08F+191]\n\n", "trace": "  File \"D:\\PycharmProjects\\Alza_diplom\\pages\\base_page.py\", line 22, in get_element\n    element = WebDriverWait(self.driver, 10).until(EC.element_to_be_clickable(locator))\n              ^^^^^^^^^^^^^^^^^^^^^^^^^^^^^^^^^^^^^^^^^^^^^^^^^^^^^^^^^^^^^^^^^^^^^^^^^\n  File \"D:\\PycharmProjects\\Alza_diplom\\.venv\\Lib\\site-packages\\selenium\\webdriver\\support\\wait.py\", line 105, in until\n    raise TimeoutException(message, screen, stacktrace)\n"}, "start": 1723741927022, "stop": 1723741937496}], "start": 1723741927022, "stop": 1723741937496}], "start": 1723741927022, "stop": 1723741937496}, {"name": "Click element on element", "status": "passed", "steps": [{"name": "Get element", "status": "passed", "start": 1723741937496, "stop": 1723741937524}], "start": 1723741937496, "stop": 1723741939343}, {"name": "Click element on element", "status": "broken", "statusDetails": {"message": "selenium.common.exceptions.TimeoutException: Message: \nStacktrace:\n\tGetHandleVerifier [0x00C98923+23283]\n\t(No symbol) [0x00C5E934]\n\t(No symbol) [0x00B90733]\n\t(No symbol) [0x00BD326F]\n\t(No symbol) [0x00BD34AB]\n\t(No symbol) [0x00C0EE42]\n\t(No symbol) [0x00BF4464]\n\t(No symbol) [0x00C0CB8D]\n\t(No symbol) [0x00BF41B6]\n\t(No symbol) [0x00BC8017]\n\t(No symbol) [0x00BC890D]\n\tGetHandleVerifier [0x00D8A5F3+1013699]\n\tGetHandleVerifier [0x00D93E4C+1052700]\n\tGetHandleVerifier [0x00D8D4B4+1025668]\n\tGetHandleVerifier [0x00CBEA2B+179195]\n\t(No symbol) [0x00C66833]\n\t(No symbol) [0x00C63198]\n\t(No symbol) [0x00C63337]\n\t(No symbol) [0x00C5B4BE]\n\tBaseThreadInitThunk [0x76D47BA9+25]\n\tRtlInitializeExceptionChain [0x77BEC10B+107]\n\tRtlClearBits [0x77BEC08F+191]\n\n", "trace": "  File \"D:\\PycharmProjects\\Alza_diplom\\pages\\base_page.py\", line 27, in click\n    element = self.get_element(locator)\n              ^^^^^^^^^^^^^^^^^^^^^^^^^\n  File \"D:\\PycharmProjects\\Alza_diplom\\pages\\base_page.py\", line 22, in get_element\n    element = WebDriverWait(self.driver, 10).until(EC.element_to_be_clickable(locator))\n              ^^^^^^^^^^^^^^^^^^^^^^^^^^^^^^^^^^^^^^^^^^^^^^^^^^^^^^^^^^^^^^^^^^^^^^^^^\n  File \"D:\\PycharmProjects\\Alza_diplom\\.venv\\Lib\\site-packages\\selenium\\webdriver\\support\\wait.py\", line 105, in until\n    raise TimeoutException(message, screen, stacktrace)\n"}, "steps": [{"name": "Get element", "status": "broken", "statusDetails": {"message": "selenium.common.exceptions.TimeoutException: Message: \nStacktrace:\n\tGetHandleVerifier [0x00C98923+23283]\n\t(No symbol) [0x00C5E934]\n\t(No symbol) [0x00B90733]\n\t(No symbol) [0x00BD326F]\n\t(No symbol) [0x00BD34AB]\n\t(No symbol) [0x00C0EE42]\n\t(No symbol) [0x00BF4464]\n\t(No symbol) [0x00C0CB8D]\n\t(No symbol) [0x00BF41B6]\n\t(No symbol) [0x00BC8017]\n\t(No symbol) [0x00BC890D]\n\tGetHandleVerifier [0x00D8A5F3+1013699]\n\tGetHandleVerifier [0x00D93E4C+1052700]\n\tGetHandleVerifier [0x00D8D4B4+1025668]\n\tGetHandleVerifier [0x00CBEA2B+179195]\n\t(No symbol) [0x00C66833]\n\t(No symbol) [0x00C63198]\n\t(No symbol) [0x00C63337]\n\t(No symbol) [0x00C5B4BE]\n\tBaseThreadInitThunk [0x76D47BA9+25]\n\tRtlInitializeExceptionChain [0x77BEC10B+107]\n\tRtlClearBits [0x77BEC08F+191]\n\n", "trace": "  File \"D:\\PycharmProjects\\Alza_diplom\\pages\\base_page.py\", line 22, in get_element\n    element = WebDriverWait(self.driver, 10).until(EC.element_to_be_clickable(locator))\n              ^^^^^^^^^^^^^^^^^^^^^^^^^^^^^^^^^^^^^^^^^^^^^^^^^^^^^^^^^^^^^^^^^^^^^^^^^\n  File \"D:\\PycharmProjects\\Alza_diplom\\.venv\\Lib\\site-packages\\selenium\\webdriver\\support\\wait.py\", line 105, in until\n    raise TimeoutException(message, screen, stacktrace)\n"}, "start": 1723741939343, "stop": 1723741949626}], "start": 1723741939343, "stop": 1723741949626}], "start": 1723741927022, "stop": 1723741949627}, {"name": "Assert cross sell page", "status": "passed", "steps": [{"name": "Get element", "status": "passed", "start": 1723741949627, "stop": 1723741949669}], "start": 1723741949627, "stop": 1723741949669}], "attachments": [{"name": "log", "source": "e9856cf2-6023-4774-abe6-69d543f7fc9d-attachment.txt", "type": "text/plain"}, {"name": "stdout", "source": "ff73341a-50ed-4653-8486-a5ea21406c35-attachment.txt", "type": "text/plain"}], "start": 1723741918518, "stop": 1723741949669, "uuid": "ce2134dd-d22d-4729-8d78-c92e21d02179", "historyId": "68189f8057644649ee49eae513550dba", "testCaseId": "68189f8057644649ee49eae513550dba", "fullName": "tests.test_product#test_buy_button", "labels": [{"name": "feature", "value": "Product page"}, {"name": "parentSuite", "value": "tests"}, {"name": "suite", "value": "test_product"}, {"name": "host", "value": "arret"}, {"name": "thread", "value": "3460-MainThread"}, {"name": "framework", "value": "pytest"}, {"name": "language", "value": "cpython3"}, {"name": "package", "value": "tests.test_product"}]}