{"name": "test_buy_button", "status": "passed", "steps": [{"name": "Open product page", "status": "passed", "steps": [{"name": "Open main page", "status": "passed", "steps": [{"name": "Open page", "status": "passed", "start": 1723998131052, "stop": 1723998136035}], "start": 1723998131052, "stop": 1723998136035}, {"name": "Go to laptops page", "status": "passed", "steps": [{"name": "Click element on element", "status": "passed", "steps": [{"name": "Get element", "status": "passed", "start": 1723998136035, "stop": 1723998136116}], "start": 1723998136035, "stop": 1723998137677}], "start": 1723998136035, "stop": 1723998137677}, {"name": "Close privacy window", "status": "passed", "steps": [{"name": "Click element on element", "status": "passed", "steps": [{"name": "Get element", "status": "passed", "start": 1723998137677, "stop": 1723998137886}], "start": 1723998137677, "stop": 1723998138287}], "start": 1723998137677, "stop": 1723998138287}, {"name": "Get name of first product", "status": "passed", "steps": [{"name": "Get text of element", "status": "passed", "steps": [{"name": "Get element", "status": "passed", "start": 1723998138288, "stop": 1723998138324}], "start": 1723998138288, "stop": 1723998138339}], "start": 1723998138288, "stop": 1723998138339}, {"name": "Open first product", "status": "passed", "steps": [{"name": "Click element on element", "status": "passed", "steps": [{"name": "Get element", "status": "passed", "start": 1723998138340, "stop": 1723998138366}], "start": 1723998138340, "stop": 1723998140460}], "start": 1723998138339, "stop": 1723998140460}], "start": 1723998131052, "stop": 1723998140460}, {"name": "Buy products", "status": "passed", "steps": [{"name": "Close privacy window", "status": "passed", "steps": [{"name": "Click element on element", "status": "passed", "steps": [{"name": "Get element", "status": "passed", "start": 1723998140460, "stop": 1723998140764}], "start": 1723998140460, "stop": 1723998140824}], "start": 1723998140460, "stop": 1723998140824}, {"name": "Click element on element", "status": "passed", "steps": [{"name": "Get element", "status": "passed", "start": 1723998140824, "stop": 1723998140873}], "start": 1723998140824, "stop": 1723998144518}, {"name": "Click element on element", "status": "broken", "statusDetails": {"message": "selenium.common.exceptions.TimeoutException: Message: \nStacktrace:\n\tGetHandleVerifier [0x00C48923+23283]\n\t(No symbol) [0x00C0E934]\n\t(No symbol) [0x00B40733]\n\t(No symbol) [0x00B8326F]\n\t(No symbol) [0x00B834AB]\n\t(No symbol) [0x00BBEE42]\n\t(No symbol) [0x00BA4464]\n\t(No symbol) [0x00BBCB8D]\n\t(No symbol) [0x00BA41B6]\n\t(No symbol) [0x00B78017]\n\t(No symbol) [0x00B7890D]\n\tGetHandleVerifier [0x00D3A5F3+1013699]\n\tGetHandleVerifier [0x00D43E4C+1052700]\n\tGetHandleVerifier [0x00D3D4B4+1025668]\n\tGetHandleVerifier [0x00C6EA2B+179195]\n\t(No symbol) [0x00C16833]\n\t(No symbol) [0x00C13198]\n\t(No symbol) [0x00C13337]\n\t(No symbol) [0x00C0B4BE]\n\tBaseThreadInitThunk [0x76D47BA9+25]\n\tRtlInitializeExceptionChain [0x77BEC10B+107]\n\tRtlClearBits [0x77BEC08F+191]\n\n", "trace": "  File \"D:\\PycharmProjects\\Alza_diplom\\pages\\base_page.py\", line 27, in click\n    element = self.get_element(locator)\n              ^^^^^^^^^^^^^^^^^^^^^^^^^\n  File \"D:\\PycharmProjects\\Alza_diplom\\pages\\base_page.py\", line 22, in get_element\n    element = WebDriverWait(self.driver, 10).until(EC.element_to_be_clickable(locator))\n              ^^^^^^^^^^^^^^^^^^^^^^^^^^^^^^^^^^^^^^^^^^^^^^^^^^^^^^^^^^^^^^^^^^^^^^^^^\n  File \"D:\\PycharmProjects\\Alza_diplom\\.venv\\Lib\\site-packages\\selenium\\webdriver\\support\\wait.py\", line 105, in until\n    raise TimeoutException(message, screen, stacktrace)\n"}, "steps": [{"name": "Get element", "status": "broken", "statusDetails": {"message": "selenium.common.exceptions.TimeoutException: Message: \nStacktrace:\n\tGetHandleVerifier [0x00C48923+23283]\n\t(No symbol) [0x00C0E934]\n\t(No symbol) [0x00B40733]\n\t(No symbol) [0x00B8326F]\n\t(No symbol) [0x00B834AB]\n\t(No symbol) [0x00BBEE42]\n\t(No symbol) [0x00BA4464]\n\t(No symbol) [0x00BBCB8D]\n\t(No symbol) [0x00BA41B6]\n\t(No symbol) [0x00B78017]\n\t(No symbol) [0x00B7890D]\n\tGetHandleVerifier [0x00D3A5F3+1013699]\n\tGetHandleVerifier [0x00D43E4C+1052700]\n\tGetHandleVerifier [0x00D3D4B4+1025668]\n\tGetHandleVerifier [0x00C6EA2B+179195]\n\t(No symbol) [0x00C16833]\n\t(No symbol) [0x00C13198]\n\t(No symbol) [0x00C13337]\n\t(No symbol) [0x00C0B4BE]\n\tBaseThreadInitThunk [0x76D47BA9+25]\n\tRtlInitializeExceptionChain [0x77BEC10B+107]\n\tRtlClearBits [0x77BEC08F+191]\n\n", "trace": "  File \"D:\\PycharmProjects\\Alza_diplom\\pages\\base_page.py\", line 22, in get_element\n    element = WebDriverWait(self.driver, 10).until(EC.element_to_be_clickable(locator))\n              ^^^^^^^^^^^^^^^^^^^^^^^^^^^^^^^^^^^^^^^^^^^^^^^^^^^^^^^^^^^^^^^^^^^^^^^^^\n  File \"D:\\PycharmProjects\\Alza_diplom\\.venv\\Lib\\site-packages\\selenium\\webdriver\\support\\wait.py\", line 105, in until\n    raise TimeoutException(message, screen, stacktrace)\n"}, "start": 1723998144518, "stop": 1723998154878}], "start": 1723998144518, "stop": 1723998154878}], "start": 1723998140460, "stop": 1723998154878}, {"name": "Assert cross sell page", "status": "passed", "steps": [{"name": "Get element", "status": "passed", "start": 1723998154878, "stop": 1723998154913}], "start": 1723998154878, "stop": 1723998154913}], "attachments": [{"name": "log", "source": "757bd7de-d4f9-4862-9528-137d2ee66843-attachment.txt", "type": "text/plain"}, {"name": "stdout", "source": "a423c17d-0f84-4ebc-a8ec-5bbae6f99356-attachment.txt", "type": "text/plain"}], "start": 1723998131051, "stop": 1723998154913, "uuid": "44bddcc9-f2b3-4702-b4ad-e1b49b505073", "historyId": "68189f8057644649ee49eae513550dba", "testCaseId": "68189f8057644649ee49eae513550dba", "fullName": "tests.test_product#test_buy_button", "labels": [{"name": "feature", "value": "Product page"}, {"name": "parentSuite", "value": "tests"}, {"name": "suite", "value": "test_product"}, {"name": "host", "value": "arret"}, {"name": "thread", "value": "5008-MainThread"}, {"name": "framework", "value": "pytest"}, {"name": "language", "value": "cpython3"}, {"name": "package", "value": "tests.test_product"}]}