{"name": "test_buy_button", "status": "passed", "steps": [{"name": "Open product page", "status": "passed", "steps": [{"name": "Open main page", "status": "passed", "steps": [{"name": "Open page", "status": "passed", "start": 1723819322529, "stop": 1723819326813}], "start": 1723819322529, "stop": 1723819326814}, {"name": "Go to laptops page", "status": "passed", "steps": [{"name": "Click element on element", "status": "passed", "steps": [{"name": "Get element", "status": "passed", "start": 1723819326814, "stop": 1723819326874}], "start": 1723819326814, "stop": 1723819328621}], "start": 1723819326814, "stop": 1723819328621}, {"name": "Close privacy window", "status": "passed", "steps": [{"name": "Click element on element", "status": "passed", "steps": [{"name": "Get element", "status": "passed", "start": 1723819328622, "stop": 1723819329021}], "start": 1723819328622, "stop": 1723819329070}], "start": 1723819328622, "stop": 1723819329070}, {"name": "Get name of first product", "status": "passed", "steps": [{"name": "Get text of element", "status": "passed", "steps": [{"name": "Get element", "status": "passed", "start": 1723819329070, "stop": 1723819329109}], "start": 1723819329070, "stop": 1723819329124}], "start": 1723819329070, "stop": 1723819329124}, {"name": "Open first product", "status": "passed", "steps": [{"name": "Click element on element", "status": "passed", "steps": [{"name": "Get element", "status": "passed", "start": 1723819329124, "stop": 1723819329153}], "start": 1723819329124, "stop": 1723819330610}], "start": 1723819329124, "stop": 1723819330610}], "start": 1723819322529, "stop": 1723819330610}, {"name": "Buy products", "status": "passed", "steps": [{"name": "Close privacy window", "status": "passed", "steps": [{"name": "Click element on element", "status": "broken", "statusDetails": {"message": "selenium.common.exceptions.TimeoutException: Message: \nStacktrace:\n\tGetHandleVerifier [0x002B8923+23283]\n\t(No symbol) [0x0027E934]\n\t(No symbol) [0x001B0733]\n\t(No symbol) [0x001F326F]\n\t(No symbol) [0x001F34AB]\n\t(No symbol) [0x0022EE42]\n\t(No symbol) [0x00214464]\n\t(No symbol) [0x0022CB8D]\n\t(No symbol) [0x002141B6]\n\t(No symbol) [0x001E8017]\n\t(No symbol) [0x001E890D]\n\tGetHandleVerifier [0x003AA5F3+1013699]\n\tGetHandleVerifier [0x003B3E4C+1052700]\n\tGetHandleVerifier [0x003AD4B4+1025668]\n\tGetHandleVerifier [0x002DEA2B+179195]\n\t(No symbol) [0x00286833]\n\t(No symbol) [0x00283198]\n\t(No symbol) [0x00283337]\n\t(No symbol) [0x0027B4BE]\n\tBaseThreadInitThunk [0x76D47BA9+25]\n\tRtlInitializeExceptionChain [0x77BEC10B+107]\n\tRtlClearBits [0x77BEC08F+191]\n\t(No symbol) [0x00000000]\n\n", "trace": "  File \"D:\\PycharmProjects\\Alza_diplom\\pages\\base_page.py\", line 27, in click\n    element = self.get_element(locator)\n              ^^^^^^^^^^^^^^^^^^^^^^^^^\n  File \"D:\\PycharmProjects\\Alza_diplom\\pages\\base_page.py\", line 22, in get_element\n    element = WebDriverWait(self.driver, 10).until(EC.element_to_be_clickable(locator))\n              ^^^^^^^^^^^^^^^^^^^^^^^^^^^^^^^^^^^^^^^^^^^^^^^^^^^^^^^^^^^^^^^^^^^^^^^^^\n  File \"D:\\PycharmProjects\\Alza_diplom\\.venv\\Lib\\site-packages\\selenium\\webdriver\\support\\wait.py\", line 105, in until\n    raise TimeoutException(message, screen, stacktrace)\n"}, "steps": [{"name": "Get element", "status": "broken", "statusDetails": {"message": "selenium.common.exceptions.TimeoutException: Message: \nStacktrace:\n\tGetHandleVerifier [0x002B8923+23283]\n\t(No symbol) [0x0027E934]\n\t(No symbol) [0x001B0733]\n\t(No symbol) [0x001F326F]\n\t(No symbol) [0x001F34AB]\n\t(No symbol) [0x0022EE42]\n\t(No symbol) [0x00214464]\n\t(No symbol) [0x0022CB8D]\n\t(No symbol) [0x002141B6]\n\t(No symbol) [0x001E8017]\n\t(No symbol) [0x001E890D]\n\tGetHandleVerifier [0x003AA5F3+1013699]\n\tGetHandleVerifier [0x003B3E4C+1052700]\n\tGetHandleVerifier [0x003AD4B4+1025668]\n\tGetHandleVerifier [0x002DEA2B+179195]\n\t(No symbol) [0x00286833]\n\t(No symbol) [0x00283198]\n\t(No symbol) [0x00283337]\n\t(No symbol) [0x0027B4BE]\n\tBaseThreadInitThunk [0x76D47BA9+25]\n\tRtlInitializeExceptionChain [0x77BEC10B+107]\n\tRtlClearBits [0x77BEC08F+191]\n\t(No symbol) [0x00000000]\n\n", "trace": "  File \"D:\\PycharmProjects\\Alza_diplom\\pages\\base_page.py\", line 22, in get_element\n    element = WebDriverWait(self.driver, 10).until(EC.element_to_be_clickable(locator))\n              ^^^^^^^^^^^^^^^^^^^^^^^^^^^^^^^^^^^^^^^^^^^^^^^^^^^^^^^^^^^^^^^^^^^^^^^^^\n  File \"D:\\PycharmProjects\\Alza_diplom\\.venv\\Lib\\site-packages\\selenium\\webdriver\\support\\wait.py\", line 105, in until\n    raise TimeoutException(message, screen, stacktrace)\n"}, "start": 1723819330610, "stop": 1723819340997}], "start": 1723819330610, "stop": 1723819340997}], "start": 1723819330610, "stop": 1723819340997}, {"name": "Click element on element", "status": "passed", "steps": [{"name": "Get element", "status": "passed", "start": 1723819340999, "stop": 1723819341029}], "start": 1723819340997, "stop": 1723819342984}, {"name": "Click element on element", "status": "broken", "statusDetails": {"message": "selenium.common.exceptions.TimeoutException: Message: \nStacktrace:\n\tGetHandleVerifier [0x002B8923+23283]\n\t(No symbol) [0x0027E934]\n\t(No symbol) [0x001B0733]\n\t(No symbol) [0x001F326F]\n\t(No symbol) [0x001F34AB]\n\t(No symbol) [0x0022EE42]\n\t(No symbol) [0x00214464]\n\t(No symbol) [0x0022CB8D]\n\t(No symbol) [0x002141B6]\n\t(No symbol) [0x001E8017]\n\t(No symbol) [0x001E890D]\n\tGetHandleVerifier [0x003AA5F3+1013699]\n\tGetHandleVerifier [0x003B3E4C+1052700]\n\tGetHandleVerifier [0x003AD4B4+1025668]\n\tGetHandleVerifier [0x002DEA2B+179195]\n\t(No symbol) [0x00286833]\n\t(No symbol) [0x00283198]\n\t(No symbol) [0x00283337]\n\t(No symbol) [0x0027B4BE]\n\tBaseThreadInitThunk [0x76D47BA9+25]\n\tRtlInitializeExceptionChain [0x77BEC10B+107]\n\tRtlClearBits [0x77BEC08F+191]\n\t(No symbol) [0x00000000]\n\n", "trace": "  File \"D:\\PycharmProjects\\Alza_diplom\\pages\\base_page.py\", line 27, in click\n    element = self.get_element(locator)\n              ^^^^^^^^^^^^^^^^^^^^^^^^^\n  File \"D:\\PycharmProjects\\Alza_diplom\\pages\\base_page.py\", line 22, in get_element\n    element = WebDriverWait(self.driver, 10).until(EC.element_to_be_clickable(locator))\n              ^^^^^^^^^^^^^^^^^^^^^^^^^^^^^^^^^^^^^^^^^^^^^^^^^^^^^^^^^^^^^^^^^^^^^^^^^\n  File \"D:\\PycharmProjects\\Alza_diplom\\.venv\\Lib\\site-packages\\selenium\\webdriver\\support\\wait.py\", line 105, in until\n    raise TimeoutException(message, screen, stacktrace)\n"}, "steps": [{"name": "Get element", "status": "broken", "statusDetails": {"message": "selenium.common.exceptions.TimeoutException: Message: \nStacktrace:\n\tGetHandleVerifier [0x002B8923+23283]\n\t(No symbol) [0x0027E934]\n\t(No symbol) [0x001B0733]\n\t(No symbol) [0x001F326F]\n\t(No symbol) [0x001F34AB]\n\t(No symbol) [0x0022EE42]\n\t(No symbol) [0x00214464]\n\t(No symbol) [0x0022CB8D]\n\t(No symbol) [0x002141B6]\n\t(No symbol) [0x001E8017]\n\t(No symbol) [0x001E890D]\n\tGetHandleVerifier [0x003AA5F3+1013699]\n\tGetHandleVerifier [0x003B3E4C+1052700]\n\tGetHandleVerifier [0x003AD4B4+1025668]\n\tGetHandleVerifier [0x002DEA2B+179195]\n\t(No symbol) [0x00286833]\n\t(No symbol) [0x00283198]\n\t(No symbol) [0x00283337]\n\t(No symbol) [0x0027B4BE]\n\tBaseThreadInitThunk [0x76D47BA9+25]\n\tRtlInitializeExceptionChain [0x77BEC10B+107]\n\tRtlClearBits [0x77BEC08F+191]\n\t(No symbol) [0x00000000]\n\n", "trace": "  File \"D:\\PycharmProjects\\Alza_diplom\\pages\\base_page.py\", line 22, in get_element\n    element = WebDriverWait(self.driver, 10).until(EC.element_to_be_clickable(locator))\n              ^^^^^^^^^^^^^^^^^^^^^^^^^^^^^^^^^^^^^^^^^^^^^^^^^^^^^^^^^^^^^^^^^^^^^^^^^\n  File \"D:\\PycharmProjects\\Alza_diplom\\.venv\\Lib\\site-packages\\selenium\\webdriver\\support\\wait.py\", line 105, in until\n    raise TimeoutException(message, screen, stacktrace)\n"}, "start": 1723819342984, "stop": 1723819353443}], "start": 1723819342984, "stop": 1723819353443}], "start": 1723819330610, "stop": 1723819353443}, {"name": "Assert cross sell page", "status": "passed", "steps": [{"name": "Get element", "status": "passed", "start": 1723819353443, "stop": 1723819353486}], "start": 1723819353443, "stop": 1723819353486}], "attachments": [{"name": "log", "source": "5c9dfbdf-1250-4d2a-b613-03c601bfe5ea-attachment.txt", "type": "text/plain"}, {"name": "stdout", "source": "103e089b-253a-42a0-a300-661f03d6cf07-attachment.txt", "type": "text/plain"}], "start": 1723819322529, "stop": 1723819353487, "uuid": "af364952-be55-4531-8c2c-a15468437ac5", "historyId": "68189f8057644649ee49eae513550dba", "testCaseId": "68189f8057644649ee49eae513550dba", "fullName": "tests.test_product#test_buy_button", "labels": [{"name": "feature", "value": "Product page"}, {"name": "parentSuite", "value": "tests"}, {"name": "suite", "value": "test_product"}, {"name": "host", "value": "arret"}, {"name": "thread", "value": "7136-MainThread"}, {"name": "framework", "value": "pytest"}, {"name": "language", "value": "cpython3"}, {"name": "package", "value": "tests.test_product"}]}