{"name": "test_compare_items", "status": "passed", "steps": [{"name": "Open product page", "status": "passed", "steps": [{"name": "Open main page", "status": "passed", "steps": [{"name": "Open page", "status": "passed", "start": 1724001314377, "stop": 1724001320718}], "start": 1724001314377, "stop": 1724001320718}, {"name": "Go to laptops page", "status": "passed", "steps": [{"name": "Click element on element", "status": "passed", "steps": [{"name": "Get element", "status": "passed", "start": 1724001320719, "stop": 1724001320763}], "start": 1724001320719, "stop": 1724001322881}], "start": 1724001320718, "stop": 1724001322881}, {"name": "Close privacy window", "status": "passed", "steps": [{"name": "Click element on element", "status": "passed", "steps": [{"name": "Get element", "status": "passed", "start": 1724001322881, "stop": 1724001323084}], "start": 1724001322881, "stop": 1724001323522}], "start": 1724001322881, "stop": 1724001323522}, {"name": "Get name of first product", "status": "passed", "steps": [{"name": "Get text of element", "status": "passed", "steps": [{"name": "Get element", "status": "passed", "start": 1724001323523, "stop": 1724001323581}], "start": 1724001323523, "stop": 1724001323604}], "start": 1724001323523, "stop": 1724001323604}, {"name": "Open first product", "status": "passed", "steps": [{"name": "Click element on element", "status": "passed", "steps": [{"name": "Get element", "status": "passed", "start": 1724001323604, "stop": 1724001323638}], "start": 1724001323604, "stop": 1724001325453}], "start": 1724001323604, "stop": 1724001325453}], "start": 1724001314377, "stop": 1724001325453}, {"name": "Click to compare button", "status": "passed", "steps": [{"name": "Close privacy window", "status": "passed", "steps": [{"name": "Click element on element", "status": "broken", "statusDetails": {"message": "selenium.common.exceptions.TimeoutException: Message: \nStacktrace:\n\tGetHandleVerifier [0x00C48923+23283]\n\t(No symbol) [0x00C0E934]\n\t(No symbol) [0x00B40733]\n\t(No symbol) [0x00B8326F]\n\t(No symbol) [0x00B834AB]\n\t(No symbol) [0x00BBEE42]\n\t(No symbol) [0x00BA4464]\n\t(No symbol) [0x00BBCB8D]\n\t(No symbol) [0x00BA41B6]\n\t(No symbol) [0x00B78017]\n\t(No symbol) [0x00B7890D]\n\tGetHandleVerifier [0x00D3A5F3+1013699]\n\tGetHandleVerifier [0x00D43E4C+1052700]\n\tGetHandleVerifier [0x00D3D4B4+1025668]\n\tGetHandleVerifier [0x00C6EA2B+179195]\n\t(No symbol) [0x00C16833]\n\t(No symbol) [0x00C13198]\n\t(No symbol) [0x00C13337]\n\t(No symbol) [0x00C0B4BE]\n\tBaseThreadInitThunk [0x76D47BA9+25]\n\tRtlInitializeExceptionChain [0x77BEC10B+107]\n\tRtlClearBits [0x77BEC08F+191]\n\n", "trace": "  File \"D:\\PycharmProjects\\Alza_diplom\\pages\\base_page.py\", line 27, in click\n    element = self.get_element(locator)\n              ^^^^^^^^^^^^^^^^^^^^^^^^^\n  File \"D:\\PycharmProjects\\Alza_diplom\\pages\\base_page.py\", line 22, in get_element\n    element = WebDriverWait(self.driver, 10).until(EC.element_to_be_clickable(locator))\n              ^^^^^^^^^^^^^^^^^^^^^^^^^^^^^^^^^^^^^^^^^^^^^^^^^^^^^^^^^^^^^^^^^^^^^^^^^\n  File \"D:\\PycharmProjects\\Alza_diplom\\.venv\\Lib\\site-packages\\selenium\\webdriver\\support\\wait.py\", line 105, in until\n    raise TimeoutException(message, screen, stacktrace)\n"}, "steps": [{"name": "Get element", "status": "broken", "statusDetails": {"message": "selenium.common.exceptions.TimeoutException: Message: \nStacktrace:\n\tGetHandleVerifier [0x00C48923+23283]\n\t(No symbol) [0x00C0E934]\n\t(No symbol) [0x00B40733]\n\t(No symbol) [0x00B8326F]\n\t(No symbol) [0x00B834AB]\n\t(No symbol) [0x00BBEE42]\n\t(No symbol) [0x00BA4464]\n\t(No symbol) [0x00BBCB8D]\n\t(No symbol) [0x00BA41B6]\n\t(No symbol) [0x00B78017]\n\t(No symbol) [0x00B7890D]\n\tGetHandleVerifier [0x00D3A5F3+1013699]\n\tGetHandleVerifier [0x00D43E4C+1052700]\n\tGetHandleVerifier [0x00D3D4B4+1025668]\n\tGetHandleVerifier [0x00C6EA2B+179195]\n\t(No symbol) [0x00C16833]\n\t(No symbol) [0x00C13198]\n\t(No symbol) [0x00C13337]\n\t(No symbol) [0x00C0B4BE]\n\tBaseThreadInitThunk [0x76D47BA9+25]\n\tRtlInitializeExceptionChain [0x77BEC10B+107]\n\tRtlClearBits [0x77BEC08F+191]\n\n", "trace": "  File \"D:\\PycharmProjects\\Alza_diplom\\pages\\base_page.py\", line 22, in get_element\n    element = WebDriverWait(self.driver, 10).until(EC.element_to_be_clickable(locator))\n              ^^^^^^^^^^^^^^^^^^^^^^^^^^^^^^^^^^^^^^^^^^^^^^^^^^^^^^^^^^^^^^^^^^^^^^^^^\n  File \"D:\\PycharmProjects\\Alza_diplom\\.venv\\Lib\\site-packages\\selenium\\webdriver\\support\\wait.py\", line 105, in until\n    raise TimeoutException(message, screen, stacktrace)\n"}, "start": 1724001325453, "stop": 1724001335795}], "start": 1724001325453, "stop": 1724001335795}], "start": 1724001325453, "stop": 1724001335796}, {"name": "Click element on element", "status": "passed", "steps": [{"name": "Get element", "status": "passed", "start": 1724001335796, "stop": 1724001335828}], "start": 1724001335796, "stop": 1724001335908}], "start": 1724001325453, "stop": 1724001335908}, {"name": "Assert compare message", "status": "passed", "steps": [{"name": "Get element", "status": "passed", "start": 1724001335908, "stop": 1724001336457}], "start": 1724001335908, "stop": 1724001336457}], "attachments": [{"name": "log", "source": "d67ff519-38a0-4aec-9133-5b827871bc72-attachment.txt", "type": "text/plain"}], "start": 1724001314377, "stop": 1724001336457, "uuid": "99fad910-13ad-4bd4-8bd0-6624be0cd9b9", "historyId": "e1dc7dfe31f2a91b222d03c9ea9ba7a3", "testCaseId": "e1dc7dfe31f2a91b222d03c9ea9ba7a3", "fullName": "tests.test_product#test_compare_items", "labels": [{"name": "feature", "value": "Product page"}, {"name": "parentSuite", "value": "tests"}, {"name": "suite", "value": "test_product"}, {"name": "host", "value": "arret"}, {"name": "thread", "value": "14664-MainThread"}, {"name": "framework", "value": "pytest"}, {"name": "language", "value": "cpython3"}, {"name": "package", "value": "tests.test_product"}]}