{"name": "test_comment_button", "status": "passed", "steps": [{"name": "Open product page", "status": "passed", "steps": [{"name": "Open main page", "status": "passed", "steps": [{"name": "Open page", "status": "passed", "start": 1724001207184, "stop": 1724001212467}], "start": 1724001207184, "stop": 1724001212467}, {"name": "Go to laptops page", "status": "passed", "steps": [{"name": "Click element on element", "status": "passed", "steps": [{"name": "Get element", "status": "passed", "start": 1724001212467, "stop": 1724001212553}], "start": 1724001212467, "stop": 1724001213940}], "start": 1724001212467, "stop": 1724001213940}, {"name": "Close privacy window", "status": "passed", "steps": [{"name": "Click element on element", "status": "passed", "steps": [{"name": "Get element", "status": "passed", "start": 1724001213940, "stop": 1724001214464}], "start": 1724001213940, "stop": 1724001214529}], "start": 1724001213940, "stop": 1724001214529}, {"name": "Get name of first product", "status": "passed", "steps": [{"name": "Get text of element", "status": "passed", "steps": [{"name": "Get element", "status": "passed", "start": 1724001214529, "stop": 1724001214570}], "start": 1724001214529, "stop": 1724001214586}], "start": 1724001214529, "stop": 1724001214586}, {"name": "Open first product", "status": "passed", "steps": [{"name": "Click element on element", "status": "passed", "steps": [{"name": "Get element", "status": "passed", "start": 1724001214586, "stop": 1724001214616}], "start": 1724001214586, "stop": 1724001216429}], "start": 1724001214586, "stop": 1724001216429}], "start": 1724001207184, "stop": 1724001216429}, {"name": "Close privacy window", "status": "passed", "steps": [{"name": "Click element on element", "status": "broken", "statusDetails": {"message": "selenium.common.exceptions.TimeoutException: Message: \nStacktrace:\n\tGetHandleVerifier [0x00C48923+23283]\n\t(No symbol) [0x00C0E934]\n\t(No symbol) [0x00B40733]\n\t(No symbol) [0x00B8326F]\n\t(No symbol) [0x00B834AB]\n\t(No symbol) [0x00BBEE42]\n\t(No symbol) [0x00BA4464]\n\t(No symbol) [0x00BBCB8D]\n\t(No symbol) [0x00BA41B6]\n\t(No symbol) [0x00B78017]\n\t(No symbol) [0x00B7890D]\n\tGetHandleVerifier [0x00D3A5F3+1013699]\n\tGetHandleVerifier [0x00D43E4C+1052700]\n\tGetHandleVerifier [0x00D3D4B4+1025668]\n\tGetHandleVerifier [0x00C6EA2B+179195]\n\t(No symbol) [0x00C16833]\n\t(No symbol) [0x00C13198]\n\t(No symbol) [0x00C13337]\n\t(No symbol) [0x00C0B4BE]\n\tBaseThreadInitThunk [0x76D47BA9+25]\n\tRtlInitializeExceptionChain [0x77BEC10B+107]\n\tRtlClearBits [0x77BEC08F+191]\n\n", "trace": "  File \"D:\\PycharmProjects\\Alza_diplom\\pages\\base_page.py\", line 27, in click\n    element = self.get_element(locator)\n              ^^^^^^^^^^^^^^^^^^^^^^^^^\n  File \"D:\\PycharmProjects\\Alza_diplom\\pages\\base_page.py\", line 22, in get_element\n    element = WebDriverWait(self.driver, 10).until(EC.element_to_be_clickable(locator))\n              ^^^^^^^^^^^^^^^^^^^^^^^^^^^^^^^^^^^^^^^^^^^^^^^^^^^^^^^^^^^^^^^^^^^^^^^^^\n  File \"D:\\PycharmProjects\\Alza_diplom\\.venv\\Lib\\site-packages\\selenium\\webdriver\\support\\wait.py\", line 105, in until\n    raise TimeoutException(message, screen, stacktrace)\n"}, "steps": [{"name": "Get element", "status": "broken", "statusDetails": {"message": "selenium.common.exceptions.TimeoutException: Message: \nStacktrace:\n\tGetHandleVerifier [0x00C48923+23283]\n\t(No symbol) [0x00C0E934]\n\t(No symbol) [0x00B40733]\n\t(No symbol) [0x00B8326F]\n\t(No symbol) [0x00B834AB]\n\t(No symbol) [0x00BBEE42]\n\t(No symbol) [0x00BA4464]\n\t(No symbol) [0x00BBCB8D]\n\t(No symbol) [0x00BA41B6]\n\t(No symbol) [0x00B78017]\n\t(No symbol) [0x00B7890D]\n\tGetHandleVerifier [0x00D3A5F3+1013699]\n\tGetHandleVerifier [0x00D43E4C+1052700]\n\tGetHandleVerifier [0x00D3D4B4+1025668]\n\tGetHandleVerifier [0x00C6EA2B+179195]\n\t(No symbol) [0x00C16833]\n\t(No symbol) [0x00C13198]\n\t(No symbol) [0x00C13337]\n\t(No symbol) [0x00C0B4BE]\n\tBaseThreadInitThunk [0x76D47BA9+25]\n\tRtlInitializeExceptionChain [0x77BEC10B+107]\n\tRtlClearBits [0x77BEC08F+191]\n\n", "trace": "  File \"D:\\PycharmProjects\\Alza_diplom\\pages\\base_page.py\", line 22, in get_element\n    element = WebDriverWait(self.driver, 10).until(EC.element_to_be_clickable(locator))\n              ^^^^^^^^^^^^^^^^^^^^^^^^^^^^^^^^^^^^^^^^^^^^^^^^^^^^^^^^^^^^^^^^^^^^^^^^^\n  File \"D:\\PycharmProjects\\Alza_diplom\\.venv\\Lib\\site-packages\\selenium\\webdriver\\support\\wait.py\", line 105, in until\n    raise TimeoutException(message, screen, stacktrace)\n"}, "start": 1724001216429, "stop": 1724001226771}], "start": 1724001216429, "stop": 1724001226771}], "start": 1724001216429, "stop": 1724001226771}, {"name": "Click comment button", "status": "passed", "steps": [{"name": "Click element on element", "status": "passed", "steps": [{"name": "Get element", "status": "passed", "start": 1724001226771, "stop": 1724001226800}], "start": 1724001226771, "stop": 1724001230197}], "start": 1724001226771, "stop": 1724001230197}, {"name": "Assert login is opened", "status": "passed", "steps": [{"name": "Get element", "status": "passed", "start": 1724001230197, "stop": 1724001230238}, {"name": "Get element", "status": "passed", "start": 1724001230238, "stop": 1724001230271}, {"name": "Get element", "status": "passed", "start": 1724001230271, "stop": 1724001230300}], "start": 1724001230197, "stop": 1724001230300}], "attachments": [{"name": "log", "source": "479c29a3-1a17-43b9-91db-90984da0fb01-attachment.txt", "type": "text/plain"}], "start": 1724001207183, "stop": 1724001230302, "uuid": "19f8d310-9823-4eda-ae17-8123468c46c6", "historyId": "0379864cf475c4e7574635d7301a12d0", "testCaseId": "0379864cf475c4e7574635d7301a12d0", "fullName": "tests.test_product#test_comment_button", "labels": [{"name": "feature", "value": "Product page"}, {"name": "parentSuite", "value": "tests"}, {"name": "suite", "value": "test_product"}, {"name": "host", "value": "arret"}, {"name": "thread", "value": "14664-MainThread"}, {"name": "framework", "value": "pytest"}, {"name": "language", "value": "cpython3"}, {"name": "package", "value": "tests.test_product"}]}