{"name": "test_delivery_search", "status": "passed", "steps": [{"name": "Open product page", "status": "passed", "steps": [{"name": "Open main page", "status": "passed", "steps": [{"name": "Open page", "status": "passed", "start": 1723819362418, "stop": 1723819366976}], "start": 1723819362418, "stop": 1723819366976}, {"name": "Go to laptops page", "status": "passed", "steps": [{"name": "Click element on element", "status": "passed", "steps": [{"name": "Get element", "status": "passed", "start": 1723819366976, "stop": 1723819367044}], "start": 1723819366976, "stop": 1723819368972}], "start": 1723819366976, "stop": 1723819368972}, {"name": "Close privacy window", "status": "passed", "steps": [{"name": "Click element on element", "status": "passed", "steps": [{"name": "Get element", "status": "passed", "start": 1723819368972, "stop": 1723819369149}], "start": 1723819368972, "stop": 1723819369208}], "start": 1723819368972, "stop": 1723819369208}, {"name": "Get name of first product", "status": "passed", "steps": [{"name": "Get text of element", "status": "passed", "steps": [{"name": "Get element", "status": "passed", "start": 1723819369208, "stop": 1723819369835}], "start": 1723819369208, "stop": 1723819369849}], "start": 1723819369208, "stop": 1723819369849}, {"name": "Open first product", "status": "passed", "steps": [{"name": "Click element on element", "status": "passed", "steps": [{"name": "Get element", "status": "passed", "start": 1723819369849, "stop": 1723819369875}], "start": 1723819369849, "stop": 1723819371405}], "start": 1723819369849, "stop": 1723819371405}], "start": 1723819362418, "stop": 1723819371405}, {"name": "Click to delivery title", "status": "passed", "steps": [{"name": "Close privacy window", "status": "passed", "steps": [{"name": "Click element on element", "status": "broken", "statusDetails": {"message": "selenium.common.exceptions.TimeoutException: Message: \nStacktrace:\n\tGetHandleVerifier [0x002B8923+23283]\n\t(No symbol) [0x0027E934]\n\t(No symbol) [0x001B0733]\n\t(No symbol) [0x001F326F]\n\t(No symbol) [0x001F34AB]\n\t(No symbol) [0x0022EE42]\n\t(No symbol) [0x00214464]\n\t(No symbol) [0x0022CB8D]\n\t(No symbol) [0x002141B6]\n\t(No symbol) [0x001E8017]\n\t(No symbol) [0x001E890D]\n\tGetHandleVerifier [0x003AA5F3+1013699]\n\tGetHandleVerifier [0x003B3E4C+1052700]\n\tGetHandleVerifier [0x003AD4B4+1025668]\n\tGetHandleVerifier [0x002DEA2B+179195]\n\t(No symbol) [0x00286833]\n\t(No symbol) [0x00283198]\n\t(No symbol) [0x00283337]\n\t(No symbol) [0x0027B4BE]\n\tBaseThreadInitThunk [0x76D47BA9+25]\n\tRtlInitializeExceptionChain [0x77BEC10B+107]\n\tRtlClearBits [0x77BEC08F+191]\n\t(No symbol) [0x00000000]\n\n", "trace": "  File \"D:\\PycharmProjects\\Alza_diplom\\pages\\base_page.py\", line 27, in click\n    element = self.get_element(locator)\n              ^^^^^^^^^^^^^^^^^^^^^^^^^\n  File \"D:\\PycharmProjects\\Alza_diplom\\pages\\base_page.py\", line 22, in get_element\n    element = WebDriverWait(self.driver, 10).until(EC.element_to_be_clickable(locator))\n              ^^^^^^^^^^^^^^^^^^^^^^^^^^^^^^^^^^^^^^^^^^^^^^^^^^^^^^^^^^^^^^^^^^^^^^^^^\n  File \"D:\\PycharmProjects\\Alza_diplom\\.venv\\Lib\\site-packages\\selenium\\webdriver\\support\\wait.py\", line 105, in until\n    raise TimeoutException(message, screen, stacktrace)\n"}, "steps": [{"name": "Get element", "status": "broken", "statusDetails": {"message": "selenium.common.exceptions.TimeoutException: Message: \nStacktrace:\n\tGetHandleVerifier [0x002B8923+23283]\n\t(No symbol) [0x0027E934]\n\t(No symbol) [0x001B0733]\n\t(No symbol) [0x001F326F]\n\t(No symbol) [0x001F34AB]\n\t(No symbol) [0x0022EE42]\n\t(No symbol) [0x00214464]\n\t(No symbol) [0x0022CB8D]\n\t(No symbol) [0x002141B6]\n\t(No symbol) [0x001E8017]\n\t(No symbol) [0x001E890D]\n\tGetHandleVerifier [0x003AA5F3+1013699]\n\tGetHandleVerifier [0x003B3E4C+1052700]\n\tGetHandleVerifier [0x003AD4B4+1025668]\n\tGetHandleVerifier [0x002DEA2B+179195]\n\t(No symbol) [0x00286833]\n\t(No symbol) [0x00283198]\n\t(No symbol) [0x00283337]\n\t(No symbol) [0x0027B4BE]\n\tBaseThreadInitThunk [0x76D47BA9+25]\n\tRtlInitializeExceptionChain [0x77BEC10B+107]\n\tRtlClearBits [0x77BEC08F+191]\n\t(No symbol) [0x00000000]\n\n", "trace": "  File \"D:\\PycharmProjects\\Alza_diplom\\pages\\base_page.py\", line 22, in get_element\n    element = WebDriverWait(self.driver, 10).until(EC.element_to_be_clickable(locator))\n              ^^^^^^^^^^^^^^^^^^^^^^^^^^^^^^^^^^^^^^^^^^^^^^^^^^^^^^^^^^^^^^^^^^^^^^^^^\n  File \"D:\\PycharmProjects\\Alza_diplom\\.venv\\Lib\\site-packages\\selenium\\webdriver\\support\\wait.py\", line 105, in until\n    raise TimeoutException(message, screen, stacktrace)\n"}, "start": 1723819371405, "stop": 1723819381721}], "start": 1723819371405, "stop": 1723819381721}], "start": 1723819371405, "stop": 1723819381721}, {"name": "Click element on element", "status": "passed", "steps": [{"name": "Get element", "status": "passed", "start": 1723819381721, "stop": 1723819381750}], "start": 1723819381721, "stop": 1723819381811}], "start": 1723819371405, "stop": 1723819381811}, {"name": "Search address for delivery", "status": "passed", "steps": [{"name": "Fill element with text", "status": "passed", "steps": [{"name": "Get element", "status": "passed", "start": 1723819381811, "stop": 1723819382351}], "start": 1723819381811, "stop": 1723819382428}], "start": 1723819381811, "stop": 1723819382428}, {"name": "Choose address for delivery", "status": "passed", "steps": [{"name": "Fill element with text", "status": "passed", "steps": [{"name": "Get element", "status": "passed", "start": 1723819384428, "stop": 1723819384456}], "start": 1723819384428, "stop": 1723819384484}, {"name": "Fill element with text", "status": "passed", "steps": [{"name": "Get element", "status": "passed", "start": 1723819384484, "stop": 1723819384511}], "start": 1723819384484, "stop": 1723819384603}], "start": 1723819384428, "stop": 1723819384603}, {"name": "Assert that delivery search works", "status": "passed", "steps": [{"name": "Get element", "status": "passed", "start": 1723819386604, "stop": 1723819386637}], "start": 1723819386604, "stop": 1723819386637}], "attachments": [{"name": "log", "source": "f6bc3a66-bc34-461b-954c-cc2635841481-attachment.txt", "type": "text/plain"}], "start": 1723819362418, "stop": 1723819386638, "uuid": "3e6841bf-be4e-4264-abc0-fcb959df14ff", "historyId": "0e2b4bc5ae98d63e9cf25e896fa20752", "testCaseId": "0e2b4bc5ae98d63e9cf25e896fa20752", "fullName": "tests.test_product#test_delivery_search", "labels": [{"name": "feature", "value": "Product page"}, {"name": "parentSuite", "value": "tests"}, {"name": "suite", "value": "test_product"}, {"name": "host", "value": "arret"}, {"name": "thread", "value": "7136-MainThread"}, {"name": "framework", "value": "pytest"}, {"name": "language", "value": "cpython3"}, {"name": "package", "value": "tests.test_product"}]}