{"name": "test_delivery_search", "status": "broken", "statusDetails": {"message": "selenium.common.exceptions.ElementClickInterceptedException: Message: element click intercepted: Element <div class=\"availability-alz-26\" data-testid=\"productDetail-availability-locationAvailability\">...</div> is not clickable at point (1139, 719). Other element would receive the click: <div class=\"cookies-info__inner\">...</div>\n  (Session info: chrome=127.0.6533.119)\nStacktrace:\n\tGetHandleVerifier [0x00C98923+23283]\n\t(No symbol) [0x00C5E934]\n\t(No symbol) [0x00B90733]\n\t(No symbol) [0x00BD91C7]\n\t(No symbol) [0x00BD75D9]\n\t(No symbol) [0x00BD54CB]\n\t(No symbol) [0x00BD4AAF]\n\t(No symbol) [0x00BC99EF]\n\t(No symbol) [0x00BF441C]\n\t(No symbol) [0x00BC9485]\n\t(No symbol) [0x00BF46B4]\n\t(No symbol) [0x00C0CB8D]\n\t(No symbol) [0x00BF41B6]\n\t(No symbol) [0x00BC8017]\n\t(No symbol) [0x00BC890D]\n\tGetHandleVerifier [0x00D8A5F3+1013699]\n\tGetHandleVerifier [0x00D93E4C+1052700]\n\tGetHandleVerifier [0x00D8D4B4+1025668]\n\tGetHandleVerifier [0x00CBEA2B+179195]\n\t(No symbol) [0x00C66833]\n\t(No symbol) [0x00C63198]\n\t(No symbol) [0x00C63337]\n\t(No symbol) [0x00C5B4BE]\n\tBaseThreadInitThunk [0x76D47BA9+25]\n\tRtlInitializeExceptionChain [0x77BEC10B+107]\n\tRtlClearBits [0x77BEC08F+191]", "trace": "driver = <selenium.webdriver.chrome.webdriver.WebDriver (session=\"2ab1477afe894c52f86a9516c82ef55b\")>\n\n    @allure.feature('Product page')\n    def test_delivery_search(driver):\n        main_page = MainPage(driver)\n        main_page.to_product_page()\n    \n        product_page = ProductPage(driver)\n>       product_page.click_to_delivery()\n\ntests\\test_product.py:55: \n_ _ _ _ _ _ _ _ _ _ _ _ _ _ _ _ _ _ _ _ _ _ _ _ _ _ _ _ _ _ _ _ _ _ _ _ \npages\\product_page.py:28: in click_to_delivery\n    self.click(self.DELIVERY_TITLE)\npages\\base_page.py:30: in click\n    element.click()\n.venv\\Lib\\site-packages\\selenium\\webdriver\\remote\\webelement.py:94: in click\n    self._execute(Command.CLICK_ELEMENT)\n.venv\\Lib\\site-packages\\selenium\\webdriver\\remote\\webelement.py:395: in _execute\n    return self._parent.execute(command, params)\n.venv\\Lib\\site-packages\\selenium\\webdriver\\remote\\webdriver.py:354: in execute\n    self.error_handler.check_response(response)\n_ _ _ _ _ _ _ _ _ _ _ _ _ _ _ _ _ _ _ _ _ _ _ _ _ _ _ _ _ _ _ _ _ _ _ _ \n\nself = <selenium.webdriver.remote.errorhandler.ErrorHandler object at 0x0000022222467A40>\nresponse = {'status': 400, 'value': '{\"value\":{\"error\":\"element click intercepted\",\"message\":\"element click intercepted: Element ...dInitThunk [0x76D47BA9+25]\\\\n\\\\tRtlInitializeExceptionChain [0x77BEC10B+107]\\\\n\\\\tRtlClearBits [0x77BEC08F+191]\\\\n\"}}'}\n\n    def check_response(self, response: Dict[str, Any]) -> None:\n        \"\"\"Checks that a JSON response from the WebDriver does not have an\n        error.\n    \n        :Args:\n         - response - The JSON response from the WebDriver server as a dictionary\n           object.\n    \n        :Raises: If the response contains an error message.\n        \"\"\"\n        status = response.get(\"status\", None)\n        if not status or status == ErrorCode.SUCCESS:\n            return\n        value = None\n        message = response.get(\"message\", \"\")\n        screen: str = response.get(\"screen\", \"\")\n        stacktrace = None\n        if isinstance(status, int):\n            value_json = response.get(\"value\", None)\n            if value_json and isinstance(value_json, str):\n                import json\n    \n                try:\n                    value = json.loads(value_json)\n                    if len(value) == 1:\n                        value = value[\"value\"]\n                    status = value.get(\"error\", None)\n                    if not status:\n                        status = value.get(\"status\", ErrorCode.UNKNOWN_ERROR)\n                        message = value.get(\"value\") or value.get(\"message\")\n                        if not isinstance(message, str):\n                            value = message\n                            message = message.get(\"message\")\n                    else:\n                        message = value.get(\"message\", None)\n                except ValueError:\n                    pass\n    \n        exception_class: Type[WebDriverException]\n        e = ErrorCode()\n        error_codes = [item for item in dir(e) if not item.startswith(\"__\")]\n        for error_code in error_codes:\n            error_info = getattr(ErrorCode, error_code)\n            if isinstance(error_info, list) and status in error_info:\n                exception_class = getattr(ExceptionMapping, error_code, WebDriverException)\n                break\n        else:\n            exception_class = WebDriverException\n    \n        if not value:\n            value = response[\"value\"]\n        if isinstance(value, str):\n            raise exception_class(value)\n        if message == \"\" and \"message\" in value:\n            message = value[\"message\"]\n    \n        screen = None  # type: ignore[assignment]\n        if \"screen\" in value:\n            screen = value[\"screen\"]\n    \n        stacktrace = None\n        st_value = value.get(\"stackTrace\") or value.get(\"stacktrace\")\n        if st_value:\n            if isinstance(st_value, str):\n                stacktrace = st_value.split(\"\\n\")\n            else:\n                stacktrace = []\n                try:\n                    for frame in st_value:\n                        line = frame.get(\"lineNumber\", \"\")\n                        file = frame.get(\"fileName\", \"<anonymous>\")\n                        if line:\n                            file = f\"{file}:{line}\"\n                        meth = frame.get(\"methodName\", \"<anonymous>\")\n                        if \"className\" in frame:\n                            meth = f\"{frame['className']}.{meth}\"\n                        msg = \"    at %s (%s)\"\n                        msg = msg % (meth, file)\n                        stacktrace.append(msg)\n                except TypeError:\n                    pass\n        if exception_class == UnexpectedAlertPresentException:\n            alert_text = None\n            if \"data\" in value:\n                alert_text = value[\"data\"].get(\"text\")\n            elif \"alert\" in value:\n                alert_text = value[\"alert\"].get(\"text\")\n            raise exception_class(message, screen, stacktrace, alert_text)  # type: ignore[call-arg]  # mypy is not smart enough here\n>       raise exception_class(message, screen, stacktrace)\nE       selenium.common.exceptions.ElementClickInterceptedException: Message: element click intercepted: Element <div class=\"availability-alz-26\" data-testid=\"productDetail-availability-locationAvailability\">...</div> is not clickable at point (1139, 719). Other element would receive the click: <div class=\"cookies-info__inner\">...</div>\nE         (Session info: chrome=127.0.6533.119)\nE       Stacktrace:\nE       \tGetHandleVerifier [0x00C98923+23283]\nE       \t(No symbol) [0x00C5E934]\nE       \t(No symbol) [0x00B90733]\nE       \t(No symbol) [0x00BD91C7]\nE       \t(No symbol) [0x00BD75D9]\nE       \t(No symbol) [0x00BD54CB]\nE       \t(No symbol) [0x00BD4AAF]\nE       \t(No symbol) [0x00BC99EF]\nE       \t(No symbol) [0x00BF441C]\nE       \t(No symbol) [0x00BC9485]\nE       \t(No symbol) [0x00BF46B4]\nE       \t(No symbol) [0x00C0CB8D]\nE       \t(No symbol) [0x00BF41B6]\nE       \t(No symbol) [0x00BC8017]\nE       \t(No symbol) [0x00BC890D]\nE       \tGetHandleVerifier [0x00D8A5F3+1013699]\nE       \tGetHandleVerifier [0x00D93E4C+1052700]\nE       \tGetHandleVerifier [0x00D8D4B4+1025668]\nE       \tGetHandleVerifier [0x00CBEA2B+179195]\nE       \t(No symbol) [0x00C66833]\nE       \t(No symbol) [0x00C63198]\nE       \t(No symbol) [0x00C63337]\nE       \t(No symbol) [0x00C5B4BE]\nE       \tBaseThreadInitThunk [0x76D47BA9+25]\nE       \tRtlInitializeExceptionChain [0x77BEC10B+107]\nE       \tRtlClearBits [0x77BEC08F+191]\n\n.venv\\Lib\\site-packages\\selenium\\webdriver\\remote\\errorhandler.py:229: ElementClickInterceptedException"}, "steps": [{"name": "Open product page", "status": "passed", "steps": [{"name": "Open main page", "status": "passed", "steps": [{"name": "Open page", "status": "passed", "start": 1723741958555, "stop": 1723741964771}], "start": 1723741958555, "stop": 1723741964771}, {"name": "Go to laptops page", "status": "passed", "steps": [{"name": "Click element on element", "status": "passed", "steps": [{"name": "Get element", "status": "passed", "start": 1723741964771, "stop": 1723741964806}], "start": 1723741964771, "stop": 1723741966320}], "start": 1723741964771, "stop": 1723741966320}, {"name": "Close privacy window", "status": "passed", "steps": [{"name": "Click element on element", "status": "passed", "steps": [{"name": "Get element", "status": "passed", "start": 1723741966320, "stop": 1723741966364}], "start": 1723741966320, "stop": 1723741966709}], "start": 1723741966320, "stop": 1723741966709}, {"name": "Get name of first product", "status": "passed", "steps": [{"name": "Get text of element", "status": "passed", "steps": [{"name": "Get element", "status": "passed", "start": 1723741966709, "stop": 1723741966753}], "start": 1723741966709, "stop": 1723741966780}], "start": 1723741966709, "stop": 1723741966780}, {"name": "Open first product", "status": "passed", "steps": [{"name": "Click element on element", "status": "passed", "steps": [{"name": "Get element", "status": "passed", "start": 1723741966781, "stop": 1723741966819}], "start": 1723741966781, "stop": 1723741968292}], "start": 1723741966781, "stop": 1723741968292}], "start": 1723741958555, "stop": 1723741968292}, {"name": "Click to delivery title", "status": "broken", "statusDetails": {"message": "selenium.common.exceptions.ElementClickInterceptedException: Message: element click intercepted: Element <div class=\"availability-alz-26\" data-testid=\"productDetail-availability-locationAvailability\">...</div> is not clickable at point (1139, 719). Other element would receive the click: <div class=\"cookies-info__inner\">...</div>\n  (Session info: chrome=127.0.6533.119)\nStacktrace:\n\tGetHandleVerifier [0x00C98923+23283]\n\t(No symbol) [0x00C5E934]\n\t(No symbol) [0x00B90733]\n\t(No symbol) [0x00BD91C7]\n\t(No symbol) [0x00BD75D9]\n\t(No symbol) [0x00BD54CB]\n\t(No symbol) [0x00BD4AAF]\n\t(No symbol) [0x00BC99EF]\n\t(No symbol) [0x00BF441C]\n\t(No symbol) [0x00BC9485]\n\t(No symbol) [0x00BF46B4]\n\t(No symbol) [0x00C0CB8D]\n\t(No symbol) [0x00BF41B6]\n\t(No symbol) [0x00BC8017]\n\t(No symbol) [0x00BC890D]\n\tGetHandleVerifier [0x00D8A5F3+1013699]\n\tGetHandleVerifier [0x00D93E4C+1052700]\n\tGetHandleVerifier [0x00D8D4B4+1025668]\n\tGetHandleVerifier [0x00CBEA2B+179195]\n\t(No symbol) [0x00C66833]\n\t(No symbol) [0x00C63198]\n\t(No symbol) [0x00C63337]\n\t(No symbol) [0x00C5B4BE]\n\tBaseThreadInitThunk [0x76D47BA9+25]\n\tRtlInitializeExceptionChain [0x77BEC10B+107]\n\tRtlClearBits [0x77BEC08F+191]\n\n", "trace": "  File \"D:\\PycharmProjects\\Alza_diplom\\pages\\product_page.py\", line 28, in click_to_delivery\n    self.click(self.DELIVERY_TITLE)\n  File \"D:\\PycharmProjects\\Alza_diplom\\pages\\base_page.py\", line 30, in click\n    element.click()\n  File \"D:\\PycharmProjects\\Alza_diplom\\.venv\\Lib\\site-packages\\selenium\\webdriver\\remote\\webelement.py\", line 94, in click\n    self._execute(Command.CLICK_ELEMENT)\n  File \"D:\\PycharmProjects\\Alza_diplom\\.venv\\Lib\\site-packages\\selenium\\webdriver\\remote\\webelement.py\", line 395, in _execute\n    return self._parent.execute(command, params)\n           ^^^^^^^^^^^^^^^^^^^^^^^^^^^^^^^^^^^^^\n  File \"D:\\PycharmProjects\\Alza_diplom\\.venv\\Lib\\site-packages\\selenium\\webdriver\\remote\\webdriver.py\", line 354, in execute\n    self.error_handler.check_response(response)\n  File \"D:\\PycharmProjects\\Alza_diplom\\.venv\\Lib\\site-packages\\selenium\\webdriver\\remote\\errorhandler.py\", line 229, in check_response\n    raise exception_class(message, screen, stacktrace)\n"}, "steps": [{"name": "Click element on element", "status": "broken", "statusDetails": {"message": "selenium.common.exceptions.ElementClickInterceptedException: Message: element click intercepted: Element <div class=\"availability-alz-26\" data-testid=\"productDetail-availability-locationAvailability\">...</div> is not clickable at point (1139, 719). Other element would receive the click: <div class=\"cookies-info__inner\">...</div>\n  (Session info: chrome=127.0.6533.119)\nStacktrace:\n\tGetHandleVerifier [0x00C98923+23283]\n\t(No symbol) [0x00C5E934]\n\t(No symbol) [0x00B90733]\n\t(No symbol) [0x00BD91C7]\n\t(No symbol) [0x00BD75D9]\n\t(No symbol) [0x00BD54CB]\n\t(No symbol) [0x00BD4AAF]\n\t(No symbol) [0x00BC99EF]\n\t(No symbol) [0x00BF441C]\n\t(No symbol) [0x00BC9485]\n\t(No symbol) [0x00BF46B4]\n\t(No symbol) [0x00C0CB8D]\n\t(No symbol) [0x00BF41B6]\n\t(No symbol) [0x00BC8017]\n\t(No symbol) [0x00BC890D]\n\tGetHandleVerifier [0x00D8A5F3+1013699]\n\tGetHandleVerifier [0x00D93E4C+1052700]\n\tGetHandleVerifier [0x00D8D4B4+1025668]\n\tGetHandleVerifier [0x00CBEA2B+179195]\n\t(No symbol) [0x00C66833]\n\t(No symbol) [0x00C63198]\n\t(No symbol) [0x00C63337]\n\t(No symbol) [0x00C5B4BE]\n\tBaseThreadInitThunk [0x76D47BA9+25]\n\tRtlInitializeExceptionChain [0x77BEC10B+107]\n\tRtlClearBits [0x77BEC08F+191]\n\n", "trace": "  File \"D:\\PycharmProjects\\Alza_diplom\\pages\\base_page.py\", line 30, in click\n    element.click()\n  File \"D:\\PycharmProjects\\Alza_diplom\\.venv\\Lib\\site-packages\\selenium\\webdriver\\remote\\webelement.py\", line 94, in click\n    self._execute(Command.CLICK_ELEMENT)\n  File \"D:\\PycharmProjects\\Alza_diplom\\.venv\\Lib\\site-packages\\selenium\\webdriver\\remote\\webelement.py\", line 395, in _execute\n    return self._parent.execute(command, params)\n           ^^^^^^^^^^^^^^^^^^^^^^^^^^^^^^^^^^^^^\n  File \"D:\\PycharmProjects\\Alza_diplom\\.venv\\Lib\\site-packages\\selenium\\webdriver\\remote\\webdriver.py\", line 354, in execute\n    self.error_handler.check_response(response)\n  File \"D:\\PycharmProjects\\Alza_diplom\\.venv\\Lib\\site-packages\\selenium\\webdriver\\remote\\errorhandler.py\", line 229, in check_response\n    raise exception_class(message, screen, stacktrace)\n"}, "steps": [{"name": "Get element", "status": "passed", "start": 1723741968292, "stop": 1723741968954}], "start": 1723741968292, "stop": 1723741970012}], "start": 1723741968292, "stop": 1723741970013}], "attachments": [{"name": "log", "source": "881e8dec-06b1-4601-aea1-eab32ca05dd5-attachment.txt", "type": "text/plain"}], "start": 1723741958555, "stop": 1723741970015, "uuid": "1224f723-4939-4f6d-8f47-02f201f4d3e4", "historyId": "0e2b4bc5ae98d63e9cf25e896fa20752", "testCaseId": "0e2b4bc5ae98d63e9cf25e896fa20752", "fullName": "tests.test_product#test_delivery_search", "labels": [{"name": "feature", "value": "Product page"}, {"name": "parentSuite", "value": "tests"}, {"name": "suite", "value": "test_product"}, {"name": "host", "value": "arret"}, {"name": "thread", "value": "3460-MainThread"}, {"name": "framework", "value": "pytest"}, {"name": "language", "value": "cpython3"}, {"name": "package", "value": "tests.test_product"}]}