{"name": "test_delivery_search", "status": "passed", "steps": [{"name": "Open product page", "status": "passed", "steps": [{"name": "Open main page", "status": "passed", "steps": [{"name": "Open page", "status": "passed", "start": 1723998165301, "stop": 1723998171194}], "start": 1723998165301, "stop": 1723998171194}, {"name": "Go to laptops page", "status": "passed", "steps": [{"name": "Click element on element", "status": "passed", "steps": [{"name": "Get element", "status": "passed", "start": 1723998171194, "stop": 1723998171232}], "start": 1723998171194, "stop": 1723998173574}], "start": 1723998171194, "stop": 1723998173574}, {"name": "Close privacy window", "status": "passed", "steps": [{"name": "Click element on element", "status": "passed", "steps": [{"name": "Get element", "status": "passed", "start": 1723998173574, "stop": 1723998173636}], "start": 1723998173574, "stop": 1723998173689}], "start": 1723998173574, "stop": 1723998173689}, {"name": "Get name of first product", "status": "passed", "steps": [{"name": "Get text of element", "status": "passed", "steps": [{"name": "Get element", "status": "passed", "start": 1723998173689, "stop": 1723998174243}], "start": 1723998173689, "stop": 1723998174260}], "start": 1723998173689, "stop": 1723998174260}, {"name": "Open first product", "status": "passed", "steps": [{"name": "Click element on element", "status": "passed", "steps": [{"name": "Get element", "status": "passed", "start": 1723998174260, "stop": 1723998174291}], "start": 1723998174260, "stop": 1723998175978}], "start": 1723998174260, "stop": 1723998175978}], "start": 1723998165301, "stop": 1723998175978}, {"name": "Click to delivery title", "status": "passed", "steps": [{"name": "Close privacy window", "status": "passed", "steps": [{"name": "Click element on element", "status": "broken", "statusDetails": {"message": "selenium.common.exceptions.TimeoutException: Message: \nStacktrace:\n\tGetHandleVerifier [0x00C48923+23283]\n\t(No symbol) [0x00C0E934]\n\t(No symbol) [0x00B40733]\n\t(No symbol) [0x00B8326F]\n\t(No symbol) [0x00B834AB]\n\t(No symbol) [0x00BBEE42]\n\t(No symbol) [0x00BA4464]\n\t(No symbol) [0x00BBCB8D]\n\t(No symbol) [0x00BA41B6]\n\t(No symbol) [0x00B78017]\n\t(No symbol) [0x00B7890D]\n\tGetHandleVerifier [0x00D3A5F3+1013699]\n\tGetHandleVerifier [0x00D43E4C+1052700]\n\tGetHandleVerifier [0x00D3D4B4+1025668]\n\tGetHandleVerifier [0x00C6EA2B+179195]\n\t(No symbol) [0x00C16833]\n\t(No symbol) [0x00C13198]\n\t(No symbol) [0x00C13337]\n\t(No symbol) [0x00C0B4BE]\n\tBaseThreadInitThunk [0x76D47BA9+25]\n\tRtlInitializeExceptionChain [0x77BEC10B+107]\n\tRtlClearBits [0x77BEC08F+191]\n\n", "trace": "  File \"D:\\PycharmProjects\\Alza_diplom\\pages\\base_page.py\", line 27, in click\n    element = self.get_element(locator)\n              ^^^^^^^^^^^^^^^^^^^^^^^^^\n  File \"D:\\PycharmProjects\\Alza_diplom\\pages\\base_page.py\", line 22, in get_element\n    element = WebDriverWait(self.driver, 10).until(EC.element_to_be_clickable(locator))\n              ^^^^^^^^^^^^^^^^^^^^^^^^^^^^^^^^^^^^^^^^^^^^^^^^^^^^^^^^^^^^^^^^^^^^^^^^^\n  File \"D:\\PycharmProjects\\Alza_diplom\\.venv\\Lib\\site-packages\\selenium\\webdriver\\support\\wait.py\", line 105, in until\n    raise TimeoutException(message, screen, stacktrace)\n"}, "steps": [{"name": "Get element", "status": "broken", "statusDetails": {"message": "selenium.common.exceptions.TimeoutException: Message: \nStacktrace:\n\tGetHandleVerifier [0x00C48923+23283]\n\t(No symbol) [0x00C0E934]\n\t(No symbol) [0x00B40733]\n\t(No symbol) [0x00B8326F]\n\t(No symbol) [0x00B834AB]\n\t(No symbol) [0x00BBEE42]\n\t(No symbol) [0x00BA4464]\n\t(No symbol) [0x00BBCB8D]\n\t(No symbol) [0x00BA41B6]\n\t(No symbol) [0x00B78017]\n\t(No symbol) [0x00B7890D]\n\tGetHandleVerifier [0x00D3A5F3+1013699]\n\tGetHandleVerifier [0x00D43E4C+1052700]\n\tGetHandleVerifier [0x00D3D4B4+1025668]\n\tGetHandleVerifier [0x00C6EA2B+179195]\n\t(No symbol) [0x00C16833]\n\t(No symbol) [0x00C13198]\n\t(No symbol) [0x00C13337]\n\t(No symbol) [0x00C0B4BE]\n\tBaseThreadInitThunk [0x76D47BA9+25]\n\tRtlInitializeExceptionChain [0x77BEC10B+107]\n\tRtlClearBits [0x77BEC08F+191]\n\n", "trace": "  File \"D:\\PycharmProjects\\Alza_diplom\\pages\\base_page.py\", line 22, in get_element\n    element = WebDriverWait(self.driver, 10).until(EC.element_to_be_clickable(locator))\n              ^^^^^^^^^^^^^^^^^^^^^^^^^^^^^^^^^^^^^^^^^^^^^^^^^^^^^^^^^^^^^^^^^^^^^^^^^\n  File \"D:\\PycharmProjects\\Alza_diplom\\.venv\\Lib\\site-packages\\selenium\\webdriver\\support\\wait.py\", line 105, in until\n    raise TimeoutException(message, screen, stacktrace)\n"}, "start": 1723998175978, "stop": 1723998186296}], "start": 1723998175978, "stop": 1723998186296}], "start": 1723998175978, "stop": 1723998186296}, {"name": "Click element on element", "status": "passed", "steps": [{"name": "Get element", "status": "passed", "start": 1723998186296, "stop": 1723998186326}], "start": 1723998186296, "stop": 1723998186390}], "start": 1723998175978, "stop": 1723998186390}, {"name": "Search address for delivery", "status": "passed", "steps": [{"name": "Fill element with text", "status": "passed", "steps": [{"name": "Get element", "status": "passed", "start": 1723998186390, "stop": 1723998186937}], "start": 1723998186390, "stop": 1723998187022}], "start": 1723998186390, "stop": 1723998189022}, {"name": "Choose address for delivery", "status": "passed", "steps": [{"name": "Fill element with text", "status": "passed", "steps": [{"name": "Get element", "status": "passed", "start": 1723998189022, "stop": 1723998189048}], "start": 1723998189022, "stop": 1723998189078}, {"name": "Fill element with text", "status": "passed", "steps": [{"name": "Get element", "status": "passed", "start": 1723998189078, "stop": 1723998189109}], "start": 1723998189078, "stop": 1723998189199}], "start": 1723998189022, "stop": 1723998190200}, {"name": "Assert that delivery search works", "status": "passed", "steps": [{"name": "Get element", "status": "passed", "start": 1723998190200, "stop": 1723998190236}], "start": 1723998190200, "stop": 1723998190236}], "attachments": [{"name": "log", "source": "f81c4fa2-33c6-4803-933e-2c8dac7b07e1-attachment.txt", "type": "text/plain"}], "start": 1723998165301, "stop": 1723998190236, "uuid": "9c448097-fadc-488f-836f-3e82920a066e", "historyId": "0e2b4bc5ae98d63e9cf25e896fa20752", "testCaseId": "0e2b4bc5ae98d63e9cf25e896fa20752", "fullName": "tests.test_product#test_delivery_search", "labels": [{"name": "feature", "value": "Product page"}, {"name": "parentSuite", "value": "tests"}, {"name": "suite", "value": "test_product"}, {"name": "host", "value": "arret"}, {"name": "thread", "value": "5008-MainThread"}, {"name": "framework", "value": "pytest"}, {"name": "language", "value": "cpython3"}, {"name": "package", "value": "tests.test_product"}]}