{"name": "test_buy_button", "status": "passed", "steps": [{"name": "Open product page", "status": "passed", "steps": [{"name": "Open main page", "status": "passed", "steps": [{"name": "Open page", "status": "passed", "start": 1723818109295, "stop": 1723818113360}], "start": 1723818109295, "stop": 1723818113360}, {"name": "Go to laptops page", "status": "passed", "steps": [{"name": "Click element on element", "status": "passed", "steps": [{"name": "Get element", "status": "passed", "start": 1723818113360, "stop": 1723818113433}], "start": 1723818113360, "stop": 1723818114837}], "start": 1723818113360, "stop": 1723818114837}, {"name": "Close privacy window", "status": "passed", "steps": [{"name": "Click element on element", "status": "passed", "steps": [{"name": "Get element", "status": "passed", "start": 1723818114837, "stop": 1723818115344}], "start": 1723818114837, "stop": 1723818115406}], "start": 1723818114837, "stop": 1723818115406}, {"name": "Get name of first product", "status": "passed", "steps": [{"name": "Get text of element", "status": "passed", "steps": [{"name": "Get element", "status": "passed", "start": 1723818115406, "stop": 1723818115448}], "start": 1723818115406, "stop": 1723818115462}], "start": 1723818115406, "stop": 1723818115462}, {"name": "Open first product", "status": "passed", "steps": [{"name": "Click element on element", "status": "passed", "steps": [{"name": "Get element", "status": "passed", "start": 1723818115462, "stop": 1723818115490}], "start": 1723818115462, "stop": 1723818117017}], "start": 1723818115462, "stop": 1723818117017}], "start": 1723818109294, "stop": 1723818117017}, {"name": "Buy products", "status": "passed", "steps": [{"name": "Close privacy window", "status": "passed", "steps": [{"name": "Click element on element", "status": "broken", "statusDetails": {"message": "selenium.common.exceptions.TimeoutException: Message: \nStacktrace:\n\tGetHandleVerifier [0x002B8923+23283]\n\t(No symbol) [0x0027E934]\n\t(No symbol) [0x001B0733]\n\t(No symbol) [0x001F326F]\n\t(No symbol) [0x001F34AB]\n\t(No symbol) [0x0022EE42]\n\t(No symbol) [0x00214464]\n\t(No symbol) [0x0022CB8D]\n\t(No symbol) [0x002141B6]\n\t(No symbol) [0x001E8017]\n\t(No symbol) [0x001E890D]\n\tGetHandleVerifier [0x003AA5F3+1013699]\n\tGetHandleVerifier [0x003B3E4C+1052700]\n\tGetHandleVerifier [0x003AD4B4+1025668]\n\tGetHandleVerifier [0x002DEA2B+179195]\n\t(No symbol) [0x00286833]\n\t(No symbol) [0x00283198]\n\t(No symbol) [0x00283337]\n\t(No symbol) [0x0027B4BE]\n\tBaseThreadInitThunk [0x76D47BA9+25]\n\tRtlInitializeExceptionChain [0x77BEC10B+107]\n\tRtlClearBits [0x77BEC08F+191]\n\t(No symbol) [0x00000000]\n\n", "trace": "  File \"D:\\PycharmProjects\\Alza_diplom\\pages\\base_page.py\", line 27, in click\n    element = self.get_element(locator)\n              ^^^^^^^^^^^^^^^^^^^^^^^^^\n  File \"D:\\PycharmProjects\\Alza_diplom\\pages\\base_page.py\", line 22, in get_element\n    element = WebDriverWait(self.driver, 10).until(EC.element_to_be_clickable(locator))\n              ^^^^^^^^^^^^^^^^^^^^^^^^^^^^^^^^^^^^^^^^^^^^^^^^^^^^^^^^^^^^^^^^^^^^^^^^^\n  File \"D:\\PycharmProjects\\Alza_diplom\\.venv\\Lib\\site-packages\\selenium\\webdriver\\support\\wait.py\", line 105, in until\n    raise TimeoutException(message, screen, stacktrace)\n"}, "steps": [{"name": "Get element", "status": "broken", "statusDetails": {"message": "selenium.common.exceptions.TimeoutException: Message: \nStacktrace:\n\tGetHandleVerifier [0x002B8923+23283]\n\t(No symbol) [0x0027E934]\n\t(No symbol) [0x001B0733]\n\t(No symbol) [0x001F326F]\n\t(No symbol) [0x001F34AB]\n\t(No symbol) [0x0022EE42]\n\t(No symbol) [0x00214464]\n\t(No symbol) [0x0022CB8D]\n\t(No symbol) [0x002141B6]\n\t(No symbol) [0x001E8017]\n\t(No symbol) [0x001E890D]\n\tGetHandleVerifier [0x003AA5F3+1013699]\n\tGetHandleVerifier [0x003B3E4C+1052700]\n\tGetHandleVerifier [0x003AD4B4+1025668]\n\tGetHandleVerifier [0x002DEA2B+179195]\n\t(No symbol) [0x00286833]\n\t(No symbol) [0x00283198]\n\t(No symbol) [0x00283337]\n\t(No symbol) [0x0027B4BE]\n\tBaseThreadInitThunk [0x76D47BA9+25]\n\tRtlInitializeExceptionChain [0x77BEC10B+107]\n\tRtlClearBits [0x77BEC08F+191]\n\t(No symbol) [0x00000000]\n\n", "trace": "  File \"D:\\PycharmProjects\\Alza_diplom\\pages\\base_page.py\", line 22, in get_element\n    element = WebDriverWait(self.driver, 10).until(EC.element_to_be_clickable(locator))\n              ^^^^^^^^^^^^^^^^^^^^^^^^^^^^^^^^^^^^^^^^^^^^^^^^^^^^^^^^^^^^^^^^^^^^^^^^^\n  File \"D:\\PycharmProjects\\Alza_diplom\\.venv\\Lib\\site-packages\\selenium\\webdriver\\support\\wait.py\", line 105, in until\n    raise TimeoutException(message, screen, stacktrace)\n"}, "start": 1723818117017, "stop": 1723818127338}], "start": 1723818117017, "stop": 1723818127338}], "start": 1723818117017, "stop": 1723818127338}, {"name": "Click element on element", "status": "passed", "steps": [{"name": "Get element", "status": "passed", "start": 1723818127338, "stop": 1723818127367}], "start": 1723818127338, "stop": 1723818130749}, {"name": "Click element on element", "status": "broken", "statusDetails": {"message": "selenium.common.exceptions.TimeoutException: Message: \nStacktrace:\n\tGetHandleVerifier [0x002B8923+23283]\n\t(No symbol) [0x0027E934]\n\t(No symbol) [0x001B0733]\n\t(No symbol) [0x001F326F]\n\t(No symbol) [0x001F34AB]\n\t(No symbol) [0x0022EE42]\n\t(No symbol) [0x00214464]\n\t(No symbol) [0x0022CB8D]\n\t(No symbol) [0x002141B6]\n\t(No symbol) [0x001E8017]\n\t(No symbol) [0x001E890D]\n\tGetHandleVerifier [0x003AA5F3+1013699]\n\tGetHandleVerifier [0x003B3E4C+1052700]\n\tGetHandleVerifier [0x003AD4B4+1025668]\n\tGetHandleVerifier [0x002DEA2B+179195]\n\t(No symbol) [0x00286833]\n\t(No symbol) [0x00283198]\n\t(No symbol) [0x00283337]\n\t(No symbol) [0x0027B4BE]\n\tBaseThreadInitThunk [0x76D47BA9+25]\n\tRtlInitializeExceptionChain [0x77BEC10B+107]\n\tRtlClearBits [0x77BEC08F+191]\n\t(No symbol) [0x00000000]\n\n", "trace": "  File \"D:\\PycharmProjects\\Alza_diplom\\pages\\base_page.py\", line 27, in click\n    element = self.get_element(locator)\n              ^^^^^^^^^^^^^^^^^^^^^^^^^\n  File \"D:\\PycharmProjects\\Alza_diplom\\pages\\base_page.py\", line 22, in get_element\n    element = WebDriverWait(self.driver, 10).until(EC.element_to_be_clickable(locator))\n              ^^^^^^^^^^^^^^^^^^^^^^^^^^^^^^^^^^^^^^^^^^^^^^^^^^^^^^^^^^^^^^^^^^^^^^^^^\n  File \"D:\\PycharmProjects\\Alza_diplom\\.venv\\Lib\\site-packages\\selenium\\webdriver\\support\\wait.py\", line 105, in until\n    raise TimeoutException(message, screen, stacktrace)\n"}, "steps": [{"name": "Get element", "status": "broken", "statusDetails": {"message": "selenium.common.exceptions.TimeoutException: Message: \nStacktrace:\n\tGetHandleVerifier [0x002B8923+23283]\n\t(No symbol) [0x0027E934]\n\t(No symbol) [0x001B0733]\n\t(No symbol) [0x001F326F]\n\t(No symbol) [0x001F34AB]\n\t(No symbol) [0x0022EE42]\n\t(No symbol) [0x00214464]\n\t(No symbol) [0x0022CB8D]\n\t(No symbol) [0x002141B6]\n\t(No symbol) [0x001E8017]\n\t(No symbol) [0x001E890D]\n\tGetHandleVerifier [0x003AA5F3+1013699]\n\tGetHandleVerifier [0x003B3E4C+1052700]\n\tGetHandleVerifier [0x003AD4B4+1025668]\n\tGetHandleVerifier [0x002DEA2B+179195]\n\t(No symbol) [0x00286833]\n\t(No symbol) [0x00283198]\n\t(No symbol) [0x00283337]\n\t(No symbol) [0x0027B4BE]\n\tBaseThreadInitThunk [0x76D47BA9+25]\n\tRtlInitializeExceptionChain [0x77BEC10B+107]\n\tRtlClearBits [0x77BEC08F+191]\n\t(No symbol) [0x00000000]\n\n", "trace": "  File \"D:\\PycharmProjects\\Alza_diplom\\pages\\base_page.py\", line 22, in get_element\n    element = WebDriverWait(self.driver, 10).until(EC.element_to_be_clickable(locator))\n              ^^^^^^^^^^^^^^^^^^^^^^^^^^^^^^^^^^^^^^^^^^^^^^^^^^^^^^^^^^^^^^^^^^^^^^^^^\n  File \"D:\\PycharmProjects\\Alza_diplom\\.venv\\Lib\\site-packages\\selenium\\webdriver\\support\\wait.py\", line 105, in until\n    raise TimeoutException(message, screen, stacktrace)\n"}, "start": 1723818130749, "stop": 1723818141041}], "start": 1723818130749, "stop": 1723818141041}], "start": 1723818117017, "stop": 1723818141042}, {"name": "Assert cross sell page", "status": "passed", "steps": [{"name": "Get element", "status": "passed", "start": 1723818141042, "stop": 1723818141072}], "start": 1723818141042, "stop": 1723818141072}], "attachments": [{"name": "log", "source": "7743b9ea-54d3-485b-a57f-581ea2e37359-attachment.txt", "type": "text/plain"}, {"name": "stdout", "source": "57f4b131-6475-4484-b8eb-e0fd03f54afd-attachment.txt", "type": "text/plain"}], "start": 1723818109294, "stop": 1723818141072, "uuid": "ad56c949-00a3-4825-9e58-01a6bd6ede6f", "historyId": "68189f8057644649ee49eae513550dba", "testCaseId": "68189f8057644649ee49eae513550dba", "fullName": "tests.test_product#test_buy_button", "labels": [{"name": "feature", "value": "Product page"}, {"name": "parentSuite", "value": "tests"}, {"name": "suite", "value": "test_product"}, {"name": "host", "value": "arret"}, {"name": "thread", "value": "8872-MainThread"}, {"name": "framework", "value": "pytest"}, {"name": "language", "value": "cpython3"}, {"name": "package", "value": "tests.test_product"}]}