{"name": "test_disabled_plus_button", "status": "passed", "steps": [{"name": "Buy first product", "status": "passed", "steps": [{"name": "Open main page", "status": "passed", "steps": [{"name": "Open page", "status": "passed", "start": 1723997511318, "stop": 1723997515926}], "start": 1723997511318, "stop": 1723997515926}, {"name": "Take item to basket", "status": "passed", "steps": [{"name": "Go to laptops page", "status": "passed", "steps": [{"name": "Click element on element", "status": "passed", "steps": [{"name": "Get element", "status": "passed", "start": 1723997515926, "stop": 1723997515980}], "start": 1723997515926, "stop": 1723997517372}], "start": 1723997515926, "stop": 1723997517372}, {"name": "Close privacy window", "status": "passed", "steps": [{"name": "Click element on element", "status": "passed", "steps": [{"name": "Get element", "status": "passed", "start": 1723997517372, "stop": 1723997517546}], "start": 1723997517372, "stop": 1723997517901}], "start": 1723997517372, "stop": 1723997517901}, {"name": "Click element on element", "status": "passed", "steps": [{"name": "Get element", "status": "passed", "start": 1723997517901, "stop": 1723997517943}], "start": 1723997517901, "stop": 1723997518069}], "start": 1723997515926, "stop": 1723997520070}], "start": 1723997511318, "stop": 1723997520070}, {"name": "Click element on element", "status": "passed", "steps": [{"name": "Get element", "status": "passed", "start": 1723997520070, "stop": 1723997520101}], "start": 1723997520070, "stop": 1723997521255}, {"name": "Getting max limit of product", "status": "passed", "steps": [{"name": "Click element on element", "status": "passed", "steps": [{"name": "Get element", "status": "passed", "start": 1723997521255, "stop": 1723997521356}], "start": 1723997521255, "stop": 1723997523500}, {"name": "Get element", "status": "broken", "statusDetails": {"message": "selenium.common.exceptions.TimeoutException: Message: \nStacktrace:\n\tGetHandleVerifier [0x00C48923+23283]\n\t(No symbol) [0x00C0E934]\n\t(No symbol) [0x00B40733]\n\t(No symbol) [0x00B8326F]\n\t(No symbol) [0x00B834AB]\n\t(No symbol) [0x00BBEE42]\n\t(No symbol) [0x00BA4464]\n\t(No symbol) [0x00BBCB8D]\n\t(No symbol) [0x00BA41B6]\n\t(No symbol) [0x00B78017]\n\t(No symbol) [0x00B7890D]\n\tGetHandleVerifier [0x00D3A5F3+1013699]\n\tGetHandleVerifier [0x00D43E4C+1052700]\n\tGetHandleVerifier [0x00D3D4B4+1025668]\n\tGetHandleVerifier [0x00C6EA2B+179195]\n\t(No symbol) [0x00C16833]\n\t(No symbol) [0x00C13198]\n\t(No symbol) [0x00C13337]\n\t(No symbol) [0x00C0B4BE]\n\tBaseThreadInitThunk [0x76D47BA9+25]\n\tRtlInitializeExceptionChain [0x77BEC10B+107]\n\tRtlClearBits [0x77BEC08F+191]\n\n", "trace": "  File \"D:\\PycharmProjects\\Alza_diplom\\pages\\base_page.py\", line 22, in get_element\n    element = WebDriverWait(self.driver, 10).until(EC.element_to_be_clickable(locator))\n              ^^^^^^^^^^^^^^^^^^^^^^^^^^^^^^^^^^^^^^^^^^^^^^^^^^^^^^^^^^^^^^^^^^^^^^^^^\n  File \"D:\\PycharmProjects\\Alza_diplom\\.venv\\Lib\\site-packages\\selenium\\webdriver\\support\\wait.py\", line 105, in until\n    raise TimeoutException(message, screen, stacktrace)\n"}, "start": 1723997523601, "stop": 1723997534116}, {"name": "Click element on element", "status": "passed", "steps": [{"name": "Get element", "status": "passed", "start": 1723997534118, "stop": 1723997534145}], "start": 1723997534117, "stop": 1723997534948}, {"name": "Get element", "status": "broken", "statusDetails": {"message": "selenium.common.exceptions.TimeoutException: Message: \nStacktrace:\n\tGetHandleVerifier [0x00C48923+23283]\n\t(No symbol) [0x00C0E934]\n\t(No symbol) [0x00B40733]\n\t(No symbol) [0x00B8326F]\n\t(No symbol) [0x00B834AB]\n\t(No symbol) [0x00BBEE42]\n\t(No symbol) [0x00BA4464]\n\t(No symbol) [0x00BBCB8D]\n\t(No symbol) [0x00BA41B6]\n\t(No symbol) [0x00B78017]\n\t(No symbol) [0x00B7890D]\n\tGetHandleVerifier [0x00D3A5F3+1013699]\n\tGetHandleVerifier [0x00D43E4C+1052700]\n\tGetHandleVerifier [0x00D3D4B4+1025668]\n\tGetHandleVerifier [0x00C6EA2B+179195]\n\t(No symbol) [0x00C16833]\n\t(No symbol) [0x00C13198]\n\t(No symbol) [0x00C13337]\n\t(No symbol) [0x00C0B4BE]\n\tBaseThreadInitThunk [0x76D47BA9+25]\n\tRtlInitializeExceptionChain [0x77BEC10B+107]\n\tRtlClearBits [0x77BEC08F+191]\n\n", "trace": "  File \"D:\\PycharmProjects\\Alza_diplom\\pages\\base_page.py\", line 22, in get_element\n    element = WebDriverWait(self.driver, 10).until(EC.element_to_be_clickable(locator))\n              ^^^^^^^^^^^^^^^^^^^^^^^^^^^^^^^^^^^^^^^^^^^^^^^^^^^^^^^^^^^^^^^^^^^^^^^^^\n  File \"D:\\PycharmProjects\\Alza_diplom\\.venv\\Lib\\site-packages\\selenium\\webdriver\\support\\wait.py\", line 105, in until\n    raise TimeoutException(message, screen, stacktrace)\n"}, "start": 1723997535048, "stop": 1723997545274}, {"name": "Click element on element", "status": "passed", "steps": [{"name": "Get element", "status": "passed", "start": 1723997545274, "stop": 1723997545300}], "start": 1723997545274, "stop": 1723997546084}, {"name": "No limit of product", "status": "passed", "start": 1723997546185, "stop": 1723997546185}], "start": 1723997521255, "stop": 1723997546185}, {"name": "Asserting basket is not empty", "status": "passed", "steps": [{"name": "Get element", "status": "passed", "start": 1723997547185, "stop": 1723997547219}], "start": 1723997547185, "stop": 1723997547219}], "attachments": [{"name": "log", "source": "9d20566e-8e2d-484d-ba7c-e3a4a617e34d-attachment.txt", "type": "text/plain"}], "start": 1723997511318, "stop": 1723997547220, "uuid": "6ab7ae74-ca01-4a93-8293-60d131df5220", "historyId": "3b87e4d7aad5973e6551356c5308f7bc", "testCaseId": "3b87e4d7aad5973e6551356c5308f7bc", "fullName": "tests.test_basket#test_disabled_plus_button", "labels": [{"name": "feature", "value": "Basket"}, {"name": "parentSuite", "value": "tests"}, {"name": "suite", "value": "test_basket"}, {"name": "host", "value": "arret"}, {"name": "thread", "value": "5008-MainThread"}, {"name": "framework", "value": "pytest"}, {"name": "language", "value": "cpython3"}, {"name": "package", "value": "tests.test_basket"}]}