{"name": "test_buy_button", "status": "broken", "statusDetails": {"message": "selenium.common.exceptions.TimeoutException: Message: \nStacktrace:\n\tGetHandleVerifier [0x00578923+23283]\n\t(No symbol) [0x0053E934]\n\t(No symbol) [0x00470733]\n\t(No symbol) [0x004B326F]\n\t(No symbol) [0x004B34AB]\n\t(No symbol) [0x004EEE42]\n\t(No symbol) [0x004D4464]\n\t(No symbol) [0x004ECB8D]\n\t(No symbol) [0x004D41B6]\n\t(No symbol) [0x004A8017]\n\t(No symbol) [0x004A890D]\n\tGetHandleVerifier [0x0066A5F3+1013699]\n\tGetHandleVerifier [0x00673E4C+1052700]\n\tGetHandleVerifier [0x0066D4B4+1025668]\n\tGetHandleVerifier [0x0059EA2B+179195]\n\t(No symbol) [0x00546833]\n\t(No symbol) [0x00543198]\n\t(No symbol) [0x00543337]\n\t(No symbol) [0x0053B4BE]\n\tBaseThreadInitThunk [0x767F7BA9+25]\n\tRtlInitializeExceptionChain [0x776DC10B+107]\n\tRtlClearBits [0x776DC08F+191]", "trace": "driver = <selenium.webdriver.chrome.webdriver.WebDriver (session=\"2fbc8a5cde42a390866455e834760506\")>\n\n    @allure.feature('Product page')\n    def test_buy_button(driver):\n        main_page = MainPage(driver)\n        main_page.to_product_page()\n        product_page = ProductPage(driver)\n        product_page.buy_product()\n>       product_page.assert_cross_sell_page()\n\ntests\\test_product.py:56: \n_ _ _ _ _ _ _ _ _ _ _ _ _ _ _ _ _ _ _ _ _ _ _ _ _ _ _ _ _ _ _ _ _ _ _ _ _ _ _ _ _ _ \npages\\product_page.py:72: in assert_cross_sell_page\n    assert self.get_element(self.CAROUSEL_CONTENT)\npages\\base_page.py:22: in get_element\n    element = WebDriverWait(self.driver, 10).until(EC.element_to_be_clickable(locator))\n_ _ _ _ _ _ _ _ _ _ _ _ _ _ _ _ _ _ _ _ _ _ _ _ _ _ _ _ _ _ _ _ _ _ _ _ _ _ _ _ _ _ \n\nself = <selenium.webdriver.support.wait.WebDriverWait (session=\"2fbc8a5cde42a390866455e834760506\")>\nmethod = <function element_to_be_clickable.<locals>._predicate at 0x000001E29074B060>\nmessage = ''\n\n    def until(self, method: Callable[[D], Union[Literal[False], T]], message: str = \"\") -> T:\n        \"\"\"Calls the method provided with the driver as an argument until the \\\n        return value does not evaluate to ``False``.\n    \n        :param method: callable(WebDriver)\n        :param message: optional message for :exc:`TimeoutException`\n        :returns: the result of the last call to `method`\n        :raises: :exc:`selenium.common.exceptions.TimeoutException` if timeout occurs\n        \"\"\"\n        screen = None\n        stacktrace = None\n    \n        end_time = time.monotonic() + self._timeout\n        while True:\n            try:\n                value = method(self._driver)\n                if value:\n                    return value\n            except self._ignored_exceptions as exc:\n                screen = getattr(exc, \"screen\", None)\n                stacktrace = getattr(exc, \"stacktrace\", None)\n            time.sleep(self._poll)\n            if time.monotonic() > end_time:\n                break\n>       raise TimeoutException(message, screen, stacktrace)\nE       selenium.common.exceptions.TimeoutException: Message: \nE       Stacktrace:\nE       \tGetHandleVerifier [0x00578923+23283]\nE       \t(No symbol) [0x0053E934]\nE       \t(No symbol) [0x00470733]\nE       \t(No symbol) [0x004B326F]\nE       \t(No symbol) [0x004B34AB]\nE       \t(No symbol) [0x004EEE42]\nE       \t(No symbol) [0x004D4464]\nE       \t(No symbol) [0x004ECB8D]\nE       \t(No symbol) [0x004D41B6]\nE       \t(No symbol) [0x004A8017]\nE       \t(No symbol) [0x004A890D]\nE       \tGetHandleVerifier [0x0066A5F3+1013699]\nE       \tGetHandleVerifier [0x00673E4C+1052700]\nE       \tGetHandleVerifier [0x0066D4B4+1025668]\nE       \tGetHandleVerifier [0x0059EA2B+179195]\nE       \t(No symbol) [0x00546833]\nE       \t(No symbol) [0x00543198]\nE       \t(No symbol) [0x00543337]\nE       \t(No symbol) [0x0053B4BE]\nE       \tBaseThreadInitThunk [0x767F7BA9+25]\nE       \tRtlInitializeExceptionChain [0x776DC10B+107]\nE       \tRtlClearBits [0x776DC08F+191]\n\n.venv\\Lib\\site-packages\\selenium\\webdriver\\support\\wait.py:105: TimeoutException"}, "steps": [{"name": "Open product page", "status": "passed", "steps": [{"name": "Open main page", "status": "passed", "steps": [{"name": "Open page", "status": "passed", "start": 1723628291618, "stop": 1723628300984}], "start": 1723628291618, "stop": 1723628300984}, {"name": "Close privacy window", "status": "passed", "steps": [{"name": "Click element on element", "status": "passed", "steps": [{"name": "Get element", "status": "passed", "start": 1723628300985, "stop": 1723628301046}], "start": 1723628300985, "stop": 1723628301126}], "start": 1723628300984, "stop": 1723628301126}, {"name": "Get name of first product", "status": "passed", "steps": [{"name": "Get text of element", "status": "passed", "steps": [{"name": "Get element", "status": "passed", "start": 1723628301126, "stop": 1723628301181}], "start": 1723628301126, "stop": 1723628301198}], "start": 1723628301126, "stop": 1723628301198}, {"name": "Open first product", "status": "passed", "steps": [{"name": "Click element on element", "status": "passed", "steps": [{"name": "Get element", "status": "passed", "start": 1723628301198, "stop": 1723628301238}], "start": 1723628301198, "stop": 1723628302871}], "start": 1723628301198, "stop": 1723628302871}], "start": 1723628291618, "stop": 1723628302871}, {"name": "Buy products", "status": "passed", "steps": [{"name": "Close privacy window", "status": "passed", "steps": [{"name": "Click element on element", "status": "broken", "statusDetails": {"message": "selenium.common.exceptions.TimeoutException: Message: \nStacktrace:\n\tGetHandleVerifier [0x00578923+23283]\n\t(No symbol) [0x0053E934]\n\t(No symbol) [0x00470733]\n\t(No symbol) [0x004B326F]\n\t(No symbol) [0x004B34AB]\n\t(No symbol) [0x004EEE42]\n\t(No symbol) [0x004D4464]\n\t(No symbol) [0x004ECB8D]\n\t(No symbol) [0x004D41B6]\n\t(No symbol) [0x004A8017]\n\t(No symbol) [0x004A890D]\n\tGetHandleVerifier [0x0066A5F3+1013699]\n\tGetHandleVerifier [0x00673E4C+1052700]\n\tGetHandleVerifier [0x0066D4B4+1025668]\n\tGetHandleVerifier [0x0059EA2B+179195]\n\t(No symbol) [0x00546833]\n\t(No symbol) [0x00543198]\n\t(No symbol) [0x00543337]\n\t(No symbol) [0x0053B4BE]\n\tBaseThreadInitThunk [0x767F7BA9+25]\n\tRtlInitializeExceptionChain [0x776DC10B+107]\n\tRtlClearBits [0x776DC08F+191]\n\n", "trace": "  File \"D:\\PycharmProjects\\Alza_diplom\\pages\\base_page.py\", line 27, in click\n    element = self.get_element(locator)\n              ^^^^^^^^^^^^^^^^^^^^^^^^^\n  File \"D:\\PycharmProjects\\Alza_diplom\\pages\\base_page.py\", line 22, in get_element\n    element = WebDriverWait(self.driver, 10).until(EC.element_to_be_clickable(locator))\n              ^^^^^^^^^^^^^^^^^^^^^^^^^^^^^^^^^^^^^^^^^^^^^^^^^^^^^^^^^^^^^^^^^^^^^^^^^\n  File \"D:\\PycharmProjects\\Alza_diplom\\.venv\\Lib\\site-packages\\selenium\\webdriver\\support\\wait.py\", line 105, in until\n    raise TimeoutException(message, screen, stacktrace)\n"}, "steps": [{"name": "Get element", "status": "broken", "statusDetails": {"message": "selenium.common.exceptions.TimeoutException: Message: \nStacktrace:\n\tGetHandleVerifier [0x00578923+23283]\n\t(No symbol) [0x0053E934]\n\t(No symbol) [0x00470733]\n\t(No symbol) [0x004B326F]\n\t(No symbol) [0x004B34AB]\n\t(No symbol) [0x004EEE42]\n\t(No symbol) [0x004D4464]\n\t(No symbol) [0x004ECB8D]\n\t(No symbol) [0x004D41B6]\n\t(No symbol) [0x004A8017]\n\t(No symbol) [0x004A890D]\n\tGetHandleVerifier [0x0066A5F3+1013699]\n\tGetHandleVerifier [0x00673E4C+1052700]\n\tGetHandleVerifier [0x0066D4B4+1025668]\n\tGetHandleVerifier [0x0059EA2B+179195]\n\t(No symbol) [0x00546833]\n\t(No symbol) [0x00543198]\n\t(No symbol) [0x00543337]\n\t(No symbol) [0x0053B4BE]\n\tBaseThreadInitThunk [0x767F7BA9+25]\n\tRtlInitializeExceptionChain [0x776DC10B+107]\n\tRtlClearBits [0x776DC08F+191]\n\n", "trace": "  File \"D:\\PycharmProjects\\Alza_diplom\\pages\\base_page.py\", line 22, in get_element\n    element = WebDriverWait(self.driver, 10).until(EC.element_to_be_clickable(locator))\n              ^^^^^^^^^^^^^^^^^^^^^^^^^^^^^^^^^^^^^^^^^^^^^^^^^^^^^^^^^^^^^^^^^^^^^^^^^\n  File \"D:\\PycharmProjects\\Alza_diplom\\.venv\\Lib\\site-packages\\selenium\\webdriver\\support\\wait.py\", line 105, in until\n    raise TimeoutException(message, screen, stacktrace)\n"}, "start": 1723628302871, "stop": 1723628313312}], "start": 1723628302871, "stop": 1723628313312}], "start": 1723628302871, "stop": 1723628313313}, {"name": "Click element on element", "status": "passed", "steps": [{"name": "Get element", "status": "passed", "start": 1723628313313, "stop": 1723628313347}], "start": 1723628313313, "stop": 1723628315109}, {"name": "Click element on element", "status": "broken", "statusDetails": {"message": "selenium.common.exceptions.TimeoutException: Message: \nStacktrace:\n\tGetHandleVerifier [0x00578923+23283]\n\t(No symbol) [0x0053E934]\n\t(No symbol) [0x00470733]\n\t(No symbol) [0x004B326F]\n\t(No symbol) [0x004B34AB]\n\t(No symbol) [0x004EEE42]\n\t(No symbol) [0x004D4464]\n\t(No symbol) [0x004ECB8D]\n\t(No symbol) [0x004D41B6]\n\t(No symbol) [0x004A8017]\n\t(No symbol) [0x004A890D]\n\tGetHandleVerifier [0x0066A5F3+1013699]\n\tGetHandleVerifier [0x00673E4C+1052700]\n\tGetHandleVerifier [0x0066D4B4+1025668]\n\tGetHandleVerifier [0x0059EA2B+179195]\n\t(No symbol) [0x00546833]\n\t(No symbol) [0x00543198]\n\t(No symbol) [0x00543337]\n\t(No symbol) [0x0053B4BE]\n\tBaseThreadInitThunk [0x767F7BA9+25]\n\tRtlInitializeExceptionChain [0x776DC10B+107]\n\tRtlClearBits [0x776DC08F+191]\n\n", "trace": "  File \"D:\\PycharmProjects\\Alza_diplom\\pages\\base_page.py\", line 27, in click\n    element = self.get_element(locator)\n              ^^^^^^^^^^^^^^^^^^^^^^^^^\n  File \"D:\\PycharmProjects\\Alza_diplom\\pages\\base_page.py\", line 22, in get_element\n    element = WebDriverWait(self.driver, 10).until(EC.element_to_be_clickable(locator))\n              ^^^^^^^^^^^^^^^^^^^^^^^^^^^^^^^^^^^^^^^^^^^^^^^^^^^^^^^^^^^^^^^^^^^^^^^^^\n  File \"D:\\PycharmProjects\\Alza_diplom\\.venv\\Lib\\site-packages\\selenium\\webdriver\\support\\wait.py\", line 105, in until\n    raise TimeoutException(message, screen, stacktrace)\n"}, "steps": [{"name": "Get element", "status": "broken", "statusDetails": {"message": "selenium.common.exceptions.TimeoutException: Message: \nStacktrace:\n\tGetHandleVerifier [0x00578923+23283]\n\t(No symbol) [0x0053E934]\n\t(No symbol) [0x00470733]\n\t(No symbol) [0x004B326F]\n\t(No symbol) [0x004B34AB]\n\t(No symbol) [0x004EEE42]\n\t(No symbol) [0x004D4464]\n\t(No symbol) [0x004ECB8D]\n\t(No symbol) [0x004D41B6]\n\t(No symbol) [0x004A8017]\n\t(No symbol) [0x004A890D]\n\tGetHandleVerifier [0x0066A5F3+1013699]\n\tGetHandleVerifier [0x00673E4C+1052700]\n\tGetHandleVerifier [0x0066D4B4+1025668]\n\tGetHandleVerifier [0x0059EA2B+179195]\n\t(No symbol) [0x00546833]\n\t(No symbol) [0x00543198]\n\t(No symbol) [0x00543337]\n\t(No symbol) [0x0053B4BE]\n\tBaseThreadInitThunk [0x767F7BA9+25]\n\tRtlInitializeExceptionChain [0x776DC10B+107]\n\tRtlClearBits [0x776DC08F+191]\n\n", "trace": "  File \"D:\\PycharmProjects\\Alza_diplom\\pages\\base_page.py\", line 22, in get_element\n    element = WebDriverWait(self.driver, 10).until(EC.element_to_be_clickable(locator))\n              ^^^^^^^^^^^^^^^^^^^^^^^^^^^^^^^^^^^^^^^^^^^^^^^^^^^^^^^^^^^^^^^^^^^^^^^^^\n  File \"D:\\PycharmProjects\\Alza_diplom\\.venv\\Lib\\site-packages\\selenium\\webdriver\\support\\wait.py\", line 105, in until\n    raise TimeoutException(message, screen, stacktrace)\n"}, "start": 1723628315110, "stop": 1723628325373}], "start": 1723628315110, "stop": 1723628325374}], "start": 1723628302871, "stop": 1723628325374}, {"name": "Assert cross sell page", "status": "broken", "statusDetails": {"message": "selenium.common.exceptions.TimeoutException: Message: \nStacktrace:\n\tGetHandleVerifier [0x00578923+23283]\n\t(No symbol) [0x0053E934]\n\t(No symbol) [0x00470733]\n\t(No symbol) [0x004B326F]\n\t(No symbol) [0x004B34AB]\n\t(No symbol) [0x004EEE42]\n\t(No symbol) [0x004D4464]\n\t(No symbol) [0x004ECB8D]\n\t(No symbol) [0x004D41B6]\n\t(No symbol) [0x004A8017]\n\t(No symbol) [0x004A890D]\n\tGetHandleVerifier [0x0066A5F3+1013699]\n\tGetHandleVerifier [0x00673E4C+1052700]\n\tGetHandleVerifier [0x0066D4B4+1025668]\n\tGetHandleVerifier [0x0059EA2B+179195]\n\t(No symbol) [0x00546833]\n\t(No symbol) [0x00543198]\n\t(No symbol) [0x00543337]\n\t(No symbol) [0x0053B4BE]\n\tBaseThreadInitThunk [0x767F7BA9+25]\n\tRtlInitializeExceptionChain [0x776DC10B+107]\n\tRtlClearBits [0x776DC08F+191]\n\n", "trace": "  File \"D:\\PycharmProjects\\Alza_diplom\\pages\\product_page.py\", line 72, in assert_cross_sell_page\n    assert self.get_element(self.CAROUSEL_CONTENT)\n           ^^^^^^^^^^^^^^^^^^^^^^^^^^^^^^^^^^^^^^^\n  File \"D:\\PycharmProjects\\Alza_diplom\\pages\\base_page.py\", line 22, in get_element\n    element = WebDriverWait(self.driver, 10).until(EC.element_to_be_clickable(locator))\n              ^^^^^^^^^^^^^^^^^^^^^^^^^^^^^^^^^^^^^^^^^^^^^^^^^^^^^^^^^^^^^^^^^^^^^^^^^\n  File \"D:\\PycharmProjects\\Alza_diplom\\.venv\\Lib\\site-packages\\selenium\\webdriver\\support\\wait.py\", line 105, in until\n    raise TimeoutException(message, screen, stacktrace)\n"}, "steps": [{"name": "Get element", "status": "passed", "start": 1723628325374, "stop": 1723628325406}, {"name": "Get element", "status": "passed", "start": 1723628325406, "stop": 1723628325437}, {"name": "Get element", "status": "broken", "statusDetails": {"message": "selenium.common.exceptions.TimeoutException: Message: \nStacktrace:\n\tGetHandleVerifier [0x00578923+23283]\n\t(No symbol) [0x0053E934]\n\t(No symbol) [0x00470733]\n\t(No symbol) [0x004B326F]\n\t(No symbol) [0x004B34AB]\n\t(No symbol) [0x004EEE42]\n\t(No symbol) [0x004D4464]\n\t(No symbol) [0x004ECB8D]\n\t(No symbol) [0x004D41B6]\n\t(No symbol) [0x004A8017]\n\t(No symbol) [0x004A890D]\n\tGetHandleVerifier [0x0066A5F3+1013699]\n\tGetHandleVerifier [0x00673E4C+1052700]\n\tGetHandleVerifier [0x0066D4B4+1025668]\n\tGetHandleVerifier [0x0059EA2B+179195]\n\t(No symbol) [0x00546833]\n\t(No symbol) [0x00543198]\n\t(No symbol) [0x00543337]\n\t(No symbol) [0x0053B4BE]\n\tBaseThreadInitThunk [0x767F7BA9+25]\n\tRtlInitializeExceptionChain [0x776DC10B+107]\n\tRtlClearBits [0x776DC08F+191]\n\n", "trace": "  File \"D:\\PycharmProjects\\Alza_diplom\\pages\\base_page.py\", line 22, in get_element\n    element = WebDriverWait(self.driver, 10).until(EC.element_to_be_clickable(locator))\n              ^^^^^^^^^^^^^^^^^^^^^^^^^^^^^^^^^^^^^^^^^^^^^^^^^^^^^^^^^^^^^^^^^^^^^^^^^\n  File \"D:\\PycharmProjects\\Alza_diplom\\.venv\\Lib\\site-packages\\selenium\\webdriver\\support\\wait.py\", line 105, in until\n    raise TimeoutException(message, screen, stacktrace)\n"}, "start": 1723628325437, "stop": 1723628335671}], "start": 1723628325374, "stop": 1723628335671}], "attachments": [{"name": "log", "source": "02612f1c-a8fb-4570-8854-8537e0dd0782-attachment.txt", "type": "text/plain"}, {"name": "stdout", "source": "e0193ac0-1a1f-4bad-a501-6af068c9d7f3-attachment.txt", "type": "text/plain"}], "start": 1723628291618, "stop": 1723628335672, "uuid": "6ed0d4f1-a8e1-4c45-b8bd-b472963dfad0", "historyId": "68189f8057644649ee49eae513550dba", "testCaseId": "68189f8057644649ee49eae513550dba", "fullName": "tests.test_product#test_buy_button", "labels": [{"name": "feature", "value": "Product page"}, {"name": "parentSuite", "value": "tests"}, {"name": "suite", "value": "test_product"}, {"name": "host", "value": "arret"}, {"name": "thread", "value": "17700-MainThread"}, {"name": "framework", "value": "pytest"}, {"name": "language", "value": "cpython3"}, {"name": "package", "value": "tests.test_product"}]}