{"name": "test_photos", "status": "passed", "steps": [{"name": "Open product page", "status": "passed", "steps": [{"name": "Open main page", "status": "passed", "steps": [{"name": "Open page", "status": "passed", "start": 1723998230076, "stop": 1723998238195}], "start": 1723998230076, "stop": 1723998238195}, {"name": "Go to laptops page", "status": "passed", "steps": [{"name": "Click element on element", "status": "passed", "steps": [{"name": "Get element", "status": "passed", "start": 1723998238195, "stop": 1723998238239}], "start": 1723998238195, "stop": 1723998240802}], "start": 1723998238195, "stop": 1723998240802}, {"name": "Close privacy window", "status": "passed", "steps": [{"name": "Click element on element", "status": "passed", "steps": [{"name": "Get element", "status": "passed", "start": 1723998240802, "stop": 1723998240861}], "start": 1723998240802, "stop": 1723998240955}], "start": 1723998240802, "stop": 1723998240955}, {"name": "Get name of first product", "status": "passed", "steps": [{"name": "Get text of element", "status": "passed", "steps": [{"name": "Get element", "status": "passed", "start": 1723998240955, "stop": 1723998241019}], "start": 1723998240955, "stop": 1723998241035}], "start": 1723998240955, "stop": 1723998241035}, {"name": "Open first product", "status": "passed", "steps": [{"name": "Click element on element", "status": "passed", "steps": [{"name": "Get element", "status": "passed", "start": 1723998241036, "stop": 1723998241063}], "start": 1723998241036, "stop": 1723998243627}], "start": 1723998241036, "stop": 1723998243627}], "start": 1723998230076, "stop": 1723998243627}, {"name": "Click photos button", "status": "passed", "steps": [{"name": "Close privacy window", "status": "passed", "steps": [{"name": "Click element on element", "status": "broken", "statusDetails": {"message": "selenium.common.exceptions.TimeoutException: Message: \nStacktrace:\n\tGetHandleVerifier [0x00C48923+23283]\n\t(No symbol) [0x00C0E934]\n\t(No symbol) [0x00B40733]\n\t(No symbol) [0x00B8326F]\n\t(No symbol) [0x00B834AB]\n\t(No symbol) [0x00BBEE42]\n\t(No symbol) [0x00BA4464]\n\t(No symbol) [0x00BBCB8D]\n\t(No symbol) [0x00BA41B6]\n\t(No symbol) [0x00B78017]\n\t(No symbol) [0x00B7890D]\n\tGetHandleVerifier [0x00D3A5F3+1013699]\n\tGetHandleVerifier [0x00D43E4C+1052700]\n\tGetHandleVerifier [0x00D3D4B4+1025668]\n\tGetHandleVerifier [0x00C6EA2B+179195]\n\t(No symbol) [0x00C16833]\n\t(No symbol) [0x00C13198]\n\t(No symbol) [0x00C13337]\n\t(No symbol) [0x00C0B4BE]\n\tBaseThreadInitThunk [0x76D47BA9+25]\n\tRtlInitializeExceptionChain [0x77BEC10B+107]\n\tRtlClearBits [0x77BEC08F+191]\n\n", "trace": "  File \"D:\\PycharmProjects\\Alza_diplom\\pages\\base_page.py\", line 27, in click\n    element = self.get_element(locator)\n              ^^^^^^^^^^^^^^^^^^^^^^^^^\n  File \"D:\\PycharmProjects\\Alza_diplom\\pages\\base_page.py\", line 22, in get_element\n    element = WebDriverWait(self.driver, 10).until(EC.element_to_be_clickable(locator))\n              ^^^^^^^^^^^^^^^^^^^^^^^^^^^^^^^^^^^^^^^^^^^^^^^^^^^^^^^^^^^^^^^^^^^^^^^^^\n  File \"D:\\PycharmProjects\\Alza_diplom\\.venv\\Lib\\site-packages\\selenium\\webdriver\\support\\wait.py\", line 105, in until\n    raise TimeoutException(message, screen, stacktrace)\n"}, "steps": [{"name": "Get element", "status": "broken", "statusDetails": {"message": "selenium.common.exceptions.TimeoutException: Message: \nStacktrace:\n\tGetHandleVerifier [0x00C48923+23283]\n\t(No symbol) [0x00C0E934]\n\t(No symbol) [0x00B40733]\n\t(No symbol) [0x00B8326F]\n\t(No symbol) [0x00B834AB]\n\t(No symbol) [0x00BBEE42]\n\t(No symbol) [0x00BA4464]\n\t(No symbol) [0x00BBCB8D]\n\t(No symbol) [0x00BA41B6]\n\t(No symbol) [0x00B78017]\n\t(No symbol) [0x00B7890D]\n\tGetHandleVerifier [0x00D3A5F3+1013699]\n\tGetHandleVerifier [0x00D43E4C+1052700]\n\tGetHandleVerifier [0x00D3D4B4+1025668]\n\tGetHandleVerifier [0x00C6EA2B+179195]\n\t(No symbol) [0x00C16833]\n\t(No symbol) [0x00C13198]\n\t(No symbol) [0x00C13337]\n\t(No symbol) [0x00C0B4BE]\n\tBaseThreadInitThunk [0x76D47BA9+25]\n\tRtlInitializeExceptionChain [0x77BEC10B+107]\n\tRtlClearBits [0x77BEC08F+191]\n\n", "trace": "  File \"D:\\PycharmProjects\\Alza_diplom\\pages\\base_page.py\", line 22, in get_element\n    element = WebDriverWait(self.driver, 10).until(EC.element_to_be_clickable(locator))\n              ^^^^^^^^^^^^^^^^^^^^^^^^^^^^^^^^^^^^^^^^^^^^^^^^^^^^^^^^^^^^^^^^^^^^^^^^^\n  File \"D:\\PycharmProjects\\Alza_diplom\\.venv\\Lib\\site-packages\\selenium\\webdriver\\support\\wait.py\", line 105, in until\n    raise TimeoutException(message, screen, stacktrace)\n"}, "start": 1723998243627, "stop": 1723998253898}], "start": 1723998243627, "stop": 1723998253899}], "start": 1723998243627, "stop": 1723998253900}, {"name": "Click element on element", "status": "passed", "steps": [{"name": "Get element", "status": "passed", "start": 1723998253900, "stop": 1723998253930}], "start": 1723998253900, "stop": 1723998254071}], "start": 1723998243627, "stop": 1723998254071}, {"name": "Open product photos", "status": "passed", "steps": [{"name": "Click element on element", "status": "passed", "steps": [{"name": "Get element", "status": "passed", "start": 1723998254071, "stop": 1723998255127}], "start": 1723998254071, "stop": 1723998255204}], "start": 1723998254071, "stop": 1723998255204}, {"name": "Assert that photos are opened", "status": "passed", "steps": [{"name": "Get element", "status": "passed", "start": 1723998255204, "stop": 1723998256775}], "start": 1723998255204, "stop": 1723998256775}], "attachments": [{"name": "log", "source": "b3ae06b3-4674-4832-b290-9cf2e154bb7e-attachment.txt", "type": "text/plain"}], "start": 1723998230076, "stop": 1723998256775, "uuid": "a72ce844-d042-418b-8933-e63cf73a1a06", "historyId": "04d035308571e717fd5a3a19be28df0b", "testCaseId": "04d035308571e717fd5a3a19be28df0b", "fullName": "tests.test_product#test_photos", "labels": [{"name": "feature", "value": "Product page"}, {"name": "parentSuite", "value": "tests"}, {"name": "suite", "value": "test_product"}, {"name": "host", "value": "arret"}, {"name": "thread", "value": "5008-MainThread"}, {"name": "framework", "value": "pytest"}, {"name": "language", "value": "cpython3"}, {"name": "package", "value": "tests.test_product"}]}