{"name": "test_disabled_plus_button", "status": "passed", "steps": [{"name": "Buy first product", "status": "passed", "steps": [{"name": "Open main page", "status": "passed", "steps": [{"name": "Open page", "status": "passed", "start": 1723741321649, "stop": 1723741330995}], "start": 1723741321649, "stop": 1723741330995}, {"name": "Take item to basket", "status": "passed", "steps": [{"name": "Go to laptops page", "status": "passed", "steps": [{"name": "Click element on element", "status": "passed", "steps": [{"name": "Get element", "status": "passed", "start": 1723741330995, "stop": 1723741331047}], "start": 1723741330995, "stop": 1723741333543}], "start": 1723741330995, "stop": 1723741333543}, {"name": "Close privacy window", "status": "passed", "steps": [{"name": "Click element on element", "status": "passed", "steps": [{"name": "Get element", "status": "passed", "start": 1723741333544, "stop": 1723741333709}], "start": 1723741333544, "stop": 1723741333757}], "start": 1723741333544, "stop": 1723741333757}, {"name": "Click element on element", "status": "passed", "steps": [{"name": "Get element", "status": "passed", "start": 1723741333757, "stop": 1723741334346}], "start": 1723741333757, "stop": 1723741334419}], "start": 1723741330995, "stop": 1723741336419}], "start": 1723741321649, "stop": 1723741336419}, {"name": "Click element on element", "status": "passed", "steps": [{"name": "Get element", "status": "passed", "start": 1723741336419, "stop": 1723741336546}], "start": 1723741336419, "stop": 1723741337652}, {"name": "Getting max limit of product", "status": "passed", "steps": [{"name": "Click element on element", "status": "passed", "steps": [{"name": "Get element", "status": "passed", "start": 1723741337652, "stop": 1723741337766}], "start": 1723741337652, "stop": 1723741338546}, {"name": "Get element", "status": "broken", "statusDetails": {"message": "selenium.common.exceptions.TimeoutException: Message: \nStacktrace:\n\tGetHandleVerifier [0x00C98923+23283]\n\t(No symbol) [0x00C5E934]\n\t(No symbol) [0x00B90733]\n\t(No symbol) [0x00BD326F]\n\t(No symbol) [0x00BD34AB]\n\t(No symbol) [0x00C0EE42]\n\t(No symbol) [0x00BF4464]\n\t(No symbol) [0x00C0CB8D]\n\t(No symbol) [0x00BF41B6]\n\t(No symbol) [0x00BC8017]\n\t(No symbol) [0x00BC890D]\n\tGetHandleVerifier [0x00D8A5F3+1013699]\n\tGetHandleVerifier [0x00D93E4C+1052700]\n\tGetHandleVerifier [0x00D8D4B4+1025668]\n\tGetHandleVerifier [0x00CBEA2B+179195]\n\t(No symbol) [0x00C66833]\n\t(No symbol) [0x00C63198]\n\t(No symbol) [0x00C63337]\n\t(No symbol) [0x00C5B4BE]\n\tBaseThreadInitThunk [0x76D47BA9+25]\n\tRtlInitializeExceptionChain [0x77BEC10B+107]\n\tRtlClearBits [0x77BEC08F+191]\n\n", "trace": "  File \"D:\\PycharmProjects\\Alza_diplom\\pages\\base_page.py\", line 22, in get_element\n    element = WebDriverWait(self.driver, 10).until(EC.element_to_be_clickable(locator))\n              ^^^^^^^^^^^^^^^^^^^^^^^^^^^^^^^^^^^^^^^^^^^^^^^^^^^^^^^^^^^^^^^^^^^^^^^^^\n  File \"D:\\PycharmProjects\\Alza_diplom\\.venv\\Lib\\site-packages\\selenium\\webdriver\\support\\wait.py\", line 105, in until\n    raise TimeoutException(message, screen, stacktrace)\n"}, "start": 1723741338647, "stop": 1723741348673}, {"name": "Click element on element", "status": "passed", "steps": [{"name": "Get element", "status": "passed", "start": 1723741348673, "stop": 1723741348698}], "start": 1723741348673, "stop": 1723741349720}, {"name": "Get element", "status": "broken", "statusDetails": {"message": "selenium.common.exceptions.TimeoutException: Message: \nStacktrace:\n\tGetHandleVerifier [0x00C98923+23283]\n\t(No symbol) [0x00C5E934]\n\t(No symbol) [0x00B90733]\n\t(No symbol) [0x00BD326F]\n\t(No symbol) [0x00BD34AB]\n\t(No symbol) [0x00C0EE42]\n\t(No symbol) [0x00BF4464]\n\t(No symbol) [0x00C0CB8D]\n\t(No symbol) [0x00BF41B6]\n\t(No symbol) [0x00BC8017]\n\t(No symbol) [0x00BC890D]\n\tGetHandleVerifier [0x00D8A5F3+1013699]\n\tGetHandleVerifier [0x00D93E4C+1052700]\n\tGetHandleVerifier [0x00D8D4B4+1025668]\n\tGetHandleVerifier [0x00CBEA2B+179195]\n\t(No symbol) [0x00C66833]\n\t(No symbol) [0x00C63198]\n\t(No symbol) [0x00C63337]\n\t(No symbol) [0x00C5B4BE]\n\tBaseThreadInitThunk [0x76D47BA9+25]\n\tRtlInitializeExceptionChain [0x77BEC10B+107]\n\tRtlClearBits [0x77BEC08F+191]\n\n", "trace": "  File \"D:\\PycharmProjects\\Alza_diplom\\pages\\base_page.py\", line 22, in get_element\n    element = WebDriverWait(self.driver, 10).until(EC.element_to_be_clickable(locator))\n              ^^^^^^^^^^^^^^^^^^^^^^^^^^^^^^^^^^^^^^^^^^^^^^^^^^^^^^^^^^^^^^^^^^^^^^^^^\n  File \"D:\\PycharmProjects\\Alza_diplom\\.venv\\Lib\\site-packages\\selenium\\webdriver\\support\\wait.py\", line 105, in until\n    raise TimeoutException(message, screen, stacktrace)\n"}, "start": 1723741349821, "stop": 1723741360048}, {"name": "Click element on element", "status": "passed", "steps": [{"name": "Get element", "status": "passed", "start": 1723741360048, "stop": 1723741360072}], "start": 1723741360048, "stop": 1723741360886}, {"name": "No limit of product", "status": "passed", "start": 1723741360987, "stop": 1723741360987}], "start": 1723741337652, "stop": 1723741360987}, {"name": "Asserting basket is not empty", "status": "passed", "steps": [{"name": "Get element", "status": "passed", "start": 1723741361988, "stop": 1723741362026}], "start": 1723741361988, "stop": 1723741362026}], "attachments": [{"name": "log", "source": "1ae998e7-fb91-415e-9cc8-2e1f1d16d7a5-attachment.txt", "type": "text/plain"}], "start": 1723741321649, "stop": 1723741362027, "uuid": "9b9e5dcb-050f-4488-b125-6c6b09f02f6d", "historyId": "3b87e4d7aad5973e6551356c5308f7bc", "testCaseId": "3b87e4d7aad5973e6551356c5308f7bc", "fullName": "tests.test_basket#test_disabled_plus_button", "labels": [{"name": "feature", "value": "Basket"}, {"name": "parentSuite", "value": "tests"}, {"name": "suite", "value": "test_basket"}, {"name": "host", "value": "arret"}, {"name": "thread", "value": "3460-MainThread"}, {"name": "framework", "value": "pytest"}, {"name": "language", "value": "cpython3"}, {"name": "package", "value": "tests.test_basket"}]}