{"name": "test_delivery_search", "status": "passed", "steps": [{"name": "Open product page", "status": "passed", "steps": [{"name": "Open main page", "status": "passed", "steps": [{"name": "Open page", "status": "passed", "start": 1723818149827, "stop": 1723818150315}], "start": 1723818149827, "stop": 1723818150315}, {"name": "Go to laptops page", "status": "passed", "steps": [{"name": "Click element on element", "status": "passed", "steps": [{"name": "Get element", "status": "passed", "start": 1723818150315, "stop": 1723818153738}], "start": 1723818150315, "stop": 1723818155128}], "start": 1723818150315, "stop": 1723818155128}, {"name": "Close privacy window", "status": "passed", "steps": [{"name": "Click element on element", "status": "passed", "steps": [{"name": "Get element", "status": "passed", "start": 1723818155128, "stop": 1723818155309}], "start": 1723818155128, "stop": 1723818155568}], "start": 1723818155128, "stop": 1723818155568}, {"name": "Get name of first product", "status": "passed", "steps": [{"name": "Get text of element", "status": "passed", "steps": [{"name": "Get element", "status": "passed", "start": 1723818155568, "stop": 1723818155732}], "start": 1723818155568, "stop": 1723818155745}], "start": 1723818155568, "stop": 1723818155745}, {"name": "Open first product", "status": "passed", "steps": [{"name": "Click element on element", "status": "passed", "steps": [{"name": "Get element", "status": "passed", "start": 1723818155745, "stop": 1723818155770}], "start": 1723818155745, "stop": 1723818157367}], "start": 1723818155745, "stop": 1723818157367}], "start": 1723818149827, "stop": 1723818157367}, {"name": "Click to delivery title", "status": "passed", "steps": [{"name": "Close privacy window", "status": "passed", "steps": [{"name": "Click element on element", "status": "broken", "statusDetails": {"message": "selenium.common.exceptions.TimeoutException: Message: \nStacktrace:\n\tGetHandleVerifier [0x002B8923+23283]\n\t(No symbol) [0x0027E934]\n\t(No symbol) [0x001B0733]\n\t(No symbol) [0x001F326F]\n\t(No symbol) [0x001F34AB]\n\t(No symbol) [0x0022EE42]\n\t(No symbol) [0x00214464]\n\t(No symbol) [0x0022CB8D]\n\t(No symbol) [0x002141B6]\n\t(No symbol) [0x001E8017]\n\t(No symbol) [0x001E890D]\n\tGetHandleVerifier [0x003AA5F3+1013699]\n\tGetHandleVerifier [0x003B3E4C+1052700]\n\tGetHandleVerifier [0x003AD4B4+1025668]\n\tGetHandleVerifier [0x002DEA2B+179195]\n\t(No symbol) [0x00286833]\n\t(No symbol) [0x00283198]\n\t(No symbol) [0x00283337]\n\t(No symbol) [0x0027B4BE]\n\tBaseThreadInitThunk [0x76D47BA9+25]\n\tRtlInitializeExceptionChain [0x77BEC10B+107]\n\tRtlClearBits [0x77BEC08F+191]\n\t(No symbol) [0x00000000]\n\n", "trace": "  File \"D:\\PycharmProjects\\Alza_diplom\\pages\\base_page.py\", line 27, in click\n    element = self.get_element(locator)\n              ^^^^^^^^^^^^^^^^^^^^^^^^^\n  File \"D:\\PycharmProjects\\Alza_diplom\\pages\\base_page.py\", line 22, in get_element\n    element = WebDriverWait(self.driver, 10).until(EC.element_to_be_clickable(locator))\n              ^^^^^^^^^^^^^^^^^^^^^^^^^^^^^^^^^^^^^^^^^^^^^^^^^^^^^^^^^^^^^^^^^^^^^^^^^\n  File \"D:\\PycharmProjects\\Alza_diplom\\.venv\\Lib\\site-packages\\selenium\\webdriver\\support\\wait.py\", line 105, in until\n    raise TimeoutException(message, screen, stacktrace)\n"}, "steps": [{"name": "Get element", "status": "broken", "statusDetails": {"message": "selenium.common.exceptions.TimeoutException: Message: \nStacktrace:\n\tGetHandleVerifier [0x002B8923+23283]\n\t(No symbol) [0x0027E934]\n\t(No symbol) [0x001B0733]\n\t(No symbol) [0x001F326F]\n\t(No symbol) [0x001F34AB]\n\t(No symbol) [0x0022EE42]\n\t(No symbol) [0x00214464]\n\t(No symbol) [0x0022CB8D]\n\t(No symbol) [0x002141B6]\n\t(No symbol) [0x001E8017]\n\t(No symbol) [0x001E890D]\n\tGetHandleVerifier [0x003AA5F3+1013699]\n\tGetHandleVerifier [0x003B3E4C+1052700]\n\tGetHandleVerifier [0x003AD4B4+1025668]\n\tGetHandleVerifier [0x002DEA2B+179195]\n\t(No symbol) [0x00286833]\n\t(No symbol) [0x00283198]\n\t(No symbol) [0x00283337]\n\t(No symbol) [0x0027B4BE]\n\tBaseThreadInitThunk [0x76D47BA9+25]\n\tRtlInitializeExceptionChain [0x77BEC10B+107]\n\tRtlClearBits [0x77BEC08F+191]\n\t(No symbol) [0x00000000]\n\n", "trace": "  File \"D:\\PycharmProjects\\Alza_diplom\\pages\\base_page.py\", line 22, in get_element\n    element = WebDriverWait(self.driver, 10).until(EC.element_to_be_clickable(locator))\n              ^^^^^^^^^^^^^^^^^^^^^^^^^^^^^^^^^^^^^^^^^^^^^^^^^^^^^^^^^^^^^^^^^^^^^^^^^\n  File \"D:\\PycharmProjects\\Alza_diplom\\.venv\\Lib\\site-packages\\selenium\\webdriver\\support\\wait.py\", line 105, in until\n    raise TimeoutException(message, screen, stacktrace)\n"}, "start": 1723818157367, "stop": 1723818167677}], "start": 1723818157367, "stop": 1723818167677}], "start": 1723818157367, "stop": 1723818167678}, {"name": "Click element on element", "status": "passed", "steps": [{"name": "Get element", "status": "passed", "start": 1723818167678, "stop": 1723818167706}], "start": 1723818167678, "stop": 1723818167762}], "start": 1723818157367, "stop": 1723818167762}, {"name": "Search address for delivery", "status": "passed", "steps": [{"name": "Fill element with text", "status": "passed", "steps": [{"name": "Get element", "status": "passed", "start": 1723818167762, "stop": 1723818168303}], "start": 1723818167762, "stop": 1723818168372}], "start": 1723818167762, "stop": 1723818168372}, {"name": "Choose address for delivery", "status": "passed", "steps": [{"name": "Fill element with text", "status": "passed", "steps": [{"name": "Get element", "status": "passed", "start": 1723818170373, "stop": 1723818170399}], "start": 1723818170373, "stop": 1723818170424}, {"name": "Fill element with text", "status": "passed", "steps": [{"name": "Get element", "status": "passed", "start": 1723818170424, "stop": 1723818170451}], "start": 1723818170424, "stop": 1723818170532}], "start": 1723818170373, "stop": 1723818170532}, {"name": "Assert that delivery search works", "status": "passed", "steps": [{"name": "Get element", "status": "passed", "start": 1723818172533, "stop": 1723818172562}], "start": 1723818172533, "stop": 1723818172562}], "attachments": [{"name": "log", "source": "9113cac7-fcf7-4047-91b5-a1fa214dbf5f-attachment.txt", "type": "text/plain"}], "start": 1723818149827, "stop": 1723818172562, "uuid": "cb86b8af-5876-46d9-8958-f41541e1907b", "historyId": "0e2b4bc5ae98d63e9cf25e896fa20752", "testCaseId": "0e2b4bc5ae98d63e9cf25e896fa20752", "fullName": "tests.test_product#test_delivery_search", "labels": [{"name": "feature", "value": "Product page"}, {"name": "parentSuite", "value": "tests"}, {"name": "suite", "value": "test_product"}, {"name": "host", "value": "arret"}, {"name": "thread", "value": "8872-MainThread"}, {"name": "framework", "value": "pytest"}, {"name": "language", "value": "cpython3"}, {"name": "package", "value": "tests.test_product"}]}