{"name": "test_alzabox", "status": "broken", "statusDetails": {"message": "selenium.common.exceptions.TimeoutException: Message: \nStacktrace:\n\tGetHandleVerifier [0x00AE8923+23283]\n\t(No symbol) [0x00AAE934]\n\t(No symbol) [0x009E0733]\n\t(No symbol) [0x00A2326F]\n\t(No symbol) [0x00A234AB]\n\t(No symbol) [0x00A5EE42]\n\t(No symbol) [0x00A44464]\n\t(No symbol) [0x00A5CB8D]\n\t(No symbol) [0x00A441B6]\n\t(No symbol) [0x00A18017]\n\t(No symbol) [0x00A1890D]\n\tGetHandleVerifier [0x00BDA5E3+1013683]\n\tGetHandleVerifier [0x00BE3E3C+1052684]\n\tGetHandleVerifier [0x00BDD4A4+1025652]\n\tGetHandleVerifier [0x00B0EA2B+179195]\n\t(No symbol) [0x00AB6833]\n\t(No symbol) [0x00AB3198]\n\t(No symbol) [0x00AB3337]\n\t(No symbol) [0x00AAB4BE]\n\tBaseThreadInitThunk [0x767F7BA9+25]\n\tRtlInitializeExceptionChain [0x776DC10B+107]\n\tRtlClearBits [0x776DC08F+191]", "trace": "driver = <selenium.webdriver.chrome.webdriver.WebDriver (session=\"1b0ad19abeef27087fdc7c42734c0b3f\")>\n\n    @allure.feature('Delivery')\n    def test_alzabox(driver):\n        main_page = MainPage(driver)\n        main_page.buy_first_product()\n        header_element = HeaderElement(driver)\n        header_element.open_basket()\n    \n        basket_page = BasketPage(driver)\n        basket_page.open_delivery_page()\n        delivery_page = DeliveryPage(driver)\n        delivery_page.close_dialog_window()\n        delivery_page.open_alzabox()\n>       delivery_page.buy_alza_box()\n\ntests\\test_delivery_page.py:36: \n_ _ _ _ _ _ _ _ _ _ _ _ _ _ _ _ _ _ _ _ _ _ _ _ _ _ _ _ _ _ _ _ _ _ _ _ _ _ _ _ _ _ _ _ _ _ _ _ _ _ _ _ _\npages\\delivery_page.py:64: in buy_alza_box\n    self.click(self.BRATISlAVA_MARKET)\npages\\base_page.py:27: in click\n    element = self.get_element(locator)\npages\\base_page.py:22: in get_element\n    element = WebDriverWait(self.driver, 10).until(EC.element_to_be_clickable(locator))\n_ _ _ _ _ _ _ _ _ _ _ _ _ _ _ _ _ _ _ _ _ _ _ _ _ _ _ _ _ _ _ _ _ _ _ _ _ _ _ _ _ _ _ _ _ _ _ _ _ _ _ _ _\n\nself = <selenium.webdriver.support.wait.WebDriverWait (session=\"1b0ad19abeef27087fdc7c42734c0b3f\")>\nmethod = <function element_to_be_clickable.<locals>._predicate at 0x00000196224063E0>, message = ''\n\n    def until(self, method: Callable[[D], Union[Literal[False], T]], message: str = \"\") -> T:\n        \"\"\"Calls the method provided with the driver as an argument until the \\\n        return value does not evaluate to ``False``.\n    \n        :param method: callable(WebDriver)\n        :param message: optional message for :exc:`TimeoutException`\n        :returns: the result of the last call to `method`\n        :raises: :exc:`selenium.common.exceptions.TimeoutException` if timeout occurs\n        \"\"\"\n        screen = None\n        stacktrace = None\n    \n        end_time = time.monotonic() + self._timeout\n        while True:\n            try:\n                value = method(self._driver)\n                if value:\n                    return value\n            except self._ignored_exceptions as exc:\n                screen = getattr(exc, \"screen\", None)\n                stacktrace = getattr(exc, \"stacktrace\", None)\n            time.sleep(self._poll)\n            if time.monotonic() > end_time:\n                break\n>       raise TimeoutException(message, screen, stacktrace)\nE       selenium.common.exceptions.TimeoutException: Message: \nE       Stacktrace:\nE       \tGetHandleVerifier [0x00AE8923+23283]\nE       \t(No symbol) [0x00AAE934]\nE       \t(No symbol) [0x009E0733]\nE       \t(No symbol) [0x00A2326F]\nE       \t(No symbol) [0x00A234AB]\nE       \t(No symbol) [0x00A5EE42]\nE       \t(No symbol) [0x00A44464]\nE       \t(No symbol) [0x00A5CB8D]\nE       \t(No symbol) [0x00A441B6]\nE       \t(No symbol) [0x00A18017]\nE       \t(No symbol) [0x00A1890D]\nE       \tGetHandleVerifier [0x00BDA5E3+1013683]\nE       \tGetHandleVerifier [0x00BE3E3C+1052684]\nE       \tGetHandleVerifier [0x00BDD4A4+1025652]\nE       \tGetHandleVerifier [0x00B0EA2B+179195]\nE       \t(No symbol) [0x00AB6833]\nE       \t(No symbol) [0x00AB3198]\nE       \t(No symbol) [0x00AB3337]\nE       \t(No symbol) [0x00AAB4BE]\nE       \tBaseThreadInitThunk [0x767F7BA9+25]\nE       \tRtlInitializeExceptionChain [0x776DC10B+107]\nE       \tRtlClearBits [0x776DC08F+191]\n\n.venv\\Lib\\site-packages\\selenium\\webdriver\\support\\wait.py:105: TimeoutException"}, "steps": [{"name": "Buy first product", "status": "passed", "steps": [{"name": "Open main page", "status": "passed", "steps": [{"name": "Open page", "status": "passed", "start": 1723194589545, "stop": 1723194592090}], "start": 1723194589545, "stop": 1723194592090}, {"name": "Close privacy window", "status": "passed", "steps": [{"name": "Click element on element", "status": "passed", "steps": [{"name": "Get element", "status": "passed", "start": 1723194592090, "stop": 1723194592759}], "start": 1723194592090, "stop": 1723194592830}], "start": 1723194592090, "stop": 1723194592830}, {"name": "Take item to basket", "status": "passed", "steps": [{"name": "Click element on element", "status": "passed", "steps": [{"name": "Get element", "status": "passed", "start": 1723194592830, "stop": 1723194592878}], "start": 1723194592830, "stop": 1723194592966}], "start": 1723194592830, "stop": 1723194593967}], "start": 1723194589545, "stop": 1723194593967}, {"name": "Click element on element", "status": "passed", "steps": [{"name": "Get element", "status": "passed", "start": 1723194593968, "stop": 1723194594000}], "start": 1723194593967, "stop": 1723194595227}, {"name": "Open delivery page", "status": "passed", "steps": [{"name": "Click element on element", "status": "passed", "steps": [{"name": "Get element", "status": "passed", "start": 1723194595227, "stop": 1723194595352}], "start": 1723194595227, "stop": 1723194595424}], "start": 1723194595227, "stop": 1723194595424}, {"name": "Close dialog window", "status": "passed", "steps": [{"name": "Click element on element", "status": "passed", "steps": [{"name": "Get element", "status": "passed", "start": 1723194595424, "stop": 1723194596016}], "start": 1723194595424, "stop": 1723194596073}], "start": 1723194595424, "stop": 1723194596073}, {"name": "Open alza box", "status": "passed", "steps": [{"name": "Click element on element", "status": "passed", "steps": [{"name": "Get element", "status": "passed", "start": 1723194596073, "stop": 1723194597770}], "start": 1723194596073, "stop": 1723194597851}], "start": 1723194596073, "stop": 1723194598852}, {"name": "Buy in alza box", "status": "broken", "statusDetails": {"message": "selenium.common.exceptions.TimeoutException: Message: \nStacktrace:\n\tGetHandleVerifier [0x00AE8923+23283]\n\t(No symbol) [0x00AAE934]\n\t(No symbol) [0x009E0733]\n\t(No symbol) [0x00A2326F]\n\t(No symbol) [0x00A234AB]\n\t(No symbol) [0x00A5EE42]\n\t(No symbol) [0x00A44464]\n\t(No symbol) [0x00A5CB8D]\n\t(No symbol) [0x00A441B6]\n\t(No symbol) [0x00A18017]\n\t(No symbol) [0x00A1890D]\n\tGetHandleVerifier [0x00BDA5E3+1013683]\n\tGetHandleVerifier [0x00BE3E3C+1052684]\n\tGetHandleVerifier [0x00BDD4A4+1025652]\n\tGetHandleVerifier [0x00B0EA2B+179195]\n\t(No symbol) [0x00AB6833]\n\t(No symbol) [0x00AB3198]\n\t(No symbol) [0x00AB3337]\n\t(No symbol) [0x00AAB4BE]\n\tBaseThreadInitThunk [0x767F7BA9+25]\n\tRtlInitializeExceptionChain [0x776DC10B+107]\n\tRtlClearBits [0x776DC08F+191]\n\n", "trace": "  File \"D:\\PycharmProjects\\Alza_diplom\\pages\\delivery_page.py\", line 64, in buy_alza_box\n    self.click(self.BRATISlAVA_MARKET)\n  File \"D:\\PycharmProjects\\Alza_diplom\\pages\\base_page.py\", line 27, in click\n    element = self.get_element(locator)\n              ^^^^^^^^^^^^^^^^^^^^^^^^^\n  File \"D:\\PycharmProjects\\Alza_diplom\\pages\\base_page.py\", line 22, in get_element\n    element = WebDriverWait(self.driver, 10).until(EC.element_to_be_clickable(locator))\n              ^^^^^^^^^^^^^^^^^^^^^^^^^^^^^^^^^^^^^^^^^^^^^^^^^^^^^^^^^^^^^^^^^^^^^^^^^\n  File \"D:\\PycharmProjects\\Alza_diplom\\.venv\\Lib\\site-packages\\selenium\\webdriver\\support\\wait.py\", line 105, in until\n    raise TimeoutException(message, screen, stacktrace)\n"}, "steps": [{"name": "Click element on element", "status": "broken", "statusDetails": {"message": "selenium.common.exceptions.TimeoutException: Message: \nStacktrace:\n\tGetHandleVerifier [0x00AE8923+23283]\n\t(No symbol) [0x00AAE934]\n\t(No symbol) [0x009E0733]\n\t(No symbol) [0x00A2326F]\n\t(No symbol) [0x00A234AB]\n\t(No symbol) [0x00A5EE42]\n\t(No symbol) [0x00A44464]\n\t(No symbol) [0x00A5CB8D]\n\t(No symbol) [0x00A441B6]\n\t(No symbol) [0x00A18017]\n\t(No symbol) [0x00A1890D]\n\tGetHandleVerifier [0x00BDA5E3+1013683]\n\tGetHandleVerifier [0x00BE3E3C+1052684]\n\tGetHandleVerifier [0x00BDD4A4+1025652]\n\tGetHandleVerifier [0x00B0EA2B+179195]\n\t(No symbol) [0x00AB6833]\n\t(No symbol) [0x00AB3198]\n\t(No symbol) [0x00AB3337]\n\t(No symbol) [0x00AAB4BE]\n\tBaseThreadInitThunk [0x767F7BA9+25]\n\tRtlInitializeExceptionChain [0x776DC10B+107]\n\tRtlClearBits [0x776DC08F+191]\n\n", "trace": "  File \"D:\\PycharmProjects\\Alza_diplom\\pages\\base_page.py\", line 27, in click\n    element = self.get_element(locator)\n              ^^^^^^^^^^^^^^^^^^^^^^^^^\n  File \"D:\\PycharmProjects\\Alza_diplom\\pages\\base_page.py\", line 22, in get_element\n    element = WebDriverWait(self.driver, 10).until(EC.element_to_be_clickable(locator))\n              ^^^^^^^^^^^^^^^^^^^^^^^^^^^^^^^^^^^^^^^^^^^^^^^^^^^^^^^^^^^^^^^^^^^^^^^^^\n  File \"D:\\PycharmProjects\\Alza_diplom\\.venv\\Lib\\site-packages\\selenium\\webdriver\\support\\wait.py\", line 105, in until\n    raise TimeoutException(message, screen, stacktrace)\n"}, "steps": [{"name": "Get element", "status": "broken", "statusDetails": {"message": "selenium.common.exceptions.TimeoutException: Message: \nStacktrace:\n\tGetHandleVerifier [0x00AE8923+23283]\n\t(No symbol) [0x00AAE934]\n\t(No symbol) [0x009E0733]\n\t(No symbol) [0x00A2326F]\n\t(No symbol) [0x00A234AB]\n\t(No symbol) [0x00A5EE42]\n\t(No symbol) [0x00A44464]\n\t(No symbol) [0x00A5CB8D]\n\t(No symbol) [0x00A441B6]\n\t(No symbol) [0x00A18017]\n\t(No symbol) [0x00A1890D]\n\tGetHandleVerifier [0x00BDA5E3+1013683]\n\tGetHandleVerifier [0x00BE3E3C+1052684]\n\tGetHandleVerifier [0x00BDD4A4+1025652]\n\tGetHandleVerifier [0x00B0EA2B+179195]\n\t(No symbol) [0x00AB6833]\n\t(No symbol) [0x00AB3198]\n\t(No symbol) [0x00AB3337]\n\t(No symbol) [0x00AAB4BE]\n\tBaseThreadInitThunk [0x767F7BA9+25]\n\tRtlInitializeExceptionChain [0x776DC10B+107]\n\tRtlClearBits [0x776DC08F+191]\n\n", "trace": "  File \"D:\\PycharmProjects\\Alza_diplom\\pages\\base_page.py\", line 22, in get_element\n    element = WebDriverWait(self.driver, 10).until(EC.element_to_be_clickable(locator))\n              ^^^^^^^^^^^^^^^^^^^^^^^^^^^^^^^^^^^^^^^^^^^^^^^^^^^^^^^^^^^^^^^^^^^^^^^^^\n  File \"D:\\PycharmProjects\\Alza_diplom\\.venv\\Lib\\site-packages\\selenium\\webdriver\\support\\wait.py\", line 105, in until\n    raise TimeoutException(message, screen, stacktrace)\n"}, "start": 1723194598852, "stop": 1723194609164}], "start": 1723194598852, "stop": 1723194609164}], "start": 1723194598852, "stop": 1723194609164}], "start": 1723194589544, "stop": 1723194609164, "uuid": "dd89bc7c-112d-4952-bea2-a226e2ad1ea6", "historyId": "6d131a70e09d66fa5456536c17e25653", "testCaseId": "6d131a70e09d66fa5456536c17e25653", "fullName": "tests.test_delivery_page#test_alzabox", "labels": [{"name": "feature", "value": "Delivery"}, {"name": "parentSuite", "value": "tests"}, {"name": "suite", "value": "test_delivery_page"}, {"name": "host", "value": "arret"}, {"name": "thread", "value": "5708-MainThread"}, {"name": "framework", "value": "pytest"}, {"name": "language", "value": "cpython3"}, {"name": "package", "value": "tests.test_delivery_page"}]}