{"name": "test_correct_login", "status": "broken", "statusDetails": {"message": "selenium.common.exceptions.TimeoutException: Message: \nStacktrace:\n\tGetHandleVerifier [0x00AE8923+23283]\n\t(No symbol) [0x00AAE934]\n\t(No symbol) [0x009E0733]\n\t(No symbol) [0x00A2326F]\n\t(No symbol) [0x00A234AB]\n\t(No symbol) [0x00A5EE42]\n\t(No symbol) [0x00A44464]\n\t(No symbol) [0x00A5CB8D]\n\t(No symbol) [0x00A441B6]\n\t(No symbol) [0x00A18017]\n\t(No symbol) [0x00A1890D]\n\tGetHandleVerifier [0x00BDA5E3+1013683]\n\tGetHandleVerifier [0x00BE3E3C+1052684]\n\tGetHandleVerifier [0x00BDD4A4+1025652]\n\tGetHandleVerifier [0x00B0EA2B+179195]\n\t(No symbol) [0x00AB6833]\n\t(No symbol) [0x00AB3198]\n\t(No symbol) [0x00AB3337]\n\t(No symbol) [0x00AAB4BE]\n\tBaseThreadInitThunk [0x767F7BA9+25]\n\tRtlInitializeExceptionChain [0x776DC10B+107]\n\tRtlClearBits [0x776DC08F+191]", "trace": "driver = <selenium.webdriver.chrome.webdriver.WebDriver (session=\"754bc8cc6e2db24c0f1d305779219315\")>\n\n    @allure.feature('Login Page')\n    def test_correct_login(driver):\n        main_page = MainPage(driver)\n        main_page.open()\n        main_page.assert_that_mainpage_is_opened()\n    \n        main_page.get_context_menu()\n        header_element = HeaderElement(driver)\n        header_element.open_login()\n        login_page = LoginPage(driver)\n        login_page.send_email()\n        login_page.send_password()\n        login_page.login()\n>       main_page.get_context_menu()\n\ntests\\test_login_page.py:34: \n_ _ _ _ _ _ _ _ _ _ _ _ _ _ _ _ _ _ _ _ _ _ _ _ _ _ _ _ _ _ _ _ _ _ _ _ _ _ _ _ _ _ _ _ _ _ _ _ _ _ _ _ _\npages\\main_page.py:67: in get_context_menu\n    assert self.get_element(self.CONTEXT_MENU)\npages\\base_page.py:22: in get_element\n    element = WebDriverWait(self.driver, 10).until(EC.element_to_be_clickable(locator))\n_ _ _ _ _ _ _ _ _ _ _ _ _ _ _ _ _ _ _ _ _ _ _ _ _ _ _ _ _ _ _ _ _ _ _ _ _ _ _ _ _ _ _ _ _ _ _ _ _ _ _ _ _\n\nself = <selenium.webdriver.support.wait.WebDriverWait (session=\"754bc8cc6e2db24c0f1d305779219315\")>\nmethod = <function element_to_be_clickable.<locals>._predicate at 0x000002851985BA60>, message = ''\n\n    def until(self, method: Callable[[D], Union[Literal[False], T]], message: str = \"\") -> T:\n        \"\"\"Calls the method provided with the driver as an argument until the \\\n        return value does not evaluate to ``False``.\n    \n        :param method: callable(WebDriver)\n        :param message: optional message for :exc:`TimeoutException`\n        :returns: the result of the last call to `method`\n        :raises: :exc:`selenium.common.exceptions.TimeoutException` if timeout occurs\n        \"\"\"\n        screen = None\n        stacktrace = None\n    \n        end_time = time.monotonic() + self._timeout\n        while True:\n            try:\n                value = method(self._driver)\n                if value:\n                    return value\n            except self._ignored_exceptions as exc:\n                screen = getattr(exc, \"screen\", None)\n                stacktrace = getattr(exc, \"stacktrace\", None)\n            time.sleep(self._poll)\n            if time.monotonic() > end_time:\n                break\n>       raise TimeoutException(message, screen, stacktrace)\nE       selenium.common.exceptions.TimeoutException: Message: \nE       Stacktrace:\nE       \tGetHandleVerifier [0x00AE8923+23283]\nE       \t(No symbol) [0x00AAE934]\nE       \t(No symbol) [0x009E0733]\nE       \t(No symbol) [0x00A2326F]\nE       \t(No symbol) [0x00A234AB]\nE       \t(No symbol) [0x00A5EE42]\nE       \t(No symbol) [0x00A44464]\nE       \t(No symbol) [0x00A5CB8D]\nE       \t(No symbol) [0x00A441B6]\nE       \t(No symbol) [0x00A18017]\nE       \t(No symbol) [0x00A1890D]\nE       \tGetHandleVerifier [0x00BDA5E3+1013683]\nE       \tGetHandleVerifier [0x00BE3E3C+1052684]\nE       \tGetHandleVerifier [0x00BDD4A4+1025652]\nE       \tGetHandleVerifier [0x00B0EA2B+179195]\nE       \t(No symbol) [0x00AB6833]\nE       \t(No symbol) [0x00AB3198]\nE       \t(No symbol) [0x00AB3337]\nE       \t(No symbol) [0x00AAB4BE]\nE       \tBaseThreadInitThunk [0x767F7BA9+25]\nE       \tRtlInitializeExceptionChain [0x776DC10B+107]\nE       \tRtlClearBits [0x776DC08F+191]\n\n.venv\\Lib\\site-packages\\selenium\\webdriver\\support\\wait.py:105: TimeoutException"}, "steps": [{"name": "Open main page", "status": "passed", "steps": [{"name": "Open page", "status": "passed", "start": 1723191850215, "stop": 1723191852671}], "start": 1723191850215, "stop": 1723191852671}, {"name": "Assert main page is opened", "status": "passed", "steps": [{"name": "Get element", "status": "passed", "start": 1723191852671, "stop": 1723191853271}, {"name": "Get element", "status": "passed", "start": 1723191853271, "stop": 1723191853309}, {"name": "Get element", "status": "passed", "start": 1723191853309, "stop": 1723191853340}], "start": 1723191852671, "stop": 1723191853340}, {"name": "Click element on element", "status": "passed", "steps": [{"name": "Get element", "status": "passed", "start": 1723191853340, "stop": 1723191853366}], "start": 1723191853340, "stop": 1723191853457}, {"name": "Get element", "status": "passed", "start": 1723191854458, "stop": 1723191854491}, {"name": "Click element on element", "status": "passed", "steps": [{"name": "Get element", "status": "passed", "start": 1723191854492, "stop": 1723191854617}], "start": 1723191854492, "stop": 1723191855239}, {"name": "Send email\"", "status": "passed", "steps": [{"name": "Fill element with text", "status": "passed", "steps": [{"name": "Get element", "status": "passed", "start": 1723191855239, "stop": 1723191855281}], "start": 1723191855239, "stop": 1723191855399}], "start": 1723191855239, "stop": 1723191855399}, {"name": "Send password", "status": "passed", "steps": [{"name": "Fill element with text", "status": "passed", "steps": [{"name": "Get element", "status": "passed", "start": 1723191855400, "stop": 1723191855427}], "start": 1723191855400, "stop": 1723191855518}], "start": 1723191855400, "stop": 1723191855518}, {"name": "Click on \"Login\" button", "status": "passed", "steps": [{"name": "Click element on element", "status": "passed", "steps": [{"name": "Get element", "status": "passed", "start": 1723191855519, "stop": 1723191855546}], "start": 1723191855519, "stop": 1723191858115}], "start": 1723191855518, "stop": 1723191858115}, {"name": "Click element on element", "status": "passed", "steps": [{"name": "Get element", "status": "passed", "start": 1723191858115, "stop": 1723191858861}], "start": 1723191858115, "stop": 1723191858986}, {"name": "Get element", "status": "broken", "statusDetails": {"message": "selenium.common.exceptions.TimeoutException: Message: \nStacktrace:\n\tGetHandleVerifier [0x00AE8923+23283]\n\t(No symbol) [0x00AAE934]\n\t(No symbol) [0x009E0733]\n\t(No symbol) [0x00A2326F]\n\t(No symbol) [0x00A234AB]\n\t(No symbol) [0x00A5EE42]\n\t(No symbol) [0x00A44464]\n\t(No symbol) [0x00A5CB8D]\n\t(No symbol) [0x00A441B6]\n\t(No symbol) [0x00A18017]\n\t(No symbol) [0x00A1890D]\n\tGetHandleVerifier [0x00BDA5E3+1013683]\n\tGetHandleVerifier [0x00BE3E3C+1052684]\n\tGetHandleVerifier [0x00BDD4A4+1025652]\n\tGetHandleVerifier [0x00B0EA2B+179195]\n\t(No symbol) [0x00AB6833]\n\t(No symbol) [0x00AB3198]\n\t(No symbol) [0x00AB3337]\n\t(No symbol) [0x00AAB4BE]\n\tBaseThreadInitThunk [0x767F7BA9+25]\n\tRtlInitializeExceptionChain [0x776DC10B+107]\n\tRtlClearBits [0x776DC08F+191]\n\n", "trace": "  File \"D:\\PycharmProjects\\Alza_diplom\\pages\\base_page.py\", line 22, in get_element\n    element = WebDriverWait(self.driver, 10).until(EC.element_to_be_clickable(locator))\n              ^^^^^^^^^^^^^^^^^^^^^^^^^^^^^^^^^^^^^^^^^^^^^^^^^^^^^^^^^^^^^^^^^^^^^^^^^\n  File \"D:\\PycharmProjects\\Alza_diplom\\.venv\\Lib\\site-packages\\selenium\\webdriver\\support\\wait.py\", line 105, in until\n    raise TimeoutException(message, screen, stacktrace)\n"}, "start": 1723191859987, "stop": 1723191870391}], "start": 1723191850215, "stop": 1723191870391, "uuid": "a4457785-95a5-466c-952d-5a283fc38de4", "historyId": "4ea748a895087746787255e2f4b64209", "testCaseId": "4ea748a895087746787255e2f4b64209", "fullName": "tests.test_login_page#test_correct_login", "labels": [{"name": "feature", "value": "Login Page"}, {"name": "parentSuite", "value": "tests"}, {"name": "suite", "value": "test_login_page"}, {"name": "host", "value": "arret"}, {"name": "thread", "value": "6364-MainThread"}, {"name": "framework", "value": "pytest"}, {"name": "language", "value": "cpython3"}, {"name": "package", "value": "tests.test_login_page"}]}