{"name": "test_delete_product", "status": "broken", "statusDetails": {"message": "selenium.common.exceptions.TimeoutException: Message:", "trace": "driver = <selenium.webdriver.chrome.webdriver.WebDriver (session=\"1614044badc603dc3988a00dd265a1cc\")>\n\n    @allure.feature('Basket')\n    def test_delete_product(driver):\n        main_page = MainPage(driver)\n        main_page.open()\n        main_page.close_privacy_window()\n        main_page.assert_item_to_basket()\n        header_element = HeaderElement(driver)\n        header_element.open_basket()\n    \n        basket_page = BasketPage(driver)\n        basket_page.click_minus_button()\n        basket_page.delete_product()\n>       basket_page.assert_that_product_deleted()\n\ntests\\test_basket.py:92: \n_ _ _ _ _ _ _ _ _ _ _ _ _ _ _ _ _ _ _ _ _ _ _ _ _ _ _ _ _ _ _ _ _ _ _ _ _ _ _ _ _ _ _ _ _ _ _ _ _ _ _ _ _ _ _ _ _ _ _ _ _ _ _ _ _ _ _ _ _ _ _ _ _ _ _ _ _ _ _ _\npages\\basket_page.py:88: in assert_that_product_deleted\n    assert self.get_element(self.EMPTY_IMAGE)\npages\\base_page.py:22: in get_element\n    element = WebDriverWait(self.driver, 10).until(EC.element_to_be_clickable(locator))\n_ _ _ _ _ _ _ _ _ _ _ _ _ _ _ _ _ _ _ _ _ _ _ _ _ _ _ _ _ _ _ _ _ _ _ _ _ _ _ _ _ _ _ _ _ _ _ _ _ _ _ _ _ _ _ _ _ _ _ _ _ _ _ _ _ _ _ _ _ _ _ _ _ _ _ _ _ _ _ _\n\nself = <selenium.webdriver.support.wait.WebDriverWait (session=\"1614044badc603dc3988a00dd265a1cc\")>\nmethod = <function element_to_be_clickable.<locals>._predicate at 0x000001DB7FC53BA0>, message = ''\n\n    def until(self, method: Callable[[D], Union[Literal[False], T]], message: str = \"\") -> T:\n        \"\"\"Calls the method provided with the driver as an argument until the \\\n        return value does not evaluate to ``False``.\n    \n        :param method: callable(WebDriver)\n        :param message: optional message for :exc:`TimeoutException`\n        :returns: the result of the last call to `method`\n        :raises: :exc:`selenium.common.exceptions.TimeoutException` if timeout occurs\n        \"\"\"\n        screen = None\n        stacktrace = None\n    \n        end_time = time.monotonic() + self._timeout\n        while True:\n            try:\n                value = method(self._driver)\n                if value:\n                    return value\n            except self._ignored_exceptions as exc:\n                screen = getattr(exc, \"screen\", None)\n                stacktrace = getattr(exc, \"stacktrace\", None)\n            time.sleep(self._poll)\n            if time.monotonic() > end_time:\n                break\n>       raise TimeoutException(message, screen, stacktrace)\nE       selenium.common.exceptions.TimeoutException: Message:\n\n.venv\\Lib\\site-packages\\selenium\\webdriver\\support\\wait.py:105: TimeoutException"}, "steps": [{"name": "Open main page", "status": "passed", "steps": [{"name": "Open page", "status": "passed", "start": 1722506576574, "stop": 1722506577252}], "start": 1722506576574, "stop": 1722506577252}, {"name": "Close privacy window", "status": "passed", "steps": [{"name": "Click element on element", "status": "passed", "steps": [{"name": "Get element", "status": "passed", "start": 1722506577253, "stop": 1722506581735}], "start": 1722506577253, "stop": 1722506581865}], "start": 1722506577253, "stop": 1722506581866}, {"name": "Take item to basket", "status": "passed", "steps": [{"name": "Click element on element", "status": "passed", "steps": [{"name": "Get element", "status": "passed", "start": 1722506581866, "stop": 1722506581992}], "start": 1722506581866, "stop": 1722506582307}], "start": 1722506581866, "stop": 1722506583308}, {"name": "Click element on element", "status": "passed", "steps": [{"name": "Get element", "status": "passed", "start": 1722506583308, "stop": 1722506583410}], "start": 1722506583308, "stop": 1722506584998}, {"name": "Click minus button", "status": "passed", "steps": [{"name": "Click element on element", "status": "passed", "steps": [{"name": "Get element", "status": "passed", "start": 1722506584998, "stop": 1722506585218}], "start": 1722506584998, "stop": 1722506585443}], "start": 1722506584998, "stop": 1722506585443}, {"name": "Click on \"Delete from basket\"", "status": "passed", "steps": [{"name": "Click element on element", "status": "passed", "steps": [{"name": "Get element", "status": "passed", "start": 1722506585443, "stop": 1722506585540}], "start": 1722506585443, "stop": 1722506585636}], "start": 1722506585443, "stop": 1722506585636}, {"name": "Assert that product will be remove after click \"minus button\"", "status": "broken", "statusDetails": {"message": "selenium.common.exceptions.TimeoutException: Message: \n\n", "trace": "  File \"D:\\PycharmProjects\\Alza_diplom\\pages\\basket_page.py\", line 88, in assert_that_product_deleted\n    assert self.get_element(self.EMPTY_IMAGE)\n           ^^^^^^^^^^^^^^^^^^^^^^^^^^^^^^^^^^\n  File \"D:\\PycharmProjects\\Alza_diplom\\pages\\base_page.py\", line 22, in get_element\n    element = WebDriverWait(self.driver, 10).until(EC.element_to_be_clickable(locator))\n              ^^^^^^^^^^^^^^^^^^^^^^^^^^^^^^^^^^^^^^^^^^^^^^^^^^^^^^^^^^^^^^^^^^^^^^^^^\n  File \"D:\\PycharmProjects\\Alza_diplom\\.venv\\Lib\\site-packages\\selenium\\webdriver\\support\\wait.py\", line 105, in until\n    raise TimeoutException(message, screen, stacktrace)\n"}, "steps": [{"name": "Get element", "status": "broken", "statusDetails": {"message": "selenium.common.exceptions.TimeoutException: Message: \n\n", "trace": "  File \"D:\\PycharmProjects\\Alza_diplom\\pages\\base_page.py\", line 22, in get_element\n    element = WebDriverWait(self.driver, 10).until(EC.element_to_be_clickable(locator))\n              ^^^^^^^^^^^^^^^^^^^^^^^^^^^^^^^^^^^^^^^^^^^^^^^^^^^^^^^^^^^^^^^^^^^^^^^^^\n  File \"D:\\PycharmProjects\\Alza_diplom\\.venv\\Lib\\site-packages\\selenium\\webdriver\\support\\wait.py\", line 105, in until\n    raise TimeoutException(message, screen, stacktrace)\n"}, "start": 1722506585636, "stop": 1722506595693}], "start": 1722506585636, "stop": 1722506595695}], "start": 1722506576573, "stop": 1722506595697, "uuid": "5891d3af-581c-4389-80a1-d32995ce0762", "historyId": "04e6f399219599cc6976f1e234a4ae5f", "testCaseId": "04e6f399219599cc6976f1e234a4ae5f", "fullName": "tests.test_basket#test_delete_product", "labels": [{"name": "feature", "value": "Basket"}, {"name": "parentSuite", "value": "tests"}, {"name": "suite", "value": "test_basket"}, {"name": "host", "value": "arret"}, {"name": "thread", "value": "2796-MainThread"}, {"name": "framework", "value": "pytest"}, {"name": "language", "value": "cpython3"}, {"name": "package", "value": "tests.test_basket"}]}