{"name": "test_buy_button", "status": "passed", "steps": [{"name": "Open product page", "status": "passed", "steps": [{"name": "Open main page", "status": "passed", "steps": [{"name": "Open page", "status": "passed", "start": 1723130329882, "stop": 1723130334090}], "start": 1723130329882, "stop": 1723130334090}, {"name": "Close privacy window", "status": "passed", "steps": [{"name": "Click element on element", "status": "passed", "steps": [{"name": "Get element", "status": "passed", "start": 1723130334090, "stop": 1723130334131}], "start": 1723130334090, "stop": 1723130334199}], "start": 1723130334090, "stop": 1723130334199}, {"name": "Get name of first product", "status": "passed", "steps": [{"name": "Get text of element", "status": "passed", "steps": [{"name": "Get element", "status": "passed", "start": 1723130334199, "stop": 1723130334258}], "start": 1723130334199, "stop": 1723130334281}], "start": 1723130334199, "stop": 1723130334281}, {"name": "Open first product", "status": "passed", "steps": [{"name": "Click element on element", "status": "passed", "steps": [{"name": "Get element", "status": "passed", "start": 1723130334281, "stop": 1723130334325}], "start": 1723130334281, "stop": 1723130335629}], "start": 1723130334281, "stop": 1723130335629}], "start": 1723130329882, "stop": 1723130335629}, {"name": "Buy products", "status": "passed", "steps": [{"name": "Close privacy window", "status": "passed", "steps": [{"name": "Click element on element", "status": "broken", "statusDetails": {"message": "selenium.common.exceptions.TimeoutException: Message: \nStacktrace:\n\tGetHandleVerifier [0x006D8923+23283]\n\t(No symbol) [0x0069E934]\n\t(No symbol) [0x005D0733]\n\t(No symbol) [0x0061326F]\n\t(No symbol) [0x006134AB]\n\t(No symbol) [0x0064EE42]\n\t(No symbol) [0x00634464]\n\t(No symbol) [0x0064CB8D]\n\t(No symbol) [0x006341B6]\n\t(No symbol) [0x00608017]\n\t(No symbol) [0x0060890D]\n\tGetHandleVerifier [0x007CA5E3+1013683]\n\tGetHandleVerifier [0x007D3E3C+1052684]\n\tGetHandleVerifier [0x007CD4A4+1025652]\n\tGetHandleVerifier [0x006FEA2B+179195]\n\t(No symbol) [0x006A6833]\n\t(No symbol) [0x006A3198]\n\t(No symbol) [0x006A3337]\n\t(No symbol) [0x0069B4BE]\n\tBaseThreadInitThunk [0x767F7BA9+25]\n\tRtlInitializeExceptionChain [0x776DC10B+107]\n\tRtlClearBits [0x776DC08F+191]\n\n", "trace": "  File \"D:\\PycharmProjects\\Alza_diplom\\pages\\base_page.py\", line 27, in click\n    element = self.get_element(locator)\n              ^^^^^^^^^^^^^^^^^^^^^^^^^\n  File \"D:\\PycharmProjects\\Alza_diplom\\pages\\base_page.py\", line 22, in get_element\n    element = WebDriverWait(self.driver, 10).until(EC.element_to_be_clickable(locator))\n              ^^^^^^^^^^^^^^^^^^^^^^^^^^^^^^^^^^^^^^^^^^^^^^^^^^^^^^^^^^^^^^^^^^^^^^^^^\n  File \"D:\\PycharmProjects\\Alza_diplom\\.venv\\Lib\\site-packages\\selenium\\webdriver\\support\\wait.py\", line 105, in until\n    raise TimeoutException(message, screen, stacktrace)\n"}, "steps": [{"name": "Get element", "status": "broken", "statusDetails": {"message": "selenium.common.exceptions.TimeoutException: Message: \nStacktrace:\n\tGetHandleVerifier [0x006D8923+23283]\n\t(No symbol) [0x0069E934]\n\t(No symbol) [0x005D0733]\n\t(No symbol) [0x0061326F]\n\t(No symbol) [0x006134AB]\n\t(No symbol) [0x0064EE42]\n\t(No symbol) [0x00634464]\n\t(No symbol) [0x0064CB8D]\n\t(No symbol) [0x006341B6]\n\t(No symbol) [0x00608017]\n\t(No symbol) [0x0060890D]\n\tGetHandleVerifier [0x007CA5E3+1013683]\n\tGetHandleVerifier [0x007D3E3C+1052684]\n\tGetHandleVerifier [0x007CD4A4+1025652]\n\tGetHandleVerifier [0x006FEA2B+179195]\n\t(No symbol) [0x006A6833]\n\t(No symbol) [0x006A3198]\n\t(No symbol) [0x006A3337]\n\t(No symbol) [0x0069B4BE]\n\tBaseThreadInitThunk [0x767F7BA9+25]\n\tRtlInitializeExceptionChain [0x776DC10B+107]\n\tRtlClearBits [0x776DC08F+191]\n\n", "trace": "  File \"D:\\PycharmProjects\\Alza_diplom\\pages\\base_page.py\", line 22, in get_element\n    element = WebDriverWait(self.driver, 10).until(EC.element_to_be_clickable(locator))\n              ^^^^^^^^^^^^^^^^^^^^^^^^^^^^^^^^^^^^^^^^^^^^^^^^^^^^^^^^^^^^^^^^^^^^^^^^^\n  File \"D:\\PycharmProjects\\Alza_diplom\\.venv\\Lib\\site-packages\\selenium\\webdriver\\support\\wait.py\", line 105, in until\n    raise TimeoutException(message, screen, stacktrace)\n"}, "start": 1723130335629, "stop": 1723130345961}], "start": 1723130335629, "stop": 1723130345962}], "start": 1723130335629, "stop": 1723130345962}, {"name": "Click element on element", "status": "passed", "steps": [{"name": "Get element", "status": "passed", "start": 1723130345962, "stop": 1723130345991}], "start": 1723130345962, "stop": 1723130346416}, {"name": "Click element on element", "status": "passed", "steps": [{"name": "Get element", "status": "passed", "start": 1723130346416, "stop": 1723130346994}], "start": 1723130346416, "stop": 1723130348123}], "start": 1723130335629, "stop": 1723130348123}, {"name": "Assert cross sell page", "status": "passed", "steps": [{"name": "Get element", "status": "passed", "start": 1723130348123, "stop": 1723130348178}, {"name": "Get element", "status": "passed", "start": 1723130348178, "stop": 1723130348208}, {"name": "Get element", "status": "passed", "start": 1723130348208, "stop": 1723130348762}], "start": 1723130348123, "stop": 1723130348762}], "start": 1723130329882, "stop": 1723130348763, "uuid": "a9174bed-5673-48a4-a281-c70a6ef4ade0", "historyId": "68189f8057644649ee49eae513550dba", "testCaseId": "68189f8057644649ee49eae513550dba", "fullName": "tests.test_product#test_buy_button", "labels": [{"name": "feature", "value": "Product page"}, {"name": "parentSuite", "value": "tests"}, {"name": "suite", "value": "test_product"}, {"name": "host", "value": "arret"}, {"name": "thread", "value": "13020-MainThread"}, {"name": "framework", "value": "pytest"}, {"name": "language", "value": "cpython3"}, {"name": "package", "value": "tests.test_product"}]}