{"name": "test_buy_button", "status": "passed", "steps": [{"name": "Open product page", "status": "passed", "steps": [{"name": "Open main page", "status": "passed", "steps": [{"name": "Open page", "status": "passed", "start": 1723194961622, "stop": 1723194969167}], "start": 1723194961622, "stop": 1723194969167}, {"name": "Close privacy window", "status": "passed", "steps": [{"name": "Click element on element", "status": "passed", "steps": [{"name": "Get element", "status": "passed", "start": 1723194969167, "stop": 1723194969220}], "start": 1723194969167, "stop": 1723194969286}], "start": 1723194969167, "stop": 1723194969286}, {"name": "Get name of first product", "status": "passed", "steps": [{"name": "Get text of element", "status": "passed", "steps": [{"name": "Get element", "status": "passed", "start": 1723194969286, "stop": 1723194969334}], "start": 1723194969286, "stop": 1723194969353}], "start": 1723194969286, "stop": 1723194969354}, {"name": "Open first product", "status": "passed", "steps": [{"name": "Click element on element", "status": "passed", "steps": [{"name": "Get element", "status": "passed", "start": 1723194969354, "stop": 1723194969388}], "start": 1723194969354, "stop": 1723194970702}], "start": 1723194969354, "stop": 1723194970702}], "start": 1723194961622, "stop": 1723194970702}, {"name": "Buy products", "status": "passed", "steps": [{"name": "Close privacy window", "status": "passed", "steps": [{"name": "Click element on element", "status": "passed", "steps": [{"name": "Get element", "status": "passed", "start": 1723194970702, "stop": 1723194970953}], "start": 1723194970702, "stop": 1723194971016}], "start": 1723194970702, "stop": 1723194971016}, {"name": "Click element on element", "status": "passed", "steps": [{"name": "Get element", "status": "passed", "start": 1723194971016, "stop": 1723194971048}], "start": 1723194971016, "stop": 1723194972113}, {"name": "Click element on element", "status": "broken", "statusDetails": {"message": "selenium.common.exceptions.TimeoutException: Message: \nStacktrace:\n\tGetHandleVerifier [0x00AE8923+23283]\n\t(No symbol) [0x00AAE934]\n\t(No symbol) [0x009E0733]\n\t(No symbol) [0x00A2326F]\n\t(No symbol) [0x00A234AB]\n\t(No symbol) [0x00A5EE42]\n\t(No symbol) [0x00A44464]\n\t(No symbol) [0x00A5CB8D]\n\t(No symbol) [0x00A441B6]\n\t(No symbol) [0x00A18017]\n\t(No symbol) [0x00A1890D]\n\tGetHandleVerifier [0x00BDA5E3+1013683]\n\tGetHandleVerifier [0x00BE3E3C+1052684]\n\tGetHandleVerifier [0x00BDD4A4+1025652]\n\tGetHandleVerifier [0x00B0EA2B+179195]\n\t(No symbol) [0x00AB6833]\n\t(No symbol) [0x00AB3198]\n\t(No symbol) [0x00AB3337]\n\t(No symbol) [0x00AAB4BE]\n\tBaseThreadInitThunk [0x767F7BA9+25]\n\tRtlInitializeExceptionChain [0x776DC10B+107]\n\tRtlClearBits [0x776DC08F+191]\n\n", "trace": "  File \"D:\\PycharmProjects\\Alza_diplom\\pages\\base_page.py\", line 27, in click\n    element = self.get_element(locator)\n              ^^^^^^^^^^^^^^^^^^^^^^^^^\n  File \"D:\\PycharmProjects\\Alza_diplom\\pages\\base_page.py\", line 22, in get_element\n    element = WebDriverWait(self.driver, 10).until(EC.element_to_be_clickable(locator))\n              ^^^^^^^^^^^^^^^^^^^^^^^^^^^^^^^^^^^^^^^^^^^^^^^^^^^^^^^^^^^^^^^^^^^^^^^^^\n  File \"D:\\PycharmProjects\\Alza_diplom\\.venv\\Lib\\site-packages\\selenium\\webdriver\\support\\wait.py\", line 105, in until\n    raise TimeoutException(message, screen, stacktrace)\n"}, "steps": [{"name": "Get element", "status": "broken", "statusDetails": {"message": "selenium.common.exceptions.TimeoutException: Message: \nStacktrace:\n\tGetHandleVerifier [0x00AE8923+23283]\n\t(No symbol) [0x00AAE934]\n\t(No symbol) [0x009E0733]\n\t(No symbol) [0x00A2326F]\n\t(No symbol) [0x00A234AB]\n\t(No symbol) [0x00A5EE42]\n\t(No symbol) [0x00A44464]\n\t(No symbol) [0x00A5CB8D]\n\t(No symbol) [0x00A441B6]\n\t(No symbol) [0x00A18017]\n\t(No symbol) [0x00A1890D]\n\tGetHandleVerifier [0x00BDA5E3+1013683]\n\tGetHandleVerifier [0x00BE3E3C+1052684]\n\tGetHandleVerifier [0x00BDD4A4+1025652]\n\tGetHandleVerifier [0x00B0EA2B+179195]\n\t(No symbol) [0x00AB6833]\n\t(No symbol) [0x00AB3198]\n\t(No symbol) [0x00AB3337]\n\t(No symbol) [0x00AAB4BE]\n\tBaseThreadInitThunk [0x767F7BA9+25]\n\tRtlInitializeExceptionChain [0x776DC10B+107]\n\tRtlClearBits [0x776DC08F+191]\n\n", "trace": "  File \"D:\\PycharmProjects\\Alza_diplom\\pages\\base_page.py\", line 22, in get_element\n    element = WebDriverWait(self.driver, 10).until(EC.element_to_be_clickable(locator))\n              ^^^^^^^^^^^^^^^^^^^^^^^^^^^^^^^^^^^^^^^^^^^^^^^^^^^^^^^^^^^^^^^^^^^^^^^^^\n  File \"D:\\PycharmProjects\\Alza_diplom\\.venv\\Lib\\site-packages\\selenium\\webdriver\\support\\wait.py\", line 105, in until\n    raise TimeoutException(message, screen, stacktrace)\n"}, "start": 1723194972113, "stop": 1723194982399}], "start": 1723194972113, "stop": 1723194982399}], "start": 1723194970702, "stop": 1723194982399}, {"name": "Assert cross sell page", "status": "passed", "steps": [{"name": "Get element", "status": "passed", "start": 1723194982399, "stop": 1723194982425}, {"name": "Get element", "status": "passed", "start": 1723194982425, "stop": 1723194982458}, {"name": "Get element", "status": "passed", "start": 1723194982458, "stop": 1723194982491}], "start": 1723194982399, "stop": 1723194982491}], "attachments": [{"name": "stdout", "source": "00a9550c-33f9-42f7-94a9-41339378c63f-attachment.txt", "type": "text/plain"}], "start": 1723194961621, "stop": 1723194982491, "uuid": "463ab6a8-0e21-4411-a0a6-341dd2b74fe3", "historyId": "68189f8057644649ee49eae513550dba", "testCaseId": "68189f8057644649ee49eae513550dba", "fullName": "tests.test_product#test_buy_button", "labels": [{"name": "feature", "value": "Product page"}, {"name": "parentSuite", "value": "tests"}, {"name": "suite", "value": "test_product"}, {"name": "host", "value": "arret"}, {"name": "thread", "value": "5708-MainThread"}, {"name": "framework", "value": "pytest"}, {"name": "language", "value": "cpython3"}, {"name": "package", "value": "tests.test_product"}]}