{"name": "test_basket", "status": "broken", "statusDetails": {"message": "selenium.common.exceptions.NoSuchWindowException: Message: no such window: target window already closed\nfrom unknown error: web view not found\n  (Session info: chrome=127.0.6533.100)\nStacktrace:\n\tGetHandleVerifier [0x00778923+23283]\n\t(No symbol) [0x0073E934]\n\t(No symbol) [0x00670733]\n\t(No symbol) [0x0064D2E3]\n\t(No symbol) [0x006DA64F]\n\t(No symbol) [0x006EC686]\n\t(No symbol) [0x006D41B6]\n\t(No symbol) [0x006A8017]\n\t(No symbol) [0x006A890D]\n\tGetHandleVerifier [0x0086A5E3+1013683]\n\tGetHandleVerifier [0x00873E3C+1052684]\n\tGetHandleVerifier [0x0086D4A4+1025652]\n\tGetHandleVerifier [0x0079EA2B+179195]\n\t(No symbol) [0x00746833]\n\t(No symbol) [0x00743198]\n\t(No symbol) [0x00743337]\n\t(No symbol) [0x0073B4BE]\n\tBaseThreadInitThunk [0x767F7BA9+25]\n\tRtlInitializeExceptionChain [0x776DC10B+107]\n\tRtlClearBits [0x776DC08F+191]", "trace": "driver = <selenium.webdriver.chrome.webdriver.WebDriver (session=\"cc315769c4015727b45c34d21b977343\")>\n\n    @allure.feature('Basket')\n    def test_basket(driver):\n        main_page = MainPage(driver)\n        main_page.buy_first_product()\n>       href_from_main = main_page.get_href_of_first_product()\n\ntests\\test_basket.py:13: \n_ _ _ _ _ _ _ _ _ _ _ _ _ _ _ _ _ _ _ _ _ _ _ _ _ _ _ _ _ _ _ _ _ _ _ _ _ _ _ _ _ _ \npages\\main_page.py:55: in get_href_of_first_product\n    return self.get_href(self.FIRST_ITEM_NAME)\npages\\base_page.py:49: in get_href\n    return self.get_element(locator).get_attribute('href')\npages\\base_page.py:22: in get_element\n    element = WebDriverWait(self.driver, 10).until(EC.element_to_be_clickable(locator))\n.venv\\Lib\\site-packages\\selenium\\webdriver\\support\\wait.py:96: in until\n    value = method(self._driver)\n.venv\\Lib\\site-packages\\selenium\\webdriver\\support\\expected_conditions.py:363: in _predicate\n    target = driver.find_element(*target)  # grab element at locator\n.venv\\Lib\\site-packages\\selenium\\webdriver\\remote\\webdriver.py:748: in find_element\n    return self.execute(Command.FIND_ELEMENT, {\"using\": by, \"value\": value})[\"value\"]\n.venv\\Lib\\site-packages\\selenium\\webdriver\\remote\\webdriver.py:354: in execute\n    self.error_handler.check_response(response)\n_ _ _ _ _ _ _ _ _ _ _ _ _ _ _ _ _ _ _ _ _ _ _ _ _ _ _ _ _ _ _ _ _ _ _ _ _ _ _ _ _ _ \n\nself = <selenium.webdriver.remote.errorhandler.ErrorHandler object at 0x00000130550184A0>\nresponse = {'status': 404, 'value': '{\"value\":{\"error\":\"no such window\",\"message\":\"no such window: target window already closed\\\\...dInitThunk [0x767F7BA9+25]\\\\n\\\\tRtlInitializeExceptionChain [0x776DC10B+107]\\\\n\\\\tRtlClearBits [0x776DC08F+191]\\\\n\"}}'}\n\n    def check_response(self, response: Dict[str, Any]) -> None:\n        \"\"\"Checks that a JSON response from the WebDriver does not have an\n        error.\n    \n        :Args:\n         - response - The JSON response from the WebDriver server as a dictionary\n           object.\n    \n        :Raises: If the response contains an error message.\n        \"\"\"\n        status = response.get(\"status\", None)\n        if not status or status == ErrorCode.SUCCESS:\n            return\n        value = None\n        message = response.get(\"message\", \"\")\n        screen: str = response.get(\"screen\", \"\")\n        stacktrace = None\n        if isinstance(status, int):\n            value_json = response.get(\"value\", None)\n            if value_json and isinstance(value_json, str):\n                import json\n    \n                try:\n                    value = json.loads(value_json)\n                    if len(value) == 1:\n                        value = value[\"value\"]\n                    status = value.get(\"error\", None)\n                    if not status:\n                        status = value.get(\"status\", ErrorCode.UNKNOWN_ERROR)\n                        message = value.get(\"value\") or value.get(\"message\")\n                        if not isinstance(message, str):\n                            value = message\n                            message = message.get(\"message\")\n                    else:\n                        message = value.get(\"message\", None)\n                except ValueError:\n                    pass\n    \n        exception_class: Type[WebDriverException]\n        e = ErrorCode()\n        error_codes = [item for item in dir(e) if not item.startswith(\"__\")]\n        for error_code in error_codes:\n            error_info = getattr(ErrorCode, error_code)\n            if isinstance(error_info, list) and status in error_info:\n                exception_class = getattr(ExceptionMapping, error_code, WebDriverException)\n                break\n        else:\n            exception_class = WebDriverException\n    \n        if not value:\n            value = response[\"value\"]\n        if isinstance(value, str):\n            raise exception_class(value)\n        if message == \"\" and \"message\" in value:\n            message = value[\"message\"]\n    \n        screen = None  # type: ignore[assignment]\n        if \"screen\" in value:\n            screen = value[\"screen\"]\n    \n        stacktrace = None\n        st_value = value.get(\"stackTrace\") or value.get(\"stacktrace\")\n        if st_value:\n            if isinstance(st_value, str):\n                stacktrace = st_value.split(\"\\n\")\n            else:\n                stacktrace = []\n                try:\n                    for frame in st_value:\n                        line = frame.get(\"lineNumber\", \"\")\n                        file = frame.get(\"fileName\", \"<anonymous>\")\n                        if line:\n                            file = f\"{file}:{line}\"\n                        meth = frame.get(\"methodName\", \"<anonymous>\")\n                        if \"className\" in frame:\n                            meth = f\"{frame['className']}.{meth}\"\n                        msg = \"    at %s (%s)\"\n                        msg = msg % (meth, file)\n                        stacktrace.append(msg)\n                except TypeError:\n                    pass\n        if exception_class == UnexpectedAlertPresentException:\n            alert_text = None\n            if \"data\" in value:\n                alert_text = value[\"data\"].get(\"text\")\n            elif \"alert\" in value:\n                alert_text = value[\"alert\"].get(\"text\")\n            raise exception_class(message, screen, stacktrace, alert_text)  # type: ignore[call-arg]  # mypy is not smart enough here\n>       raise exception_class(message, screen, stacktrace)\nE       selenium.common.exceptions.NoSuchWindowException: Message: no such window: target window already closed\nE       from unknown error: web view not found\nE         (Session info: chrome=127.0.6533.100)\nE       Stacktrace:\nE       \tGetHandleVerifier [0x00778923+23283]\nE       \t(No symbol) [0x0073E934]\nE       \t(No symbol) [0x00670733]\nE       \t(No symbol) [0x0064D2E3]\nE       \t(No symbol) [0x006DA64F]\nE       \t(No symbol) [0x006EC686]\nE       \t(No symbol) [0x006D41B6]\nE       \t(No symbol) [0x006A8017]\nE       \t(No symbol) [0x006A890D]\nE       \tGetHandleVerifier [0x0086A5E3+1013683]\nE       \tGetHandleVerifier [0x00873E3C+1052684]\nE       \tGetHandleVerifier [0x0086D4A4+1025652]\nE       \tGetHandleVerifier [0x0079EA2B+179195]\nE       \t(No symbol) [0x00746833]\nE       \t(No symbol) [0x00743198]\nE       \t(No symbol) [0x00743337]\nE       \t(No symbol) [0x0073B4BE]\nE       \tBaseThreadInitThunk [0x767F7BA9+25]\nE       \tRtlInitializeExceptionChain [0x776DC10B+107]\nE       \tRtlClearBits [0x776DC08F+191]\n\n.venv\\Lib\\site-packages\\selenium\\webdriver\\remote\\errorhandler.py:229: NoSuchWindowException"}, "steps": [{"name": "Buy first product", "status": "passed", "steps": [{"name": "Open main page", "status": "passed", "steps": [{"name": "Open page", "status": "passed", "start": 1723559132604, "stop": 1723559141303}], "start": 1723559132604, "stop": 1723559141303}, {"name": "Close privacy window", "status": "passed", "steps": [{"name": "Click element on element", "status": "passed", "steps": [{"name": "Get element", "status": "passed", "start": 1723559141304, "stop": 1723559141377}], "start": 1723559141304, "stop": 1723559141452}], "start": 1723559141304, "stop": 1723559141452}, {"name": "Take item to basket", "status": "passed", "steps": [{"name": "Click element on element", "status": "passed", "steps": [{"name": "Get element", "status": "passed", "start": 1723559141452, "stop": 1723559141511}], "start": 1723559141452, "stop": 1723559141606}], "start": 1723559141452, "stop": 1723559142606}], "start": 1723559132604, "stop": 1723559142606}, {"name": "Take href of first product in main page", "status": "broken", "statusDetails": {"message": "selenium.common.exceptions.NoSuchWindowException: Message: no such window: target window already closed\nfrom unknown error: web view not found\n  (Session info: chrome=127.0.6533.100)\nStacktrace:\n\tGetHandleVerifier [0x00778923+23283]\n\t(No symbol) [0x0073E934]\n\t(No symbol) [0x00670733]\n\t(No symbol) [0x0064D2E3]\n\t(No symbol) [0x006DA64F]\n\t(No symbol) [0x006EC686]\n\t(No symbol) [0x006D41B6]\n\t(No symbol) [0x006A8017]\n\t(No symbol) [0x006A890D]\n\tGetHandleVerifier [0x0086A5E3+1013683]\n\tGetHandleVerifier [0x00873E3C+1052684]\n\tGetHandleVerifier [0x0086D4A4+1025652]\n\tGetHandleVerifier [0x0079EA2B+179195]\n\t(No symbol) [0x00746833]\n\t(No symbol) [0x00743198]\n\t(No symbol) [0x00743337]\n\t(No symbol) [0x0073B4BE]\n\tBaseThreadInitThunk [0x767F7BA9+25]\n\tRtlInitializeExceptionChain [0x776DC10B+107]\n\tRtlClearBits [0x776DC08F+191]\n\n", "trace": "  File \"D:\\PycharmProjects\\Alza_diplom\\pages\\main_page.py\", line 55, in get_href_of_first_product\n    return self.get_href(self.FIRST_ITEM_NAME)\n           ^^^^^^^^^^^^^^^^^^^^^^^^^^^^^^^^^^^\n  File \"D:\\PycharmProjects\\Alza_diplom\\pages\\base_page.py\", line 49, in get_href\n    return self.get_element(locator).get_attribute('href')\n           ^^^^^^^^^^^^^^^^^^^^^^^^^\n  File \"D:\\PycharmProjects\\Alza_diplom\\pages\\base_page.py\", line 22, in get_element\n    element = WebDriverWait(self.driver, 10).until(EC.element_to_be_clickable(locator))\n              ^^^^^^^^^^^^^^^^^^^^^^^^^^^^^^^^^^^^^^^^^^^^^^^^^^^^^^^^^^^^^^^^^^^^^^^^^\n  File \"D:\\PycharmProjects\\Alza_diplom\\.venv\\Lib\\site-packages\\selenium\\webdriver\\support\\wait.py\", line 96, in until\n    value = method(self._driver)\n            ^^^^^^^^^^^^^^^^^^^^\n  File \"D:\\PycharmProjects\\Alza_diplom\\.venv\\Lib\\site-packages\\selenium\\webdriver\\support\\expected_conditions.py\", line 363, in _predicate\n    target = driver.find_element(*target)  # grab element at locator\n             ^^^^^^^^^^^^^^^^^^^^^^^^^^^^\n  File \"D:\\PycharmProjects\\Alza_diplom\\.venv\\Lib\\site-packages\\selenium\\webdriver\\remote\\webdriver.py\", line 748, in find_element\n    return self.execute(Command.FIND_ELEMENT, {\"using\": by, \"value\": value})[\"value\"]\n           ^^^^^^^^^^^^^^^^^^^^^^^^^^^^^^^^^^^^^^^^^^^^^^^^^^^^^^^^^^^^^^^^^\n  File \"D:\\PycharmProjects\\Alza_diplom\\.venv\\Lib\\site-packages\\selenium\\webdriver\\remote\\webdriver.py\", line 354, in execute\n    self.error_handler.check_response(response)\n  File \"D:\\PycharmProjects\\Alza_diplom\\.venv\\Lib\\site-packages\\selenium\\webdriver\\remote\\errorhandler.py\", line 229, in check_response\n    raise exception_class(message, screen, stacktrace)\n"}, "steps": [{"name": "Get href of element", "status": "broken", "statusDetails": {"message": "selenium.common.exceptions.NoSuchWindowException: Message: no such window: target window already closed\nfrom unknown error: web view not found\n  (Session info: chrome=127.0.6533.100)\nStacktrace:\n\tGetHandleVerifier [0x00778923+23283]\n\t(No symbol) [0x0073E934]\n\t(No symbol) [0x00670733]\n\t(No symbol) [0x0064D2E3]\n\t(No symbol) [0x006DA64F]\n\t(No symbol) [0x006EC686]\n\t(No symbol) [0x006D41B6]\n\t(No symbol) [0x006A8017]\n\t(No symbol) [0x006A890D]\n\tGetHandleVerifier [0x0086A5E3+1013683]\n\tGetHandleVerifier [0x00873E3C+1052684]\n\tGetHandleVerifier [0x0086D4A4+1025652]\n\tGetHandleVerifier [0x0079EA2B+179195]\n\t(No symbol) [0x00746833]\n\t(No symbol) [0x00743198]\n\t(No symbol) [0x00743337]\n\t(No symbol) [0x0073B4BE]\n\tBaseThreadInitThunk [0x767F7BA9+25]\n\tRtlInitializeExceptionChain [0x776DC10B+107]\n\tRtlClearBits [0x776DC08F+191]\n\n", "trace": "  File \"D:\\PycharmProjects\\Alza_diplom\\pages\\base_page.py\", line 49, in get_href\n    return self.get_element(locator).get_attribute('href')\n           ^^^^^^^^^^^^^^^^^^^^^^^^^\n  File \"D:\\PycharmProjects\\Alza_diplom\\pages\\base_page.py\", line 22, in get_element\n    element = WebDriverWait(self.driver, 10).until(EC.element_to_be_clickable(locator))\n              ^^^^^^^^^^^^^^^^^^^^^^^^^^^^^^^^^^^^^^^^^^^^^^^^^^^^^^^^^^^^^^^^^^^^^^^^^\n  File \"D:\\PycharmProjects\\Alza_diplom\\.venv\\Lib\\site-packages\\selenium\\webdriver\\support\\wait.py\", line 96, in until\n    value = method(self._driver)\n            ^^^^^^^^^^^^^^^^^^^^\n  File \"D:\\PycharmProjects\\Alza_diplom\\.venv\\Lib\\site-packages\\selenium\\webdriver\\support\\expected_conditions.py\", line 363, in _predicate\n    target = driver.find_element(*target)  # grab element at locator\n             ^^^^^^^^^^^^^^^^^^^^^^^^^^^^\n  File \"D:\\PycharmProjects\\Alza_diplom\\.venv\\Lib\\site-packages\\selenium\\webdriver\\remote\\webdriver.py\", line 748, in find_element\n    return self.execute(Command.FIND_ELEMENT, {\"using\": by, \"value\": value})[\"value\"]\n           ^^^^^^^^^^^^^^^^^^^^^^^^^^^^^^^^^^^^^^^^^^^^^^^^^^^^^^^^^^^^^^^^^\n  File \"D:\\PycharmProjects\\Alza_diplom\\.venv\\Lib\\site-packages\\selenium\\webdriver\\remote\\webdriver.py\", line 354, in execute\n    self.error_handler.check_response(response)\n  File \"D:\\PycharmProjects\\Alza_diplom\\.venv\\Lib\\site-packages\\selenium\\webdriver\\remote\\errorhandler.py\", line 229, in check_response\n    raise exception_class(message, screen, stacktrace)\n"}, "steps": [{"name": "Get element", "status": "broken", "statusDetails": {"message": "selenium.common.exceptions.NoSuchWindowException: Message: no such window: target window already closed\nfrom unknown error: web view not found\n  (Session info: chrome=127.0.6533.100)\nStacktrace:\n\tGetHandleVerifier [0x00778923+23283]\n\t(No symbol) [0x0073E934]\n\t(No symbol) [0x00670733]\n\t(No symbol) [0x0064D2E3]\n\t(No symbol) [0x006DA64F]\n\t(No symbol) [0x006EC686]\n\t(No symbol) [0x006D41B6]\n\t(No symbol) [0x006A8017]\n\t(No symbol) [0x006A890D]\n\tGetHandleVerifier [0x0086A5E3+1013683]\n\tGetHandleVerifier [0x00873E3C+1052684]\n\tGetHandleVerifier [0x0086D4A4+1025652]\n\tGetHandleVerifier [0x0079EA2B+179195]\n\t(No symbol) [0x00746833]\n\t(No symbol) [0x00743198]\n\t(No symbol) [0x00743337]\n\t(No symbol) [0x0073B4BE]\n\tBaseThreadInitThunk [0x767F7BA9+25]\n\tRtlInitializeExceptionChain [0x776DC10B+107]\n\tRtlClearBits [0x776DC08F+191]\n\n", "trace": "  File \"D:\\PycharmProjects\\Alza_diplom\\pages\\base_page.py\", line 22, in get_element\n    element = WebDriverWait(self.driver, 10).until(EC.element_to_be_clickable(locator))\n              ^^^^^^^^^^^^^^^^^^^^^^^^^^^^^^^^^^^^^^^^^^^^^^^^^^^^^^^^^^^^^^^^^^^^^^^^^\n  File \"D:\\PycharmProjects\\Alza_diplom\\.venv\\Lib\\site-packages\\selenium\\webdriver\\support\\wait.py\", line 96, in until\n    value = method(self._driver)\n            ^^^^^^^^^^^^^^^^^^^^\n  File \"D:\\PycharmProjects\\Alza_diplom\\.venv\\Lib\\site-packages\\selenium\\webdriver\\support\\expected_conditions.py\", line 363, in _predicate\n    target = driver.find_element(*target)  # grab element at locator\n             ^^^^^^^^^^^^^^^^^^^^^^^^^^^^\n  File \"D:\\PycharmProjects\\Alza_diplom\\.venv\\Lib\\site-packages\\selenium\\webdriver\\remote\\webdriver.py\", line 748, in find_element\n    return self.execute(Command.FIND_ELEMENT, {\"using\": by, \"value\": value})[\"value\"]\n           ^^^^^^^^^^^^^^^^^^^^^^^^^^^^^^^^^^^^^^^^^^^^^^^^^^^^^^^^^^^^^^^^^\n  File \"D:\\PycharmProjects\\Alza_diplom\\.venv\\Lib\\site-packages\\selenium\\webdriver\\remote\\webdriver.py\", line 354, in execute\n    self.error_handler.check_response(response)\n  File \"D:\\PycharmProjects\\Alza_diplom\\.venv\\Lib\\site-packages\\selenium\\webdriver\\remote\\errorhandler.py\", line 229, in check_response\n    raise exception_class(message, screen, stacktrace)\n"}, "start": 1723559142606, "stop": 1723559142608}], "start": 1723559142606, "stop": 1723559142613}], "start": 1723559142606, "stop": 1723559142614}], "start": 1723559132604, "stop": 1723559142615, "uuid": "b8f39ea2-54a6-4c40-89b4-981762685981", "historyId": "639c1d3fa96d694a0c151a0ea29bf62e", "testCaseId": "639c1d3fa96d694a0c151a0ea29bf62e", "fullName": "tests.test_basket#test_basket", "labels": [{"name": "feature", "value": "Basket"}, {"name": "parentSuite", "value": "tests"}, {"name": "suite", "value": "test_basket"}, {"name": "host", "value": "arret"}, {"name": "thread", "value": "9220-MainThread"}, {"name": "framework", "value": "pytest"}, {"name": "language", "value": "cpython3"}, {"name": "package", "value": "tests.test_basket"}]}