{"name": "test_comment_button", "status": "passed", "steps": [{"name": "Open main page", "status": "passed", "steps": [{"name": "Open page", "status": "passed", "start": 1723559844176, "stop": 1723559844607}], "start": 1723559844176, "stop": 1723559844607}, {"name": "Close privacy window", "status": "passed", "steps": [{"name": "Click element on element", "status": "passed", "steps": [{"name": "Get element", "status": "passed", "start": 1723559844607, "stop": 1723559852908}], "start": 1723559844607, "stop": 1723559852981}], "start": 1723559844607, "stop": 1723559852981}, {"name": "Open first product", "status": "passed", "steps": [{"name": "Click element on element", "status": "passed", "steps": [{"name": "Get element", "status": "passed", "start": 1723559852982, "stop": 1723559853034}], "start": 1723559852982, "stop": 1723559854510}], "start": 1723559852981, "stop": 1723559854510}, {"name": "Close privacy window", "status": "passed", "steps": [{"name": "Click element on element", "status": "broken", "statusDetails": {"message": "selenium.common.exceptions.TimeoutException: Message: \nStacktrace:\n\tGetHandleVerifier [0x00778923+23283]\n\t(No symbol) [0x0073E934]\n\t(No symbol) [0x00670733]\n\t(No symbol) [0x006B326F]\n\t(No symbol) [0x006B34AB]\n\t(No symbol) [0x006EEE42]\n\t(No symbol) [0x006D4464]\n\t(No symbol) [0x006ECB8D]\n\t(No symbol) [0x006D41B6]\n\t(No symbol) [0x006A8017]\n\t(No symbol) [0x006A890D]\n\tGetHandleVerifier [0x0086A5E3+1013683]\n\tGetHandleVerifier [0x00873E3C+1052684]\n\tGetHandleVerifier [0x0086D4A4+1025652]\n\tGetHandleVerifier [0x0079EA2B+179195]\n\t(No symbol) [0x00746833]\n\t(No symbol) [0x00743198]\n\t(No symbol) [0x00743337]\n\t(No symbol) [0x0073B4BE]\n\tBaseThreadInitThunk [0x767F7BA9+25]\n\tRtlInitializeExceptionChain [0x776DC10B+107]\n\tRtlClearBits [0x776DC08F+191]\n\n", "trace": "  File \"D:\\PycharmProjects\\Alza_diplom\\pages\\base_page.py\", line 27, in click\n    element = self.get_element(locator)\n              ^^^^^^^^^^^^^^^^^^^^^^^^^\n  File \"D:\\PycharmProjects\\Alza_diplom\\pages\\base_page.py\", line 22, in get_element\n    element = WebDriverWait(self.driver, 10).until(EC.element_to_be_clickable(locator))\n              ^^^^^^^^^^^^^^^^^^^^^^^^^^^^^^^^^^^^^^^^^^^^^^^^^^^^^^^^^^^^^^^^^^^^^^^^^\n  File \"D:\\PycharmProjects\\Alza_diplom\\.venv\\Lib\\site-packages\\selenium\\webdriver\\support\\wait.py\", line 105, in until\n    raise TimeoutException(message, screen, stacktrace)\n"}, "steps": [{"name": "Get element", "status": "broken", "statusDetails": {"message": "selenium.common.exceptions.TimeoutException: Message: \nStacktrace:\n\tGetHandleVerifier [0x00778923+23283]\n\t(No symbol) [0x0073E934]\n\t(No symbol) [0x00670733]\n\t(No symbol) [0x006B326F]\n\t(No symbol) [0x006B34AB]\n\t(No symbol) [0x006EEE42]\n\t(No symbol) [0x006D4464]\n\t(No symbol) [0x006ECB8D]\n\t(No symbol) [0x006D41B6]\n\t(No symbol) [0x006A8017]\n\t(No symbol) [0x006A890D]\n\tGetHandleVerifier [0x0086A5E3+1013683]\n\tGetHandleVerifier [0x00873E3C+1052684]\n\tGetHandleVerifier [0x0086D4A4+1025652]\n\tGetHandleVerifier [0x0079EA2B+179195]\n\t(No symbol) [0x00746833]\n\t(No symbol) [0x00743198]\n\t(No symbol) [0x00743337]\n\t(No symbol) [0x0073B4BE]\n\tBaseThreadInitThunk [0x767F7BA9+25]\n\tRtlInitializeExceptionChain [0x776DC10B+107]\n\tRtlClearBits [0x776DC08F+191]\n\n", "trace": "  File \"D:\\PycharmProjects\\Alza_diplom\\pages\\base_page.py\", line 22, in get_element\n    element = WebDriverWait(self.driver, 10).until(EC.element_to_be_clickable(locator))\n              ^^^^^^^^^^^^^^^^^^^^^^^^^^^^^^^^^^^^^^^^^^^^^^^^^^^^^^^^^^^^^^^^^^^^^^^^^\n  File \"D:\\PycharmProjects\\Alza_diplom\\.venv\\Lib\\site-packages\\selenium\\webdriver\\support\\wait.py\", line 105, in until\n    raise TimeoutException(message, screen, stacktrace)\n"}, "start": 1723559854511, "stop": 1723559864875}], "start": 1723559854511, "stop": 1723559864876}], "start": 1723559854511, "stop": 1723559864876}, {"name": "Click comment button", "status": "passed", "steps": [{"name": "Click element on element", "status": "passed", "steps": [{"name": "Get element", "status": "passed", "start": 1723559864876, "stop": 1723559864905}], "start": 1723559864876, "stop": 1723559866531}], "start": 1723559864876, "stop": 1723559866531}, {"name": "Assert login is opened", "status": "passed", "steps": [{"name": "Get element", "status": "passed", "start": 1723559866532, "stop": 1723559866568}, {"name": "Get element", "status": "passed", "start": 1723559866568, "stop": 1723559866599}, {"name": "Get element", "status": "passed", "start": 1723559866599, "stop": 1723559866628}], "start": 1723559866532, "stop": 1723559866628}], "attachments": [{"name": "log", "source": "bbf2d5cd-860a-43b3-8751-ac6a3c58ba16-attachment.txt", "type": "text/plain"}], "start": 1723559844175, "stop": 1723559866629, "uuid": "eb45cc01-bbf8-4266-8b3b-17d14df89b59", "historyId": "0379864cf475c4e7574635d7301a12d0", "testCaseId": "0379864cf475c4e7574635d7301a12d0", "fullName": "tests.test_product#test_comment_button", "labels": [{"name": "feature", "value": "Product page"}, {"name": "parentSuite", "value": "tests"}, {"name": "suite", "value": "test_product"}, {"name": "host", "value": "arret"}, {"name": "thread", "value": "10892-MainThread"}, {"name": "framework", "value": "pytest"}, {"name": "language", "value": "cpython3"}, {"name": "package", "value": "tests.test_product"}]}