{"name": "test_markets_and_boxes", "status": "broken", "statusDetails": {"message": "selenium.common.exceptions.TimeoutException: Message: \nStacktrace:\n\tGetHandleVerifier [0x00778923+23283]\n\t(No symbol) [0x0073E934]\n\t(No symbol) [0x00670733]\n\t(No symbol) [0x006B326F]\n\t(No symbol) [0x006B34AB]\n\t(No symbol) [0x006EEE42]\n\t(No symbol) [0x006D4464]\n\t(No symbol) [0x006ECB8D]\n\t(No symbol) [0x006D41B6]\n\t(No symbol) [0x006A8017]\n\t(No symbol) [0x006A890D]\n\tGetHandleVerifier [0x0086A5E3+1013683]\n\tGetHandleVerifier [0x00873E3C+1052684]\n\tGetHandleVerifier [0x0086D4A4+1025652]\n\tGetHandleVerifier [0x0079EA2B+179195]\n\t(No symbol) [0x00746833]\n\t(No symbol) [0x00743198]\n\t(No symbol) [0x00743337]\n\t(No symbol) [0x0073B4BE]\n\tBaseThreadInitThunk [0x767F7BA9+25]\n\tRtlInitializeExceptionChain [0x776DC10B+107]\n\tRtlClearBits [0x776DC08F+191]", "trace": "driver = <selenium.webdriver.chrome.webdriver.WebDriver (session=\"690b8e457b35d278dd27f2ecb0f5b349\")>\n\n    @allure.feature('Delivery')\n    def test_markets_and_boxes(driver):\n        main_page = MainPage(driver)\n        main_page.buy_first_product()\n        header_element = HeaderElement(driver)\n        header_element.open_basket()\n    \n        basket_page = BasketPage(driver)\n        basket_page.open_delivery_page()\n        delivery_page = DeliveryPage(driver)\n        delivery_page.close_dialog_window()\n        delivery_page.open_markets_and_boxes()\n>       delivery_page.buy_alza_box()\n\ntests\\test_delivery_page.py:84: \n_ _ _ _ _ _ _ _ _ _ _ _ _ _ _ _ _ _ _ _ _ _ _ _ _ _ _ _ _ _ _ _ _ _ _ _ _ _ _ _ _ _ \npages\\delivery_page.py:66: in buy_alza_box\n    self.click(self.MARKET_CONFIRM)\npages\\base_page.py:27: in click\n    element = self.get_element(locator)\npages\\base_page.py:22: in get_element\n    element = WebDriverWait(self.driver, 10).until(EC.element_to_be_clickable(locator))\n_ _ _ _ _ _ _ _ _ _ _ _ _ _ _ _ _ _ _ _ _ _ _ _ _ _ _ _ _ _ _ _ _ _ _ _ _ _ _ _ _ _ \n\nself = <selenium.webdriver.support.wait.WebDriverWait (session=\"690b8e457b35d278dd27f2ecb0f5b349\")>\nmethod = <function element_to_be_clickable.<locals>._predicate at 0x00000213BEA260C0>\nmessage = ''\n\n    def until(self, method: Callable[[D], Union[Literal[False], T]], message: str = \"\") -> T:\n        \"\"\"Calls the method provided with the driver as an argument until the \\\n        return value does not evaluate to ``False``.\n    \n        :param method: callable(WebDriver)\n        :param message: optional message for :exc:`TimeoutException`\n        :returns: the result of the last call to `method`\n        :raises: :exc:`selenium.common.exceptions.TimeoutException` if timeout occurs\n        \"\"\"\n        screen = None\n        stacktrace = None\n    \n        end_time = time.monotonic() + self._timeout\n        while True:\n            try:\n                value = method(self._driver)\n                if value:\n                    return value\n            except self._ignored_exceptions as exc:\n                screen = getattr(exc, \"screen\", None)\n                stacktrace = getattr(exc, \"stacktrace\", None)\n            time.sleep(self._poll)\n            if time.monotonic() > end_time:\n                break\n>       raise TimeoutException(message, screen, stacktrace)\nE       selenium.common.exceptions.TimeoutException: Message: \nE       Stacktrace:\nE       \tGetHandleVerifier [0x00778923+23283]\nE       \t(No symbol) [0x0073E934]\nE       \t(No symbol) [0x00670733]\nE       \t(No symbol) [0x006B326F]\nE       \t(No symbol) [0x006B34AB]\nE       \t(No symbol) [0x006EEE42]\nE       \t(No symbol) [0x006D4464]\nE       \t(No symbol) [0x006ECB8D]\nE       \t(No symbol) [0x006D41B6]\nE       \t(No symbol) [0x006A8017]\nE       \t(No symbol) [0x006A890D]\nE       \tGetHandleVerifier [0x0086A5E3+1013683]\nE       \tGetHandleVerifier [0x00873E3C+1052684]\nE       \tGetHandleVerifier [0x0086D4A4+1025652]\nE       \tGetHandleVerifier [0x0079EA2B+179195]\nE       \t(No symbol) [0x00746833]\nE       \t(No symbol) [0x00743198]\nE       \t(No symbol) [0x00743337]\nE       \t(No symbol) [0x0073B4BE]\nE       \tBaseThreadInitThunk [0x767F7BA9+25]\nE       \tRtlInitializeExceptionChain [0x776DC10B+107]\nE       \tRtlClearBits [0x776DC08F+191]\n\n.venv\\Lib\\site-packages\\selenium\\webdriver\\support\\wait.py:105: TimeoutException"}, "steps": [{"name": "Buy first product", "status": "passed", "steps": [{"name": "Open main page", "status": "passed", "steps": [{"name": "Open page", "status": "passed", "start": 1723559464623, "stop": 1723559474638}], "start": 1723559464623, "stop": 1723559474638}, {"name": "Close privacy window", "status": "passed", "steps": [{"name": "Click element on element", "status": "passed", "steps": [{"name": "Get element", "status": "passed", "start": 1723559474638, "stop": 1723559474682}], "start": 1723559474638, "stop": 1723559474740}], "start": 1723559474638, "stop": 1723559474740}, {"name": "Take item to basket", "status": "passed", "steps": [{"name": "Click element on element", "status": "passed", "steps": [{"name": "Get element", "status": "passed", "start": 1723559474740, "stop": 1723559474792}], "start": 1723559474740, "stop": 1723559474898}], "start": 1723559474740, "stop": 1723559475899}], "start": 1723559464622, "stop": 1723559475899}, {"name": "Click element on element", "status": "passed", "steps": [{"name": "Get element", "status": "passed", "start": 1723559475899, "stop": 1723559475940}], "start": 1723559475899, "stop": 1723559477739}, {"name": "Open delivery page", "status": "passed", "steps": [{"name": "Click element on element", "status": "passed", "steps": [{"name": "Get element", "status": "passed", "start": 1723559477739, "stop": 1723559477911}], "start": 1723559477739, "stop": 1723559477962}], "start": 1723559477739, "stop": 1723559477962}, {"name": "Close dialog window", "status": "passed", "steps": [{"name": "Click element on element", "status": "passed", "steps": [{"name": "Get element", "status": "passed", "start": 1723559477963, "stop": 1723559478527}], "start": 1723559477962, "stop": 1723559478580}], "start": 1723559477962, "stop": 1723559478581}, {"name": "Open markets and boxes", "status": "passed", "steps": [{"name": "Click element on element", "status": "passed", "steps": [{"name": "Get element", "status": "passed", "start": 1723559478581, "stop": 1723559481849}], "start": 1723559478581, "stop": 1723559481911}], "start": 1723559478581, "stop": 1723559481911}, {"name": "Buy in alza box", "status": "broken", "statusDetails": {"message": "selenium.common.exceptions.TimeoutException: Message: \nStacktrace:\n\tGetHandleVerifier [0x00778923+23283]\n\t(No symbol) [0x0073E934]\n\t(No symbol) [0x00670733]\n\t(No symbol) [0x006B326F]\n\t(No symbol) [0x006B34AB]\n\t(No symbol) [0x006EEE42]\n\t(No symbol) [0x006D4464]\n\t(No symbol) [0x006ECB8D]\n\t(No symbol) [0x006D41B6]\n\t(No symbol) [0x006A8017]\n\t(No symbol) [0x006A890D]\n\tGetHandleVerifier [0x0086A5E3+1013683]\n\tGetHandleVerifier [0x00873E3C+1052684]\n\tGetHandleVerifier [0x0086D4A4+1025652]\n\tGetHandleVerifier [0x0079EA2B+179195]\n\t(No symbol) [0x00746833]\n\t(No symbol) [0x00743198]\n\t(No symbol) [0x00743337]\n\t(No symbol) [0x0073B4BE]\n\tBaseThreadInitThunk [0x767F7BA9+25]\n\tRtlInitializeExceptionChain [0x776DC10B+107]\n\tRtlClearBits [0x776DC08F+191]\n\n", "trace": "  File \"D:\\PycharmProjects\\Alza_diplom\\pages\\delivery_page.py\", line 66, in buy_alza_box\n    self.click(self.MARKET_CONFIRM)\n  File \"D:\\PycharmProjects\\Alza_diplom\\pages\\base_page.py\", line 27, in click\n    element = self.get_element(locator)\n              ^^^^^^^^^^^^^^^^^^^^^^^^^\n  File \"D:\\PycharmProjects\\Alza_diplom\\pages\\base_page.py\", line 22, in get_element\n    element = WebDriverWait(self.driver, 10).until(EC.element_to_be_clickable(locator))\n              ^^^^^^^^^^^^^^^^^^^^^^^^^^^^^^^^^^^^^^^^^^^^^^^^^^^^^^^^^^^^^^^^^^^^^^^^^\n  File \"D:\\PycharmProjects\\Alza_diplom\\.venv\\Lib\\site-packages\\selenium\\webdriver\\support\\wait.py\", line 105, in until\n    raise TimeoutException(message, screen, stacktrace)\n"}, "steps": [{"name": "Click element on element", "status": "passed", "steps": [{"name": "Get element", "status": "passed", "start": 1723559481911, "stop": 1723559483611}], "start": 1723559481911, "stop": 1723559483728}, {"name": "Click element on element", "status": "broken", "statusDetails": {"message": "selenium.common.exceptions.TimeoutException: Message: \nStacktrace:\n\tGetHandleVerifier [0x00778923+23283]\n\t(No symbol) [0x0073E934]\n\t(No symbol) [0x00670733]\n\t(No symbol) [0x006B326F]\n\t(No symbol) [0x006B34AB]\n\t(No symbol) [0x006EEE42]\n\t(No symbol) [0x006D4464]\n\t(No symbol) [0x006ECB8D]\n\t(No symbol) [0x006D41B6]\n\t(No symbol) [0x006A8017]\n\t(No symbol) [0x006A890D]\n\tGetHandleVerifier [0x0086A5E3+1013683]\n\tGetHandleVerifier [0x00873E3C+1052684]\n\tGetHandleVerifier [0x0086D4A4+1025652]\n\tGetHandleVerifier [0x0079EA2B+179195]\n\t(No symbol) [0x00746833]\n\t(No symbol) [0x00743198]\n\t(No symbol) [0x00743337]\n\t(No symbol) [0x0073B4BE]\n\tBaseThreadInitThunk [0x767F7BA9+25]\n\tRtlInitializeExceptionChain [0x776DC10B+107]\n\tRtlClearBits [0x776DC08F+191]\n\n", "trace": "  File \"D:\\PycharmProjects\\Alza_diplom\\pages\\base_page.py\", line 27, in click\n    element = self.get_element(locator)\n              ^^^^^^^^^^^^^^^^^^^^^^^^^\n  File \"D:\\PycharmProjects\\Alza_diplom\\pages\\base_page.py\", line 22, in get_element\n    element = WebDriverWait(self.driver, 10).until(EC.element_to_be_clickable(locator))\n              ^^^^^^^^^^^^^^^^^^^^^^^^^^^^^^^^^^^^^^^^^^^^^^^^^^^^^^^^^^^^^^^^^^^^^^^^^\n  File \"D:\\PycharmProjects\\Alza_diplom\\.venv\\Lib\\site-packages\\selenium\\webdriver\\support\\wait.py\", line 105, in until\n    raise TimeoutException(message, screen, stacktrace)\n"}, "steps": [{"name": "Get element", "status": "broken", "statusDetails": {"message": "selenium.common.exceptions.TimeoutException: Message: \nStacktrace:\n\tGetHandleVerifier [0x00778923+23283]\n\t(No symbol) [0x0073E934]\n\t(No symbol) [0x00670733]\n\t(No symbol) [0x006B326F]\n\t(No symbol) [0x006B34AB]\n\t(No symbol) [0x006EEE42]\n\t(No symbol) [0x006D4464]\n\t(No symbol) [0x006ECB8D]\n\t(No symbol) [0x006D41B6]\n\t(No symbol) [0x006A8017]\n\t(No symbol) [0x006A890D]\n\tGetHandleVerifier [0x0086A5E3+1013683]\n\tGetHandleVerifier [0x00873E3C+1052684]\n\tGetHandleVerifier [0x0086D4A4+1025652]\n\tGetHandleVerifier [0x0079EA2B+179195]\n\t(No symbol) [0x00746833]\n\t(No symbol) [0x00743198]\n\t(No symbol) [0x00743337]\n\t(No symbol) [0x0073B4BE]\n\tBaseThreadInitThunk [0x767F7BA9+25]\n\tRtlInitializeExceptionChain [0x776DC10B+107]\n\tRtlClearBits [0x776DC08F+191]\n\n", "trace": "  File \"D:\\PycharmProjects\\Alza_diplom\\pages\\base_page.py\", line 22, in get_element\n    element = WebDriverWait(self.driver, 10).until(EC.element_to_be_clickable(locator))\n              ^^^^^^^^^^^^^^^^^^^^^^^^^^^^^^^^^^^^^^^^^^^^^^^^^^^^^^^^^^^^^^^^^^^^^^^^^\n  File \"D:\\PycharmProjects\\Alza_diplom\\.venv\\Lib\\site-packages\\selenium\\webdriver\\support\\wait.py\", line 105, in until\n    raise TimeoutException(message, screen, stacktrace)\n"}, "start": 1723559484728, "stop": 1723559494975}], "start": 1723559484728, "stop": 1723559494975}], "start": 1723559481911, "stop": 1723559494976}], "attachments": [{"name": "log", "source": "3a1449cf-979f-44ae-816b-115e24c4d6a1-attachment.txt", "type": "text/plain"}], "start": 1723559464622, "stop": 1723559494977, "uuid": "27fe0b69-8f57-4a00-97f3-2fdd61f50b59", "historyId": "1564dfb00c28fc50510338a2ac4334d9", "testCaseId": "1564dfb00c28fc50510338a2ac4334d9", "fullName": "tests.test_delivery_page#test_markets_and_boxes", "labels": [{"name": "feature", "value": "Delivery"}, {"name": "parentSuite", "value": "tests"}, {"name": "suite", "value": "test_delivery_page"}, {"name": "host", "value": "arret"}, {"name": "thread", "value": "10892-MainThread"}, {"name": "framework", "value": "pytest"}, {"name": "language", "value": "cpython3"}, {"name": "package", "value": "tests.test_delivery_page"}]}