{"name": "test_markets", "status": "broken", "statusDetails": {"message": "selenium.common.exceptions.StaleElementReferenceException: Message: stale element reference: stale element not found in the current frame\n  (Session info: chrome=127.0.6533.100); For documentation on this error, please visit: https://www.selenium.dev/documentation/webdriver/troubleshooting/errors#stale-element-reference-exception\nStacktrace:\n\tGetHandleVerifier [0x00778923+23283]\n\t(No symbol) [0x0073E934]\n\t(No symbol) [0x00670733]\n\t(No symbol) [0x006760DF]\n\t(No symbol) [0x00677A88]\n\t(No symbol) [0x00677B00]\n\t(No symbol) [0x006B4D22]\n\t(No symbol) [0x006B3F82]\n\t(No symbol) [0x006A99EF]\n\t(No symbol) [0x006D441C]\n\t(No symbol) [0x006A9485]\n\t(No symbol) [0x006D46B4]\n\t(No symbol) [0x006ECB8D]\n\t(No symbol) [0x006D41B6]\n\t(No symbol) [0x006A8017]\n\t(No symbol) [0x006A890D]\n\tGetHandleVerifier [0x0086A5E3+1013683]\n\tGetHandleVerifier [0x00873E3C+1052684]\n\tGetHandleVerifier [0x0086D4A4+1025652]\n\tGetHandleVerifier [0x0079EA2B+179195]\n\t(No symbol) [0x00746833]\n\t(No symbol) [0x00743198]\n\t(No symbol) [0x00743337]\n\t(No symbol) [0x0073B4BE]\n\tBaseThreadInitThunk [0x767F7BA9+25]\n\tRtlInitializeExceptionChain [0x776DC10B+107]\n\tRtlClearBits [0x776DC08F+191]", "trace": "driver = <selenium.webdriver.chrome.webdriver.WebDriver (session=\"ac93db92fa8e59cde4369973c961eab5\")>\n\n    @allure.feature('Delivery')\n    def test_markets(driver):\n        main_page = MainPage(driver)\n        main_page.buy_first_product()\n        header_element = HeaderElement(driver)\n        header_element.open_basket()\n    \n        basket_page = BasketPage(driver)\n        basket_page.open_delivery_page()\n        delivery_page = DeliveryPage(driver)\n        delivery_page.close_dialog_window()\n        delivery_page.open_markets()\n>       delivery_page.buy_in_market()\n\ntests\\test_delivery_page.py:68: \n_ _ _ _ _ _ _ _ _ _ _ _ _ _ _ _ _ _ _ _ _ _ _ _ _ _ _ _ _ _ _ _ _ _ _ _ _ _ _ _ _ _ \npages\\delivery_page.py:71: in buy_in_market\n    self.click(self.OPENING_HOURS)\npages\\base_page.py:30: in click\n    element.click()\n.venv\\Lib\\site-packages\\selenium\\webdriver\\remote\\webelement.py:94: in click\n    self._execute(Command.CLICK_ELEMENT)\n.venv\\Lib\\site-packages\\selenium\\webdriver\\remote\\webelement.py:395: in _execute\n    return self._parent.execute(command, params)\n.venv\\Lib\\site-packages\\selenium\\webdriver\\remote\\webdriver.py:354: in execute\n    self.error_handler.check_response(response)\n_ _ _ _ _ _ _ _ _ _ _ _ _ _ _ _ _ _ _ _ _ _ _ _ _ _ _ _ _ _ _ _ _ _ _ _ _ _ _ _ _ _ \n\nself = <selenium.webdriver.remote.errorhandler.ErrorHandler object at 0x00000213BE9E28A0>\nresponse = {'status': 404, 'value': '{\"value\":{\"error\":\"stale element reference\",\"message\":\"stale element reference: stale elemen...dInitThunk [0x767F7BA9+25]\\\\n\\\\tRtlInitializeExceptionChain [0x776DC10B+107]\\\\n\\\\tRtlClearBits [0x776DC08F+191]\\\\n\"}}'}\n\n    def check_response(self, response: Dict[str, Any]) -> None:\n        \"\"\"Checks that a JSON response from the WebDriver does not have an\n        error.\n    \n        :Args:\n         - response - The JSON response from the WebDriver server as a dictionary\n           object.\n    \n        :Raises: If the response contains an error message.\n        \"\"\"\n        status = response.get(\"status\", None)\n        if not status or status == ErrorCode.SUCCESS:\n            return\n        value = None\n        message = response.get(\"message\", \"\")\n        screen: str = response.get(\"screen\", \"\")\n        stacktrace = None\n        if isinstance(status, int):\n            value_json = response.get(\"value\", None)\n            if value_json and isinstance(value_json, str):\n                import json\n    \n                try:\n                    value = json.loads(value_json)\n                    if len(value) == 1:\n                        value = value[\"value\"]\n                    status = value.get(\"error\", None)\n                    if not status:\n                        status = value.get(\"status\", ErrorCode.UNKNOWN_ERROR)\n                        message = value.get(\"value\") or value.get(\"message\")\n                        if not isinstance(message, str):\n                            value = message\n                            message = message.get(\"message\")\n                    else:\n                        message = value.get(\"message\", None)\n                except ValueError:\n                    pass\n    \n        exception_class: Type[WebDriverException]\n        e = ErrorCode()\n        error_codes = [item for item in dir(e) if not item.startswith(\"__\")]\n        for error_code in error_codes:\n            error_info = getattr(ErrorCode, error_code)\n            if isinstance(error_info, list) and status in error_info:\n                exception_class = getattr(ExceptionMapping, error_code, WebDriverException)\n                break\n        else:\n            exception_class = WebDriverException\n    \n        if not value:\n            value = response[\"value\"]\n        if isinstance(value, str):\n            raise exception_class(value)\n        if message == \"\" and \"message\" in value:\n            message = value[\"message\"]\n    \n        screen = None  # type: ignore[assignment]\n        if \"screen\" in value:\n            screen = value[\"screen\"]\n    \n        stacktrace = None\n        st_value = value.get(\"stackTrace\") or value.get(\"stacktrace\")\n        if st_value:\n            if isinstance(st_value, str):\n                stacktrace = st_value.split(\"\\n\")\n            else:\n                stacktrace = []\n                try:\n                    for frame in st_value:\n                        line = frame.get(\"lineNumber\", \"\")\n                        file = frame.get(\"fileName\", \"<anonymous>\")\n                        if line:\n                            file = f\"{file}:{line}\"\n                        meth = frame.get(\"methodName\", \"<anonymous>\")\n                        if \"className\" in frame:\n                            meth = f\"{frame['className']}.{meth}\"\n                        msg = \"    at %s (%s)\"\n                        msg = msg % (meth, file)\n                        stacktrace.append(msg)\n                except TypeError:\n                    pass\n        if exception_class == UnexpectedAlertPresentException:\n            alert_text = None\n            if \"data\" in value:\n                alert_text = value[\"data\"].get(\"text\")\n            elif \"alert\" in value:\n                alert_text = value[\"alert\"].get(\"text\")\n            raise exception_class(message, screen, stacktrace, alert_text)  # type: ignore[call-arg]  # mypy is not smart enough here\n>       raise exception_class(message, screen, stacktrace)\nE       selenium.common.exceptions.StaleElementReferenceException: Message: stale element reference: stale element not found in the current frame\nE         (Session info: chrome=127.0.6533.100); For documentation on this error, please visit: https://www.selenium.dev/documentation/webdriver/troubleshooting/errors#stale-element-reference-exception\nE       Stacktrace:\nE       \tGetHandleVerifier [0x00778923+23283]\nE       \t(No symbol) [0x0073E934]\nE       \t(No symbol) [0x00670733]\nE       \t(No symbol) [0x006760DF]\nE       \t(No symbol) [0x00677A88]\nE       \t(No symbol) [0x00677B00]\nE       \t(No symbol) [0x006B4D22]\nE       \t(No symbol) [0x006B3F82]\nE       \t(No symbol) [0x006A99EF]\nE       \t(No symbol) [0x006D441C]\nE       \t(No symbol) [0x006A9485]\nE       \t(No symbol) [0x006D46B4]\nE       \t(No symbol) [0x006ECB8D]\nE       \t(No symbol) [0x006D41B6]\nE       \t(No symbol) [0x006A8017]\nE       \t(No symbol) [0x006A890D]\nE       \tGetHandleVerifier [0x0086A5E3+1013683]\nE       \tGetHandleVerifier [0x00873E3C+1052684]\nE       \tGetHandleVerifier [0x0086D4A4+1025652]\nE       \tGetHandleVerifier [0x0079EA2B+179195]\nE       \t(No symbol) [0x00746833]\nE       \t(No symbol) [0x00743198]\nE       \t(No symbol) [0x00743337]\nE       \t(No symbol) [0x0073B4BE]\nE       \tBaseThreadInitThunk [0x767F7BA9+25]\nE       \tRtlInitializeExceptionChain [0x776DC10B+107]\nE       \tRtlClearBits [0x776DC08F+191]\n\n.venv\\Lib\\site-packages\\selenium\\webdriver\\remote\\errorhandler.py:229: StaleElementReferenceException"}, "steps": [{"name": "Buy first product", "status": "passed", "steps": [{"name": "Open main page", "status": "passed", "steps": [{"name": "Open page", "status": "passed", "start": 1723559443211, "stop": 1723559452395}], "start": 1723559443211, "stop": 1723559452395}, {"name": "Close privacy window", "status": "passed", "steps": [{"name": "Click element on element", "status": "passed", "steps": [{"name": "Get element", "status": "passed", "start": 1723559452395, "stop": 1723559452463}], "start": 1723559452395, "stop": 1723559452544}], "start": 1723559452395, "stop": 1723559452544}, {"name": "Take item to basket", "status": "passed", "steps": [{"name": "Click element on element", "status": "passed", "steps": [{"name": "Get element", "status": "passed", "start": 1723559452544, "stop": 1723559452602}], "start": 1723559452544, "stop": 1723559452708}], "start": 1723559452544, "stop": 1723559453708}], "start": 1723559443211, "stop": 1723559453708}, {"name": "Click element on element", "status": "passed", "steps": [{"name": "Get element", "status": "passed", "start": 1723559453708, "stop": 1723559453805}], "start": 1723559453708, "stop": 1723559454936}, {"name": "Open delivery page", "status": "passed", "steps": [{"name": "Click element on element", "status": "passed", "steps": [{"name": "Get element", "status": "passed", "start": 1723559454936, "stop": 1723559454997}], "start": 1723559454936, "stop": 1723559455041}], "start": 1723559454936, "stop": 1723559455041}, {"name": "Close dialog window", "status": "passed", "steps": [{"name": "Click element on element", "status": "passed", "steps": [{"name": "Get element", "status": "passed", "start": 1723559455041, "stop": 1723559455586}], "start": 1723559455041, "stop": 1723559455638}], "start": 1723559455041, "stop": 1723559455638}, {"name": "Open markets", "status": "passed", "steps": [{"name": "Click element on element", "status": "passed", "steps": [{"name": "Get element", "status": "passed", "start": 1723559455638, "stop": 1723559458066}], "start": 1723559455638, "stop": 1723559458139}], "start": 1723559455638, "stop": 1723559458139}, {"name": "Buy in market", "status": "broken", "statusDetails": {"message": "selenium.common.exceptions.StaleElementReferenceException: Message: stale element reference: stale element not found in the current frame\n  (Session info: chrome=127.0.6533.100); For documentation on this error, please visit: https://www.selenium.dev/documentation/webdriver/troubleshooting/errors#stale-element-reference-exception\nStacktrace:\n\tGetHandleVerifier [0x00778923+23283]\n\t(No symbol) [0x0073E934]\n\t(No symbol) [0x00670733]\n\t(No symbol) [0x006760DF]\n\t(No symbol) [0x00677A88]\n\t(No symbol) [0x00677B00]\n\t(No symbol) [0x006B4D22]\n\t(No symbol) [0x006B3F82]\n\t(No symbol) [0x006A99EF]\n\t(No symbol) [0x006D441C]\n\t(No symbol) [0x006A9485]\n\t(No symbol) [0x006D46B4]\n\t(No symbol) [0x006ECB8D]\n\t(No symbol) [0x006D41B6]\n\t(No symbol) [0x006A8017]\n\t(No symbol) [0x006A890D]\n\tGetHandleVerifier [0x0086A5E3+1013683]\n\tGetHandleVerifier [0x00873E3C+1052684]\n\tGetHandleVerifier [0x0086D4A4+1025652]\n\tGetHandleVerifier [0x0079EA2B+179195]\n\t(No symbol) [0x00746833]\n\t(No symbol) [0x00743198]\n\t(No symbol) [0x00743337]\n\t(No symbol) [0x0073B4BE]\n\tBaseThreadInitThunk [0x767F7BA9+25]\n\tRtlInitializeExceptionChain [0x776DC10B+107]\n\tRtlClearBits [0x776DC08F+191]\n\n", "trace": "  File \"D:\\PycharmProjects\\Alza_diplom\\pages\\delivery_page.py\", line 71, in buy_in_market\n    self.click(self.OPENING_HOURS)\n  File \"D:\\PycharmProjects\\Alza_diplom\\pages\\base_page.py\", line 30, in click\n    element.click()\n  File \"D:\\PycharmProjects\\Alza_diplom\\.venv\\Lib\\site-packages\\selenium\\webdriver\\remote\\webelement.py\", line 94, in click\n    self._execute(Command.CLICK_ELEMENT)\n  File \"D:\\PycharmProjects\\Alza_diplom\\.venv\\Lib\\site-packages\\selenium\\webdriver\\remote\\webelement.py\", line 395, in _execute\n    return self._parent.execute(command, params)\n           ^^^^^^^^^^^^^^^^^^^^^^^^^^^^^^^^^^^^^\n  File \"D:\\PycharmProjects\\Alza_diplom\\.venv\\Lib\\site-packages\\selenium\\webdriver\\remote\\webdriver.py\", line 354, in execute\n    self.error_handler.check_response(response)\n  File \"D:\\PycharmProjects\\Alza_diplom\\.venv\\Lib\\site-packages\\selenium\\webdriver\\remote\\errorhandler.py\", line 229, in check_response\n    raise exception_class(message, screen, stacktrace)\n"}, "steps": [{"name": "Click element on element", "status": "passed", "steps": [{"name": "Get element", "status": "passed", "start": 1723559458139, "stop": 1723559459271}], "start": 1723559458139, "stop": 1723559459356}, {"name": "Click element on element", "status": "broken", "statusDetails": {"message": "selenium.common.exceptions.StaleElementReferenceException: Message: stale element reference: stale element not found in the current frame\n  (Session info: chrome=127.0.6533.100); For documentation on this error, please visit: https://www.selenium.dev/documentation/webdriver/troubleshooting/errors#stale-element-reference-exception\nStacktrace:\n\tGetHandleVerifier [0x00778923+23283]\n\t(No symbol) [0x0073E934]\n\t(No symbol) [0x00670733]\n\t(No symbol) [0x006760DF]\n\t(No symbol) [0x00677A88]\n\t(No symbol) [0x00677B00]\n\t(No symbol) [0x006B4D22]\n\t(No symbol) [0x006B3F82]\n\t(No symbol) [0x006A99EF]\n\t(No symbol) [0x006D441C]\n\t(No symbol) [0x006A9485]\n\t(No symbol) [0x006D46B4]\n\t(No symbol) [0x006ECB8D]\n\t(No symbol) [0x006D41B6]\n\t(No symbol) [0x006A8017]\n\t(No symbol) [0x006A890D]\n\tGetHandleVerifier [0x0086A5E3+1013683]\n\tGetHandleVerifier [0x00873E3C+1052684]\n\tGetHandleVerifier [0x0086D4A4+1025652]\n\tGetHandleVerifier [0x0079EA2B+179195]\n\t(No symbol) [0x00746833]\n\t(No symbol) [0x00743198]\n\t(No symbol) [0x00743337]\n\t(No symbol) [0x0073B4BE]\n\tBaseThreadInitThunk [0x767F7BA9+25]\n\tRtlInitializeExceptionChain [0x776DC10B+107]\n\tRtlClearBits [0x776DC08F+191]\n\n", "trace": "  File \"D:\\PycharmProjects\\Alza_diplom\\pages\\base_page.py\", line 30, in click\n    element.click()\n  File \"D:\\PycharmProjects\\Alza_diplom\\.venv\\Lib\\site-packages\\selenium\\webdriver\\remote\\webelement.py\", line 94, in click\n    self._execute(Command.CLICK_ELEMENT)\n  File \"D:\\PycharmProjects\\Alza_diplom\\.venv\\Lib\\site-packages\\selenium\\webdriver\\remote\\webelement.py\", line 395, in _execute\n    return self._parent.execute(command, params)\n           ^^^^^^^^^^^^^^^^^^^^^^^^^^^^^^^^^^^^^\n  File \"D:\\PycharmProjects\\Alza_diplom\\.venv\\Lib\\site-packages\\selenium\\webdriver\\remote\\webdriver.py\", line 354, in execute\n    self.error_handler.check_response(response)\n  File \"D:\\PycharmProjects\\Alza_diplom\\.venv\\Lib\\site-packages\\selenium\\webdriver\\remote\\errorhandler.py\", line 229, in check_response\n    raise exception_class(message, screen, stacktrace)\n"}, "steps": [{"name": "Get element", "status": "passed", "start": 1723559459357, "stop": 1723559459906}], "start": 1723559459356, "stop": 1723559459960}], "start": 1723559458139, "stop": 1723559459962}], "attachments": [{"name": "log", "source": "c0aae34c-1d2d-4613-ab1e-2d5817d5aaf8-attachment.txt", "type": "text/plain"}], "start": 1723559443211, "stop": 1723559459964, "uuid": "2caf06d8-8408-4497-99c8-536321ccdbd7", "historyId": "c7f9e07f226422a6ea175bb82177584b", "testCaseId": "c7f9e07f226422a6ea175bb82177584b", "fullName": "tests.test_delivery_page#test_markets", "labels": [{"name": "feature", "value": "Delivery"}, {"name": "parentSuite", "value": "tests"}, {"name": "suite", "value": "test_delivery_page"}, {"name": "host", "value": "arret"}, {"name": "thread", "value": "10892-MainThread"}, {"name": "framework", "value": "pytest"}, {"name": "language", "value": "cpython3"}, {"name": "package", "value": "tests.test_delivery_page"}]}