{"name": "test_plus_button", "status": "broken", "statusDetails": {"message": "selenium.common.exceptions.TimeoutException: Message: \nStacktrace:\n\tGetHandleVerifier [0x0052F653+11395]\n\t(No symbol) [0x0050B7A4]\n\t(No symbol) [0x00451A43]\n\t(No symbol) [0x004956C8]\n\t(No symbol) [0x004958AB]\n\t(No symbol) [0x004D26A2]\n\t(No symbol) [0x004B71E4]\n\t(No symbol) [0x004D03DC]\n\t(No symbol) [0x004B6F36]\n\t(No symbol) [0x0048A276]\n\t(No symbol) [0x0048AECD]\n\tGetHandleVerifier [0x00632403+1071667]\n\tGetHandleVerifier [0x0063C9C4+1114100]\n\tGetHandleVerifier [0x006354B2+1084130]\n\tGetHandleVerifier [0x0055013B+145259]\n\t(No symbol) [0x00511693]\n\t(No symbol) [0x0050EFB8]\n\t(No symbol) [0x0050F157]\n\t(No symbol) [0x0050842E]\n\tBaseThreadInitThunk [0x76637BA9+25]\n\tRtlInitializeExceptionChain [0x7782C10B+107]\n\tRtlClearBits [0x7782C08F+191]", "trace": "driver = <selenium.webdriver.chrome.webdriver.WebDriver (session=\"65180acd20fc48f0b955e50c6e674b19\")>\n\n    @allure.feature('Basket')\n    def test_plus_button(driver):\n        main_page = MainPage(driver)\n        main_page.open()\n        main_page.close_privacy_window()\n        main_page.assert_item_to_basket()\n        header_element = HeaderElement(driver)\n        header_element.open_basket()\n    \n        basket_page = BasketPage(driver)\n>       basket_page.assert_plus_button_is_worked()\n\ntests\\test_basket.py:46: \n_ _ _ _ _ _ _ _ _ _ _ _ _ _ _ _ _ _ _ _ _ _ _ _ _ _ _ _ _ _ _ _ _ _ _ _ _ _ _ _ _ _ _ _ _ _ _ _ _ _ _ _ _ _ _ _ _ _ _ _ _ _ _ _ _ _ _ _ _ _ _ _ _ _ _ _ _ _ _ _\npages\\basket_page.py:36: in assert_plus_button_is_worked\n    old_price = self.get_price(self.LAST_PRICE)\npages\\base_page.py:38: in get_price\n    element = self.get_element(locator)\npages\\base_page.py:20: in get_element\n    element = WebDriverWait(self.driver, 10).until(EC.element_to_be_clickable(locator))\n_ _ _ _ _ _ _ _ _ _ _ _ _ _ _ _ _ _ _ _ _ _ _ _ _ _ _ _ _ _ _ _ _ _ _ _ _ _ _ _ _ _ _ _ _ _ _ _ _ _ _ _ _ _ _ _ _ _ _ _ _ _ _ _ _ _ _ _ _ _ _ _ _ _ _ _ _ _ _ _\n\nself = <selenium.webdriver.support.wait.WebDriverWait (session=\"65180acd20fc48f0b955e50c6e674b19\")>\nmethod = <function element_to_be_clickable.<locals>._predicate at 0x00000218DBE5F560>, message = ''\n\n    def until(self, method: Callable[[D], Union[Literal[False], T]], message: str = \"\") -> T:\n        \"\"\"Calls the method provided with the driver as an argument until the \\\n        return value does not evaluate to ``False``.\n    \n        :param method: callable(WebDriver)\n        :param message: optional message for :exc:`TimeoutException`\n        :returns: the result of the last call to `method`\n        :raises: :exc:`selenium.common.exceptions.TimeoutException` if timeout occurs\n        \"\"\"\n        screen = None\n        stacktrace = None\n    \n        end_time = time.monotonic() + self._timeout\n        while True:\n            try:\n                value = method(self._driver)\n                if value:\n                    return value\n            except self._ignored_exceptions as exc:\n                screen = getattr(exc, \"screen\", None)\n                stacktrace = getattr(exc, \"stacktrace\", None)\n            time.sleep(self._poll)\n            if time.monotonic() > end_time:\n                break\n>       raise TimeoutException(message, screen, stacktrace)\nE       selenium.common.exceptions.TimeoutException: Message: \nE       Stacktrace:\nE       \tGetHandleVerifier [0x0052F653+11395]\nE       \t(No symbol) [0x0050B7A4]\nE       \t(No symbol) [0x00451A43]\nE       \t(No symbol) [0x004956C8]\nE       \t(No symbol) [0x004958AB]\nE       \t(No symbol) [0x004D26A2]\nE       \t(No symbol) [0x004B71E4]\nE       \t(No symbol) [0x004D03DC]\nE       \t(No symbol) [0x004B6F36]\nE       \t(No symbol) [0x0048A276]\nE       \t(No symbol) [0x0048AECD]\nE       \tGetHandleVerifier [0x00632403+1071667]\nE       \tGetHandleVerifier [0x0063C9C4+1114100]\nE       \tGetHandleVerifier [0x006354B2+1084130]\nE       \tGetHandleVerifier [0x0055013B+145259]\nE       \t(No symbol) [0x00511693]\nE       \t(No symbol) [0x0050EFB8]\nE       \t(No symbol) [0x0050F157]\nE       \t(No symbol) [0x0050842E]\nE       \tBaseThreadInitThunk [0x76637BA9+25]\nE       \tRtlInitializeExceptionChain [0x7782C10B+107]\nE       \tRtlClearBits [0x7782C08F+191]\n\n.venv\\Lib\\site-packages\\selenium\\webdriver\\support\\wait.py:105: TimeoutException"}, "steps": [{"name": "Open main page", "status": "passed", "steps": [{"name": "Open page", "status": "passed", "start": 1722093409629, "stop": 1722093413526}], "start": 1722093409629, "stop": 1722093413526}, {"name": "Close privacy window", "status": "passed", "steps": [{"name": "Click element on element", "status": "passed", "steps": [{"name": "Get element", "status": "passed", "start": 1722093413526, "stop": 1722093413586}], "start": 1722093413526, "stop": 1722093413677}], "start": 1722093413526, "stop": 1722093413677}, {"name": "Take item to basket", "status": "passed", "steps": [{"name": "Click element on element", "status": "passed", "steps": [{"name": "Get element", "status": "passed", "start": 1722093413677, "stop": 1722093413727}], "start": 1722093413677, "stop": 1722093413821}], "start": 1722093413677, "stop": 1722093414821}, {"name": "Click element on element", "status": "passed", "steps": [{"name": "Get element", "status": "passed", "start": 1722093414821, "stop": 1722093414942}], "start": 1722093414821, "stop": 1722093415990}, {"name": "Asserting plus button is worked", "status": "broken", "statusDetails": {"message": "selenium.common.exceptions.TimeoutException: Message: \nStacktrace:\n\tGetHandleVerifier [0x0052F653+11395]\n\t(No symbol) [0x0050B7A4]\n\t(No symbol) [0x00451A43]\n\t(No symbol) [0x004956C8]\n\t(No symbol) [0x004958AB]\n\t(No symbol) [0x004D26A2]\n\t(No symbol) [0x004B71E4]\n\t(No symbol) [0x004D03DC]\n\t(No symbol) [0x004B6F36]\n\t(No symbol) [0x0048A276]\n\t(No symbol) [0x0048AECD]\n\tGetHandleVerifier [0x00632403+1071667]\n\tGetHandleVerifier [0x0063C9C4+1114100]\n\tGetHandleVerifier [0x006354B2+1084130]\n\tGetHandleVerifier [0x0055013B+145259]\n\t(No symbol) [0x00511693]\n\t(No symbol) [0x0050EFB8]\n\t(No symbol) [0x0050F157]\n\t(No symbol) [0x0050842E]\n\tBaseThreadInitThunk [0x76637BA9+25]\n\tRtlInitializeExceptionChain [0x7782C10B+107]\n\tRtlClearBits [0x7782C08F+191]\n\n", "trace": "  File \"D:\\PycharmProjects\\Alza_diplom\\pages\\basket_page.py\", line 36, in assert_plus_button_is_worked\n    old_price = self.get_price(self.LAST_PRICE)\n                ^^^^^^^^^^^^^^^^^^^^^^^^^^^^^^^\n  File \"D:\\PycharmProjects\\Alza_diplom\\pages\\base_page.py\", line 38, in get_price\n    element = self.get_element(locator)\n              ^^^^^^^^^^^^^^^^^^^^^^^^^\n  File \"D:\\PycharmProjects\\Alza_diplom\\pages\\base_page.py\", line 20, in get_element\n    element = WebDriverWait(self.driver, 10).until(EC.element_to_be_clickable(locator))\n              ^^^^^^^^^^^^^^^^^^^^^^^^^^^^^^^^^^^^^^^^^^^^^^^^^^^^^^^^^^^^^^^^^^^^^^^^^\n  File \"D:\\PycharmProjects\\Alza_diplom\\.venv\\Lib\\site-packages\\selenium\\webdriver\\support\\wait.py\", line 105, in until\n    raise TimeoutException(message, screen, stacktrace)\n"}, "steps": [{"name": "Get price of element", "status": "broken", "statusDetails": {"message": "selenium.common.exceptions.TimeoutException: Message: \nStacktrace:\n\tGetHandleVerifier [0x0052F653+11395]\n\t(No symbol) [0x0050B7A4]\n\t(No symbol) [0x00451A43]\n\t(No symbol) [0x004956C8]\n\t(No symbol) [0x004958AB]\n\t(No symbol) [0x004D26A2]\n\t(No symbol) [0x004B71E4]\n\t(No symbol) [0x004D03DC]\n\t(No symbol) [0x004B6F36]\n\t(No symbol) [0x0048A276]\n\t(No symbol) [0x0048AECD]\n\tGetHandleVerifier [0x00632403+1071667]\n\tGetHandleVerifier [0x0063C9C4+1114100]\n\tGetHandleVerifier [0x006354B2+1084130]\n\tGetHandleVerifier [0x0055013B+145259]\n\t(No symbol) [0x00511693]\n\t(No symbol) [0x0050EFB8]\n\t(No symbol) [0x0050F157]\n\t(No symbol) [0x0050842E]\n\tBaseThreadInitThunk [0x76637BA9+25]\n\tRtlInitializeExceptionChain [0x7782C10B+107]\n\tRtlClearBits [0x7782C08F+191]\n\n", "trace": "  File \"D:\\PycharmProjects\\Alza_diplom\\pages\\base_page.py\", line 38, in get_price\n    element = self.get_element(locator)\n              ^^^^^^^^^^^^^^^^^^^^^^^^^\n  File \"D:\\PycharmProjects\\Alza_diplom\\pages\\base_page.py\", line 20, in get_element\n    element = WebDriverWait(self.driver, 10).until(EC.element_to_be_clickable(locator))\n              ^^^^^^^^^^^^^^^^^^^^^^^^^^^^^^^^^^^^^^^^^^^^^^^^^^^^^^^^^^^^^^^^^^^^^^^^^\n  File \"D:\\PycharmProjects\\Alza_diplom\\.venv\\Lib\\site-packages\\selenium\\webdriver\\support\\wait.py\", line 105, in until\n    raise TimeoutException(message, screen, stacktrace)\n"}, "steps": [{"name": "Get element", "status": "broken", "statusDetails": {"message": "selenium.common.exceptions.TimeoutException: Message: \nStacktrace:\n\tGetHandleVerifier [0x0052F653+11395]\n\t(No symbol) [0x0050B7A4]\n\t(No symbol) [0x00451A43]\n\t(No symbol) [0x004956C8]\n\t(No symbol) [0x004958AB]\n\t(No symbol) [0x004D26A2]\n\t(No symbol) [0x004B71E4]\n\t(No symbol) [0x004D03DC]\n\t(No symbol) [0x004B6F36]\n\t(No symbol) [0x0048A276]\n\t(No symbol) [0x0048AECD]\n\tGetHandleVerifier [0x00632403+1071667]\n\tGetHandleVerifier [0x0063C9C4+1114100]\n\tGetHandleVerifier [0x006354B2+1084130]\n\tGetHandleVerifier [0x0055013B+145259]\n\t(No symbol) [0x00511693]\n\t(No symbol) [0x0050EFB8]\n\t(No symbol) [0x0050F157]\n\t(No symbol) [0x0050842E]\n\tBaseThreadInitThunk [0x76637BA9+25]\n\tRtlInitializeExceptionChain [0x7782C10B+107]\n\tRtlClearBits [0x7782C08F+191]\n\n", "trace": "  File \"D:\\PycharmProjects\\Alza_diplom\\pages\\base_page.py\", line 20, in get_element\n    element = WebDriverWait(self.driver, 10).until(EC.element_to_be_clickable(locator))\n              ^^^^^^^^^^^^^^^^^^^^^^^^^^^^^^^^^^^^^^^^^^^^^^^^^^^^^^^^^^^^^^^^^^^^^^^^^\n  File \"D:\\PycharmProjects\\Alza_diplom\\.venv\\Lib\\site-packages\\selenium\\webdriver\\support\\wait.py\", line 105, in until\n    raise TimeoutException(message, screen, stacktrace)\n"}, "start": 1722093415990, "stop": 1722093426253}], "start": 1722093415990, "stop": 1722093426254}], "start": 1722093415990, "stop": 1722093426255}], "start": 1722093409629, "stop": 1722093426256, "uuid": "a250be62-8b91-437d-813a-d5e3b4d820d4", "historyId": "167543466f6937bc6655cde59361c391", "testCaseId": "167543466f6937bc6655cde59361c391", "fullName": "tests.test_basket#test_plus_button", "labels": [{"name": "feature", "value": "Basket"}, {"name": "parentSuite", "value": "tests"}, {"name": "suite", "value": "test_basket"}, {"name": "host", "value": "arret"}, {"name": "thread", "value": "8232-MainThread"}, {"name": "framework", "value": "pytest"}, {"name": "language", "value": "cpython3"}, {"name": "package", "value": "tests.test_basket"}]}